Reason: limit reached
Count Seen: 2000000
Count Taken: 1384400
Count Correct: 1707632
Count Replaced: 59235
Count Missed: 59491
percentage correct: 85.3816
percentage missed: 2.97455
BTB size is : 256
BTB entry: 0;1;3
BTB entry: 1;1;10
BTB entry: 2;1;10
BTB entry: 3;1;21
BTB entry: 4;1;9
BTB entry: 5;1;6
BTB entry: 6;1;9838
BTB entry: 7;1;20
BTB entry: 8;1;34
BTB entry: 9;1;11
BTB entry: 10;1;16
BTB entry: 11;1;5
BTB entry: 12;1;7
BTB entry: 13;1;8
BTB entry: 14;1;13
BTB entry: 15;1;2
BTB entry: 16;1;8
BTB entry: 17;1;7
BTB entry: 18;1;36
BTB entry: 19;1;15
BTB entry: 20;1;16
BTB entry: 21;1;36
BTB entry: 22;1;21
BTB entry: 23;1;7
BTB entry: 24;1;33
BTB entry: 25;1;3
BTB entry: 26;1;10
BTB entry: 27;1;37
BTB entry: 28;1;12
BTB entry: 29;1;15
BTB entry: 30;1;20
BTB entry: 31;1;12
BTB entry: 32;1;2
BTB entry: 33;1;9
BTB entry: 34;1;9
BTB entry: 35;1;17
BTB entry: 36;1;7
BTB entry: 37;1;18
BTB entry: 38;1;16
BTB entry: 39;1;16
BTB entry: 40;1;26
BTB entry: 41;1;27
BTB entry: 42;1;657
BTB entry: 43;1;17
BTB entry: 44;1;8
BTB entry: 45;1;7
BTB entry: 46;1;5
BTB entry: 47;1;14
BTB entry: 48;1;6
BTB entry: 49;1;11
BTB entry: 50;1;11
BTB entry: 51;1;13
BTB entry: 52;1;31
BTB entry: 53;1;239
BTB entry: 54;1;17
BTB entry: 55;1;7
BTB entry: 56;1;630
BTB entry: 57;1;11
BTB entry: 58;1;17
BTB entry: 59;1;4
BTB entry: 60;1;13
BTB entry: 61;1;8
BTB entry: 62;1;13
BTB entry: 63;1;16
BTB entry: 64;1;10
BTB entry: 65;1;45
BTB entry: 66;1;4
BTB entry: 67;1;9
BTB entry: 68;1;24
BTB entry: 69;1;16
BTB entry: 70;1;248
BTB entry: 71;1;5
BTB entry: 72;1;20
BTB entry: 73;1;8
BTB entry: 74;1;416
BTB entry: 75;1;17
BTB entry: 76;1;8
BTB entry: 77;1;9
BTB entry: 78;1;7
BTB entry: 79;1;22
BTB entry: 80;1;29
BTB entry: 81;1;9
BTB entry: 82;1;4
BTB entry: 83;1;29
BTB entry: 84;1;5
BTB entry: 85;1;8
BTB entry: 86;1;17
BTB entry: 87;1;211
BTB entry: 88;1;11
BTB entry: 89;1;14
BTB entry: 90;1;16
BTB entry: 91;1;26
BTB entry: 92;1;407
BTB entry: 93;1;14
BTB entry: 94;1;50
BTB entry: 95;1;9
BTB entry: 96;1;23
BTB entry: 97;1;206
BTB entry: 98;1;8
BTB entry: 99;1;24
BTB entry: 100;1;16
BTB entry: 101;1;15
BTB entry: 102;1;4
BTB entry: 103;1;7
BTB entry: 104;1;17
BTB entry: 105;1;12
BTB entry: 106;1;16
BTB entry: 107;1;14
BTB entry: 108;1;5
BTB entry: 109;1;5
BTB entry: 110;1;8
BTB entry: 111;1;9
BTB entry: 112;1;25
BTB entry: 113;1;7
BTB entry: 114;1;22
BTB entry: 115;1;3
BTB entry: 116;1;11
BTB entry: 117;1;7
BTB entry: 118;1;12
BTB entry: 119;1;232
BTB entry: 120;1;52
BTB entry: 121;1;6
BTB entry: 122;1;4
BTB entry: 123;1;10
BTB entry: 124;1;12
BTB entry: 125;1;13
BTB entry: 126;1;13
BTB entry: 127;1;53
BTB entry: 128;1;213
BTB entry: 129;1;4
BTB entry: 130;1;8
BTB entry: 131;1;11
BTB entry: 132;1;4
BTB entry: 133;1;31
BTB entry: 134;1;22
BTB entry: 135;1;22
BTB entry: 136;1;13
BTB entry: 137;1;30
BTB entry: 138;1;40
BTB entry: 139;1;9
BTB entry: 140;1;150
BTB entry: 141;1;12061
BTB entry: 142;1;30
BTB entry: 143;1;4
BTB entry: 144;1;22
BTB entry: 145;1;34
BTB entry: 146;1;8
BTB entry: 147;1;14
BTB entry: 148;1;120
BTB entry: 149;1;15
BTB entry: 150;1;5
BTB entry: 151;1;2
BTB entry: 152;1;8
BTB entry: 153;1;15
BTB entry: 154;1;25
BTB entry: 155;1;10
BTB entry: 156;1;6
BTB entry: 157;1;13
BTB entry: 158;1;9451
BTB entry: 159;1;8
BTB entry: 160;1;143
BTB entry: 161;1;4942
BTB entry: 162;1;253
BTB entry: 163;1;13
BTB entry: 164;1;23
BTB entry: 165;1;6
BTB entry: 166;1;12
BTB entry: 167;1;5
BTB entry: 168;1;9802
BTB entry: 169;1;8
BTB entry: 170;1;42
BTB entry: 171;1;11
BTB entry: 172;1;4
BTB entry: 173;1;19
BTB entry: 174;1;15
BTB entry: 175;1;28
BTB entry: 176;1;37
BTB entry: 177;1;201
BTB entry: 178;1;13
BTB entry: 179;1;36
BTB entry: 180;1;15
BTB entry: 181;1;32
BTB entry: 182;1;23
BTB entry: 183;1;13
BTB entry: 184;1;10
BTB entry: 185;1;10
BTB entry: 186;1;6
BTB entry: 187;1;5
BTB entry: 188;1;11
BTB entry: 189;1;8
BTB entry: 190;1;95
BTB entry: 191;1;26
BTB entry: 192;1;24
BTB entry: 193;1;5
BTB entry: 194;1;5
BTB entry: 195;1;19
BTB entry: 196;1;7
BTB entry: 197;1;4
BTB entry: 198;1;10
BTB entry: 199;1;7
BTB entry: 200;1;11
BTB entry: 201;1;217
BTB entry: 202;1;13
BTB entry: 203;1;640
BTB entry: 204;1;8
BTB entry: 205;1;10
BTB entry: 206;1;9
BTB entry: 207;1;225
BTB entry: 208;1;24
BTB entry: 209;1;2930
BTB entry: 210;1;10
BTB entry: 211;1;32
BTB entry: 212;1;15
BTB entry: 213;1;12
BTB entry: 214;1;7
BTB entry: 215;1;2
BTB entry: 216;1;59
BTB entry: 217;1;6
BTB entry: 218;1;14
BTB entry: 219;1;23
BTB entry: 220;1;13
BTB entry: 221;1;11
BTB entry: 222;1;15
BTB entry: 223;1;11
BTB entry: 224;1;24
BTB entry: 225;1;6
BTB entry: 226;1;18
BTB entry: 227;1;13
BTB entry: 228;1;664
BTB entry: 229;1;8
BTB entry: 230;1;9
BTB entry: 231;1;4
BTB entry: 232;1;16
BTB entry: 233;1;41
BTB entry: 234;1;13
BTB entry: 235;1;16
BTB entry: 236;1;34
BTB entry: 237;1;9
BTB entry: 238;1;13
BTB entry: 239;1;18
BTB entry: 240;1;13
BTB entry: 241;1;3
BTB entry: 242;1;18
BTB entry: 243;1;25
BTB entry: 244;1;7
BTB entry: 245;1;3
BTB entry: 246;1;17
BTB entry: 247;1;7
BTB entry: 248;1;634
BTB entry: 249;1;5
BTB entry: 250;1;72
BTB entry: 251;1;16
BTB entry: 252;1;7
BTB entry: 253;1;2
BTB entry: 254;1;13
BTB entry: 255;1;13
