Reason: limit reached
Count Seen: 2000000
Count Taken: 1380988
Count Correct: 1700573
Count Replaced: 122567
Count Missed: 122823
percentage correct: 85.0286
percentage missed: 6.14115
BTB size is : 256
BTB entry: 0;1;23
BTB entry: 1;1;40
BTB entry: 2;1;27
BTB entry: 3;1;228
BTB entry: 4;1;25
BTB entry: 5;1;15
BTB entry: 6;1;206
BTB entry: 7;1;70
BTB entry: 8;1;46
BTB entry: 9;1;147
BTB entry: 10;1;224
BTB entry: 11;1;46
BTB entry: 12;1;27
BTB entry: 13;1;12
BTB entry: 14;1;24
BTB entry: 15;1;48
BTB entry: 16;1;90
BTB entry: 17;1;21
BTB entry: 18;1;74
BTB entry: 19;1;24
BTB entry: 20;1;55
BTB entry: 21;1;37
BTB entry: 22;1;1738
BTB entry: 23;1;1165
BTB entry: 24;1;63
BTB entry: 25;1;18
BTB entry: 26;1;19
BTB entry: 27;1;125
BTB entry: 28;1;28
BTB entry: 29;1;2074
BTB entry: 30;1;240
BTB entry: 31;1;2545
BTB entry: 32;1;2528
BTB entry: 33;1;34
BTB entry: 34;1;199
BTB entry: 35;1;250
BTB entry: 36;1;37
BTB entry: 37;1;12
BTB entry: 38;1;25
BTB entry: 39;1;23
BTB entry: 40;1;36
BTB entry: 41;1;85
BTB entry: 42;1;1515
BTB entry: 43;1;19
BTB entry: 44;1;8
BTB entry: 45;1;1928
BTB entry: 46;1;7
BTB entry: 47;1;37
BTB entry: 48;1;17
BTB entry: 49;1;2749
BTB entry: 50;1;850
BTB entry: 51;1;58
BTB entry: 52;1;588
BTB entry: 53;1;39
BTB entry: 54;1;42
BTB entry: 55;1;81
BTB entry: 56;1;25
BTB entry: 57;1;42
BTB entry: 58;1;56
BTB entry: 59;1;61
BTB entry: 60;1;203
BTB entry: 61;1;24
BTB entry: 62;1;544
BTB entry: 63;1;1421
BTB entry: 64;1;288
BTB entry: 65;1;15244
BTB entry: 66;1;35
BTB entry: 67;1;70
BTB entry: 68;1;106
BTB entry: 69;1;60
BTB entry: 70;1;262
BTB entry: 71;1;10
BTB entry: 72;1;1413
BTB entry: 73;1;1555
BTB entry: 74;1;291
BTB entry: 75;1;17
BTB entry: 76;1;44
BTB entry: 77;1;49
BTB entry: 78;1;731
BTB entry: 79;1;12
BTB entry: 80;1;383
BTB entry: 81;1;34
BTB entry: 82;1;195
BTB entry: 83;1;1725
BTB entry: 84;1;13
BTB entry: 85;1;221
BTB entry: 86;1;15
BTB entry: 87;1;15
BTB entry: 88;1;46
BTB entry: 89;1;256
BTB entry: 90;1;137
BTB entry: 91;1;64
BTB entry: 92;1;503
BTB entry: 93;1;24
BTB entry: 94;1;57
BTB entry: 95;1;1488
BTB entry: 96;1;27
BTB entry: 97;1;201
BTB entry: 98;1;24
BTB entry: 99;1;29
BTB entry: 100;1;93
BTB entry: 101;1;1774
BTB entry: 102;1;10
BTB entry: 103;1;43
BTB entry: 104;1;52
BTB entry: 105;1;61
BTB entry: 106;1;265
BTB entry: 107;1;49
BTB entry: 108;1;1084
BTB entry: 109;1;256
BTB entry: 110;1;12
BTB entry: 111;1;79
BTB entry: 112;1;2193
BTB entry: 113;1;40
BTB entry: 114;1;1760
BTB entry: 115;1;14
BTB entry: 116;1;73
BTB entry: 117;1;51
BTB entry: 118;1;18
BTB entry: 119;1;75
BTB entry: 120;1;304
BTB entry: 121;1;15
BTB entry: 122;1;21
BTB entry: 123;1;40
BTB entry: 124;1;212
BTB entry: 125;1;21
BTB entry: 126;1;28
BTB entry: 127;1;49
BTB entry: 128;1;647
BTB entry: 129;1;42
BTB entry: 130;1;65
BTB entry: 131;1;25
BTB entry: 132;1;34
BTB entry: 133;1;742
BTB entry: 134;1;27
BTB entry: 135;1;126
BTB entry: 136;1;1663
BTB entry: 137;1;214
BTB entry: 138;1;667
BTB entry: 139;1;22
BTB entry: 140;1;757
BTB entry: 141;1;28
BTB entry: 142;1;55
BTB entry: 143;1;9
BTB entry: 144;1;61
BTB entry: 145;1;61
BTB entry: 146;1;248
BTB entry: 147;1;222
BTB entry: 148;1;141
BTB entry: 149;1;22
BTB entry: 150;1;38
BTB entry: 151;1;1379
BTB entry: 152;1;12
BTB entry: 153;1;235
BTB entry: 154;1;60
BTB entry: 155;1;272
BTB entry: 156;1;21
BTB entry: 157;1;34
BTB entry: 158;1;114
BTB entry: 159;1;319
BTB entry: 160;1;142
BTB entry: 161;1;228
BTB entry: 162;1;499
BTB entry: 163;1;253
BTB entry: 164;1;89
BTB entry: 165;1;13
BTB entry: 166;1;66
BTB entry: 167;1;51
BTB entry: 168;1;1727
BTB entry: 169;1;29
BTB entry: 170;1;1230
BTB entry: 171;1;57
BTB entry: 172;1;292
BTB entry: 173;1;13
BTB entry: 174;1;53
BTB entry: 175;1;1825
BTB entry: 176;1;84
BTB entry: 177;1;40
BTB entry: 178;1;24
BTB entry: 179;1;219
BTB entry: 180;1;14
BTB entry: 181;1;57
BTB entry: 182;1;363
BTB entry: 183;1;147
BTB entry: 184;1;3243
BTB entry: 185;1;47
BTB entry: 186;1;73
BTB entry: 187;1;9
BTB entry: 188;1;18
BTB entry: 189;1;45
BTB entry: 190;1;5960
BTB entry: 191;1;25
BTB entry: 192;1;1869
BTB entry: 193;1;23
BTB entry: 194;1;23
BTB entry: 195;1;38
BTB entry: 196;1;59
BTB entry: 197;1;9
BTB entry: 198;1;59
BTB entry: 199;1;10
BTB entry: 200;1;355
BTB entry: 201;1;30
BTB entry: 202;1;56
BTB entry: 203;1;1917
BTB entry: 204;1;213
BTB entry: 205;1;42
BTB entry: 206;1;51
BTB entry: 207;1;47
BTB entry: 208;1;1905
BTB entry: 209;1;43
BTB entry: 210;1;236
BTB entry: 211;1;31
BTB entry: 212;1;39
BTB entry: 213;1;71
BTB entry: 214;1;45
BTB entry: 215;1;1743
BTB entry: 216;1;27
BTB entry: 217;1;9
BTB entry: 218;1;76
BTB entry: 219;1;69
BTB entry: 220;1;19
BTB entry: 221;1;1879
BTB entry: 222;1;3025
BTB entry: 223;1;158
BTB entry: 224;1;194
BTB entry: 225;1;53
BTB entry: 226;1;1763
BTB entry: 227;1;48
BTB entry: 228;1;1675
BTB entry: 229;1;262
BTB entry: 230;1;11
BTB entry: 231;1;32
BTB entry: 232;1;42
BTB entry: 233;1;2787
BTB entry: 234;1;3097
BTB entry: 235;1;32
BTB entry: 236;1;38
BTB entry: 237;1;430
BTB entry: 238;1;1526
BTB entry: 239;1;60
BTB entry: 240;1;1035
BTB entry: 241;1;32
BTB entry: 242;1;68
BTB entry: 243;1;1782
BTB entry: 244;1;24
BTB entry: 245;1;13
BTB entry: 246;1;66
BTB entry: 247;1;9
BTB entry: 248;1;1793
BTB entry: 249;1;51
BTB entry: 250;1;5186
BTB entry: 251;1;209
BTB entry: 252;1;85
BTB entry: 253;1;1588
BTB entry: 254;1;24
BTB entry: 255;1;1676
