Reason: limit reached
Count Seen: 2000000
Count Taken: 1110830
Count Correct: 1971968
Count Replaced: 5297
Count Missed: 5552
percentage correct: 98.5984
percentage missed: 0.2776
BTB size is : 256
BTB entry: 0;1;1
BTB entry: 1;1;2
BTB entry: 2;1;5
BTB entry: 3;1;4
BTB entry: 4;1;0
BTB entry: 5;1;2
BTB entry: 6;1;7
BTB entry: 7;1;16
BTB entry: 8;1;9
BTB entry: 9;1;1
BTB entry: 10;1;12
BTB entry: 11;1;1
BTB entry: 12;1;0
BTB entry: 13;1;2
BTB entry: 14;1;3
BTB entry: 15;1;0
BTB entry: 16;1;5
BTB entry: 17;1;3
BTB entry: 18;1;19
BTB entry: 19;1;5
BTB entry: 20;1;4
BTB entry: 21;1;25
BTB entry: 22;1;4
BTB entry: 23;1;2
BTB entry: 24;1;9
BTB entry: 25;1;2
BTB entry: 26;1;3
BTB entry: 27;1;9
BTB entry: 28;1;4
BTB entry: 29;1;4
BTB entry: 30;1;17
BTB entry: 31;1;6
BTB entry: 32;1;90
BTB entry: 33;1;6
BTB entry: 34;1;3
BTB entry: 35;1;9
BTB entry: 36;1;5
BTB entry: 37;1;8
BTB entry: 38;1;4
BTB entry: 39;1;1
BTB entry: 40;1;2
BTB entry: 41;1;2
BTB entry: 42;1;7
BTB entry: 43;1;9
BTB entry: 44;1;1
BTB entry: 45;1;94
BTB entry: 46;1;2
BTB entry: 47;1;3
BTB entry: 48;1;6
BTB entry: 49;1;3
BTB entry: 50;1;1
BTB entry: 51;1;9
BTB entry: 52;1;14
BTB entry: 53;1;13
BTB entry: 54;1;9
BTB entry: 55;1;1
BTB entry: 56;1;2
BTB entry: 57;1;4
BTB entry: 58;1;11
BTB entry: 59;1;3
BTB entry: 60;1;93
BTB entry: 61;1;6
BTB entry: 62;1;5
BTB entry: 63;1;13
BTB entry: 64;1;9
BTB entry: 65;1;11
BTB entry: 66;1;2
BTB entry: 67;1;3
BTB entry: 68;1;19
BTB entry: 69;1;99
BTB entry: 70;1;199
BTB entry: 71;1;3
BTB entry: 72;1;4
BTB entry: 73;1;4
BTB entry: 74;1;9
BTB entry: 75;1;0
BTB entry: 76;1;4
BTB entry: 77;1;6
BTB entry: 78;1;4
BTB entry: 79;1;10
BTB entry: 80;1;16
BTB entry: 81;1;5
BTB entry: 82;1;2
BTB entry: 83;1;0
BTB entry: 84;1;1
BTB entry: 85;1;2
BTB entry: 86;1;4
BTB entry: 87;1;93
BTB entry: 88;1;5
BTB entry: 89;1;5
BTB entry: 90;1;11
BTB entry: 91;1;13
BTB entry: 92;1;0
BTB entry: 93;1;5
BTB entry: 94;1;5
BTB entry: 95;1;8
BTB entry: 96;1;11
BTB entry: 97;1;3
BTB entry: 98;1;3
BTB entry: 99;1;1
BTB entry: 100;1;6
BTB entry: 101;1;4
BTB entry: 102;1;3
BTB entry: 103;1;1
BTB entry: 104;1;7
BTB entry: 105;1;5
BTB entry: 106;1;2
BTB entry: 107;1;5
BTB entry: 108;1;2
BTB entry: 109;1;3
BTB entry: 110;1;5
BTB entry: 111;1;3
BTB entry: 112;1;6
BTB entry: 113;1;5
BTB entry: 114;1;187
BTB entry: 115;1;2
BTB entry: 116;1;6
BTB entry: 117;1;3
BTB entry: 118;1;3
BTB entry: 119;1;2
BTB entry: 120;1;0
BTB entry: 121;1;4
BTB entry: 122;1;0
BTB entry: 123;1;5
BTB entry: 124;1;9
BTB entry: 125;1;3
BTB entry: 126;1;6
BTB entry: 127;1;32
BTB entry: 128;1;3
BTB entry: 129;1;0
BTB entry: 130;1;3
BTB entry: 131;1;0
BTB entry: 132;1;6
BTB entry: 133;1;1
BTB entry: 134;1;11
BTB entry: 135;1;2625
BTB entry: 136;1;2
BTB entry: 137;1;8
BTB entry: 138;1;16
BTB entry: 139;1;5
BTB entry: 140;1;7
BTB entry: 141;1;3
BTB entry: 142;1;15
BTB entry: 143;1;3
BTB entry: 144;1;14
BTB entry: 145;1;7
BTB entry: 146;1;3
BTB entry: 147;1;3
BTB entry: 148;1;50
BTB entry: 149;1;2
BTB entry: 150;1;1
BTB entry: 151;1;1
BTB entry: 152;1;1
BTB entry: 153;1;9
BTB entry: 154;1;7
BTB entry: 155;1;4
BTB entry: 156;1;5
BTB entry: 157;1;8
BTB entry: 158;1;21
BTB entry: 159;1;9
BTB entry: 160;1;2
BTB entry: 161;1;9
BTB entry: 162;1;209
BTB entry: 163;1;7
BTB entry: 164;1;8
BTB entry: 165;1;1
BTB entry: 166;1;7
BTB entry: 167;1;2
BTB entry: 168;1;13
BTB entry: 169;1;3
BTB entry: 170;1;10
BTB entry: 171;1;5
BTB entry: 172;1;2
BTB entry: 173;1;10
BTB entry: 174;1;4
BTB entry: 175;1;12
BTB entry: 176;1;21
BTB entry: 177;0;0
BTB entry: 178;1;4
BTB entry: 179;1;7
BTB entry: 180;1;2
BTB entry: 181;1;13
BTB entry: 182;1;21
BTB entry: 183;1;6
BTB entry: 184;1;4
BTB entry: 185;1;4
BTB entry: 186;1;2
BTB entry: 187;1;1
BTB entry: 188;1;9
BTB entry: 189;1;3
BTB entry: 190;1;27
BTB entry: 191;1;19
BTB entry: 192;1;10
BTB entry: 193;1;4
BTB entry: 194;1;3
BTB entry: 195;1;7
BTB entry: 196;1;5
BTB entry: 197;1;2
BTB entry: 198;1;7
BTB entry: 199;1;2
BTB entry: 200;1;6
BTB entry: 201;1;2
BTB entry: 202;1;100
BTB entry: 203;1;11
BTB entry: 204;1;4
BTB entry: 205;1;7
BTB entry: 206;1;7
BTB entry: 207;1;6
BTB entry: 208;1;18
BTB entry: 209;1;1
BTB entry: 210;1;4
BTB entry: 211;1;12
BTB entry: 212;1;3
BTB entry: 213;1;3
BTB entry: 214;1;6
BTB entry: 215;1;2
BTB entry: 216;1;7
BTB entry: 217;1;5
BTB entry: 218;1;6
BTB entry: 219;1;19
BTB entry: 220;1;7
BTB entry: 221;1;9
BTB entry: 222;1;9
BTB entry: 223;1;5
BTB entry: 224;1;14
BTB entry: 225;1;0
BTB entry: 226;1;2
BTB entry: 227;1;12
BTB entry: 228;1;3
BTB entry: 229;1;4
BTB entry: 230;1;2
BTB entry: 231;1;2
BTB entry: 232;1;6
BTB entry: 233;1;12
BTB entry: 234;1;2
BTB entry: 235;1;7
BTB entry: 236;1;1
BTB entry: 237;1;2
BTB entry: 238;1;8
BTB entry: 239;1;14
BTB entry: 240;1;5
BTB entry: 241;1;0
BTB entry: 242;1;7
BTB entry: 243;1;2
BTB entry: 244;1;5
BTB entry: 245;1;0
BTB entry: 246;1;6
BTB entry: 247;1;2
BTB entry: 248;1;3
BTB entry: 249;1;2
BTB entry: 250;1;26
BTB entry: 251;1;6
BTB entry: 252;1;6
BTB entry: 253;1;1
BTB entry: 254;1;8
BTB entry: 255;1;5
