Reason: limit reached
Count Seen: 2000000
Count Taken: 1158280
Count Correct: 1624301
Count Replaced: 145143
Count Missed: 145399
percentage correct: 81.215
percentage missed: 7.26995
BTB size is : 256
BTB entry: 0;1;1065
BTB entry: 1;1;35
BTB entry: 2;1;144
BTB entry: 3;1;79
BTB entry: 4;1;46
BTB entry: 5;1;2107
BTB entry: 6;1;41
BTB entry: 7;1;166
BTB entry: 8;1;17
BTB entry: 9;1;3697
BTB entry: 10;1;321
BTB entry: 11;1;52
BTB entry: 12;1;1503
BTB entry: 13;1;47
BTB entry: 14;1;11
BTB entry: 15;1;750
BTB entry: 16;1;2606
BTB entry: 17;1;51
BTB entry: 18;1;144
BTB entry: 19;1;64
BTB entry: 20;1;50
BTB entry: 21;1;1270
BTB entry: 22;1;387
BTB entry: 23;1;104
BTB entry: 24;1;26
BTB entry: 25;1;202
BTB entry: 26;1;6
BTB entry: 27;1;64
BTB entry: 28;1;48
BTB entry: 29;1;34
BTB entry: 30;1;94
BTB entry: 31;1;40
BTB entry: 32;1;774
BTB entry: 33;1;54
BTB entry: 34;1;640
BTB entry: 35;1;43
BTB entry: 36;1;105
BTB entry: 37;1;1256
BTB entry: 38;1;44
BTB entry: 39;1;101
BTB entry: 40;1;96
BTB entry: 41;1;79
BTB entry: 42;1;90
BTB entry: 43;1;295
BTB entry: 44;1;141
BTB entry: 45;1;423
BTB entry: 46;1;80
BTB entry: 47;1;156
BTB entry: 48;1;49
BTB entry: 49;1;1347
BTB entry: 50;1;831
BTB entry: 51;1;2241
BTB entry: 52;1;196
BTB entry: 53;1;363
BTB entry: 54;1;69
BTB entry: 55;1;1130
BTB entry: 56;1;67
BTB entry: 57;1;33
BTB entry: 58;1;162
BTB entry: 59;1;2575
BTB entry: 60;1;125
BTB entry: 61;1;2162
BTB entry: 62;1;1278
BTB entry: 63;1;20
BTB entry: 64;1;115
BTB entry: 65;1;522
BTB entry: 66;1;129
BTB entry: 67;1;3208
BTB entry: 68;1;25
BTB entry: 69;1;1023
BTB entry: 70;1;461
BTB entry: 71;1;512
BTB entry: 72;1;49
BTB entry: 73;1;1163
BTB entry: 74;1;4112
BTB entry: 75;1;273
BTB entry: 76;1;187
BTB entry: 77;1;11
BTB entry: 78;1;533
BTB entry: 79;1;22
BTB entry: 80;1;467
BTB entry: 81;1;49
BTB entry: 82;1;313
BTB entry: 83;1;10
BTB entry: 84;1;19
BTB entry: 85;1;77
BTB entry: 86;1;397
BTB entry: 87;1;53
BTB entry: 88;1;82
BTB entry: 89;1;149
BTB entry: 90;1;135
BTB entry: 91;1;265
BTB entry: 92;1;195
BTB entry: 93;1;561
BTB entry: 94;1;17
BTB entry: 95;1;70
BTB entry: 96;1;1761
BTB entry: 97;1;353
BTB entry: 98;1;349
BTB entry: 99;1;125
BTB entry: 100;1;223
BTB entry: 101;1;1772
BTB entry: 102;1;167
BTB entry: 103;1;843
BTB entry: 104;1;335
BTB entry: 105;1;52
BTB entry: 106;1;165
BTB entry: 107;1;5223
BTB entry: 108;1;265
BTB entry: 109;1;1961
BTB entry: 110;1;79
BTB entry: 111;1;84
BTB entry: 112;1;1958
BTB entry: 113;1;8
BTB entry: 114;1;23
BTB entry: 115;1;1291
BTB entry: 116;1;1367
BTB entry: 117;1;71
BTB entry: 118;1;34
BTB entry: 119;1;12195
BTB entry: 120;1;198
BTB entry: 121;1;86
BTB entry: 122;1;196
BTB entry: 123;1;34
BTB entry: 124;1;64
BTB entry: 125;1;1151
BTB entry: 126;1;160
BTB entry: 127;1;83
BTB entry: 128;1;188
BTB entry: 129;1;128
BTB entry: 130;1;165
BTB entry: 131;1;197
BTB entry: 132;1;933
BTB entry: 133;1;61
BTB entry: 134;1;108
BTB entry: 135;1;28
BTB entry: 136;1;1207
BTB entry: 137;1;270
BTB entry: 138;1;159
BTB entry: 139;1;12
BTB entry: 140;1;209
BTB entry: 141;1;1839
BTB entry: 142;1;153
BTB entry: 143;1;158
BTB entry: 144;1;453
BTB entry: 145;1;122
BTB entry: 146;1;15
BTB entry: 147;1;517
BTB entry: 148;1;2699
BTB entry: 149;1;11
BTB entry: 150;1;9
BTB entry: 151;1;37
BTB entry: 152;1;2016
BTB entry: 153;1;64
BTB entry: 154;1;876
BTB entry: 155;1;562
BTB entry: 156;1;92
BTB entry: 157;1;1362
BTB entry: 158;1;28
BTB entry: 159;1;736
BTB entry: 160;1;942
BTB entry: 161;1;25
BTB entry: 162;1;566
BTB entry: 163;1;3499
BTB entry: 164;1;59
BTB entry: 165;1;19
BTB entry: 166;1;73
BTB entry: 167;1;57
BTB entry: 168;1;366
BTB entry: 169;1;127
BTB entry: 170;1;415
BTB entry: 171;1;2179
BTB entry: 172;1;10
BTB entry: 173;1;14
BTB entry: 174;1;175
BTB entry: 175;1;1720
BTB entry: 176;1;471
BTB entry: 177;1;325
BTB entry: 178;1;4006
BTB entry: 179;1;322
BTB entry: 180;1;7
BTB entry: 181;1;172
BTB entry: 182;1;131
BTB entry: 183;1;172
BTB entry: 184;1;128
BTB entry: 185;1;3477
BTB entry: 186;1;9
BTB entry: 187;1;187
BTB entry: 188;1;38
BTB entry: 189;1;19
BTB entry: 190;1;604
BTB entry: 191;1;107
BTB entry: 192;1;767
BTB entry: 193;1;555
BTB entry: 194;1;248
BTB entry: 195;1;175
BTB entry: 196;1;34
BTB entry: 197;1;12
BTB entry: 198;1;101
BTB entry: 199;1;458
BTB entry: 200;1;492
BTB entry: 201;1;511
BTB entry: 202;1;417
BTB entry: 203;1;21
BTB entry: 204;1;29
BTB entry: 205;1;11
BTB entry: 206;1;2128
BTB entry: 207;1;557
BTB entry: 208;1;240
BTB entry: 209;1;555
BTB entry: 210;1;3374
BTB entry: 211;1;20
BTB entry: 212;1;109
BTB entry: 213;1;23
BTB entry: 214;1;286
BTB entry: 215;1;1106
BTB entry: 216;1;15
BTB entry: 217;1;272
BTB entry: 218;1;110
BTB entry: 219;1;66
BTB entry: 220;1;224
BTB entry: 221;1;219
BTB entry: 222;1;30
BTB entry: 223;1;572
BTB entry: 224;1;349
BTB entry: 225;1;862
BTB entry: 226;1;260
BTB entry: 227;1;287
BTB entry: 228;1;327
BTB entry: 229;1;34
BTB entry: 230;1;97
BTB entry: 231;1;7
BTB entry: 232;1;983
BTB entry: 233;1;411
BTB entry: 234;1;142
BTB entry: 235;1;79
BTB entry: 236;1;157
BTB entry: 237;1;547
BTB entry: 238;1;23
BTB entry: 239;1;26
BTB entry: 240;1;90
BTB entry: 241;1;265
BTB entry: 242;1;6791
BTB entry: 243;1;20
BTB entry: 244;1;379
BTB entry: 245;1;13
BTB entry: 246;1;201
BTB entry: 247;1;234
BTB entry: 248;1;245
BTB entry: 249;1;1056
BTB entry: 250;1;351
BTB entry: 251;1;85
BTB entry: 252;1;392
BTB entry: 253;1;92
BTB entry: 254;1;569
BTB entry: 255;1;21
