Reason: limit reached
Count Seen: 2000000
Count Taken: 1158280
Count Correct: 1388816
Count Replaced: 9094
Count Missed: 11605
percentage correct: 69.4408
percentage missed: 0.58025
BTB size is : 4096
BTB entry: 0;1;0
BTB entry: 1;0;0
BTB entry: 2;0;0
BTB entry: 3;0;0
BTB entry: 4;0;0
BTB entry: 5;1;0
BTB entry: 6;1;0
BTB entry: 7;1;5
BTB entry: 8;1;2
BTB entry: 9;1;0
BTB entry: 10;0;0
BTB entry: 11;0;0
BTB entry: 12;1;0
BTB entry: 13;0;0
BTB entry: 14;1;0
BTB entry: 15;1;0
BTB entry: 16;1;0
BTB entry: 17;0;0
BTB entry: 18;0;0
BTB entry: 19;1;1
BTB entry: 20;1;2
BTB entry: 21;0;0
BTB entry: 22;1;1
BTB entry: 23;1;0
BTB entry: 24;1;0
BTB entry: 25;1;0
BTB entry: 26;0;0
BTB entry: 27;1;1
BTB entry: 28;1;0
BTB entry: 29;0;0
BTB entry: 30;0;0
BTB entry: 31;1;1
BTB entry: 32;1;0
BTB entry: 33;1;0
BTB entry: 34;1;0
BTB entry: 35;1;0
BTB entry: 36;1;0
BTB entry: 37;1;1
BTB entry: 38;1;1
BTB entry: 39;1;0
BTB entry: 40;1;0
BTB entry: 41;0;0
BTB entry: 42;0;0
BTB entry: 43;0;0
BTB entry: 44;1;0
BTB entry: 45;0;0
BTB entry: 46;0;0
BTB entry: 47;0;0
BTB entry: 48;1;1
BTB entry: 49;1;0
BTB entry: 50;0;0
BTB entry: 51;1;1
BTB entry: 52;1;1
BTB entry: 53;0;0
BTB entry: 54;0;0
BTB entry: 55;0;0
BTB entry: 56;1;0
BTB entry: 57;1;2
BTB entry: 58;0;0
BTB entry: 59;0;0
BTB entry: 60;0;0
BTB entry: 61;1;0
BTB entry: 62;0;0
BTB entry: 63;1;0
BTB entry: 64;0;0
BTB entry: 65;1;0
BTB entry: 66;0;0
BTB entry: 67;0;0
BTB entry: 68;0;0
BTB entry: 69;1;0
BTB entry: 70;1;0
BTB entry: 71;0;0
BTB entry: 72;0;0
BTB entry: 73;0;0
BTB entry: 74;1;0
BTB entry: 75;0;0
BTB entry: 76;1;0
BTB entry: 77;0;0
BTB entry: 78;0;0
BTB entry: 79;0;0
BTB entry: 80;0;0
BTB entry: 81;0;0
BTB entry: 82;1;0
BTB entry: 83;0;0
BTB entry: 84;1;0
BTB entry: 85;0;0
BTB entry: 86;1;0
BTB entry: 87;1;0
BTB entry: 88;0;0
BTB entry: 89;1;0
BTB entry: 90;0;0
BTB entry: 91;1;0
BTB entry: 92;1;2
BTB entry: 93;0;0
BTB entry: 94;1;0
BTB entry: 95;0;0
BTB entry: 96;1;1
BTB entry: 97;0;0
BTB entry: 98;1;0
BTB entry: 99;0;0
BTB entry: 100;0;0
BTB entry: 101;0;0
BTB entry: 102;1;0
BTB entry: 103;0;0
BTB entry: 104;1;0
BTB entry: 105;1;1
BTB entry: 106;0;0
BTB entry: 107;1;0
BTB entry: 108;1;116
BTB entry: 109;0;0
BTB entry: 110;1;0
BTB entry: 111;1;0
BTB entry: 112;1;0
BTB entry: 113;0;0
BTB entry: 114;1;1
BTB entry: 115;0;0
BTB entry: 116;0;0
BTB entry: 117;1;0
BTB entry: 118;0;0
BTB entry: 119;0;0
BTB entry: 120;1;0
BTB entry: 121;0;0
BTB entry: 122;0;0
BTB entry: 123;1;0
BTB entry: 124;0;0
BTB entry: 125;1;1
BTB entry: 126;1;0
BTB entry: 127;0;0
BTB entry: 128;1;2
BTB entry: 129;0;0
BTB entry: 130;0;0
BTB entry: 131;1;2
BTB entry: 132;0;0
BTB entry: 133;1;0
BTB entry: 134;0;0
BTB entry: 135;0;0
BTB entry: 136;0;0
BTB entry: 137;0;0
BTB entry: 138;1;2
BTB entry: 139;0;0
BTB entry: 140;1;0
BTB entry: 141;1;1
BTB entry: 142;1;0
BTB entry: 143;1;0
BTB entry: 144;1;0
BTB entry: 145;0;0
BTB entry: 146;1;0
BTB entry: 147;0;0
BTB entry: 148;1;0
BTB entry: 149;0;0
BTB entry: 150;1;1
BTB entry: 151;1;0
BTB entry: 152;0;0
BTB entry: 153;0;0
BTB entry: 154;1;0
BTB entry: 155;1;1
BTB entry: 156;0;0
BTB entry: 157;0;0
BTB entry: 158;0;0
BTB entry: 159;1;1
BTB entry: 160;1;1
BTB entry: 161;0;0
BTB entry: 162;1;0
BTB entry: 163;0;0
BTB entry: 164;0;0
BTB entry: 165;0;0
BTB entry: 166;0;0
BTB entry: 167;1;0
BTB entry: 168;1;1
BTB entry: 169;0;0
BTB entry: 170;1;1
BTB entry: 171;0;0
BTB entry: 172;1;0
BTB entry: 173;1;1
BTB entry: 174;1;0
BTB entry: 175;1;0
BTB entry: 176;0;0
BTB entry: 177;1;0
BTB entry: 178;1;1
BTB entry: 179;1;0
BTB entry: 180;1;0
BTB entry: 181;0;0
BTB entry: 182;0;0
BTB entry: 183;1;0
BTB entry: 184;1;1
BTB entry: 185;0;0
BTB entry: 186;1;0
BTB entry: 187;1;0
BTB entry: 188;0;0
BTB entry: 189;1;0
BTB entry: 190;0;0
BTB entry: 191;0;0
BTB entry: 192;0;0
BTB entry: 193;0;0
BTB entry: 194;0;0
BTB entry: 195;0;0
BTB entry: 196;1;0
BTB entry: 197;1;0
BTB entry: 198;1;1
BTB entry: 199;1;1
BTB entry: 200;1;0
BTB entry: 201;0;0
BTB entry: 202;1;0
BTB entry: 203;1;3
BTB entry: 204;1;0
BTB entry: 205;1;2
BTB entry: 206;1;1
BTB entry: 207;0;0
BTB entry: 208;0;0
BTB entry: 209;1;0
BTB entry: 210;0;0
BTB entry: 211;0;0
BTB entry: 212;0;0
BTB entry: 213;1;1
BTB entry: 214;1;0
BTB entry: 215;0;0
BTB entry: 216;0;0
BTB entry: 217;1;0
BTB entry: 218;1;2
BTB entry: 219;1;1
BTB entry: 220;1;0
BTB entry: 221;0;0
BTB entry: 222;1;1
BTB entry: 223;1;1
BTB entry: 224;0;0
BTB entry: 225;1;0
BTB entry: 226;0;0
BTB entry: 227;0;0
BTB entry: 228;1;0
BTB entry: 229;0;0
BTB entry: 230;0;0
BTB entry: 231;1;0
BTB entry: 232;1;1
BTB entry: 233;0;0
BTB entry: 234;0;0
BTB entry: 235;0;0
BTB entry: 236;0;0
BTB entry: 237;0;0
BTB entry: 238;0;0
BTB entry: 239;0;0
BTB entry: 240;0;0
BTB entry: 241;1;0
BTB entry: 242;0;0
BTB entry: 243;1;0
BTB entry: 244;1;0
BTB entry: 245;0;0
BTB entry: 246;1;1
BTB entry: 247;0;0
BTB entry: 248;1;0
BTB entry: 249;0;0
BTB entry: 250;1;0
BTB entry: 251;1;0
BTB entry: 252;0;0
BTB entry: 253;0;0
BTB entry: 254;1;0
BTB entry: 255;1;0
BTB entry: 256;0;0
BTB entry: 257;1;0
BTB entry: 258;0;0
BTB entry: 259;1;1
BTB entry: 260;0;0
BTB entry: 261;0;0
BTB entry: 262;1;1
BTB entry: 263;1;0
BTB entry: 264;0;0
BTB entry: 265;1;0
BTB entry: 266;0;0
BTB entry: 267;1;1
BTB entry: 268;1;0
BTB entry: 269;0;0
BTB entry: 270;1;0
BTB entry: 271;1;0
BTB entry: 272;1;0
BTB entry: 273;0;0
BTB entry: 274;1;2
BTB entry: 275;0;0
BTB entry: 276;0;0
BTB entry: 277;0;0
BTB entry: 278;0;0
BTB entry: 279;0;0
BTB entry: 280;1;0
BTB entry: 281;1;0
BTB entry: 282;0;0
BTB entry: 283;1;2
BTB entry: 284;1;1
BTB entry: 285;0;0
BTB entry: 286;0;0
BTB entry: 287;0;0
BTB entry: 288;0;0
BTB entry: 289;1;0
BTB entry: 290;1;0
BTB entry: 291;0;0
BTB entry: 292;1;1
BTB entry: 293;0;0
BTB entry: 294;1;1
BTB entry: 295;0;0
BTB entry: 296;0;0
BTB entry: 297;1;0
BTB entry: 298;1;0
BTB entry: 299;0;0
BTB entry: 300;0;0
BTB entry: 301;0;0
BTB entry: 302;1;0
BTB entry: 303;1;0
BTB entry: 304;0;0
BTB entry: 305;1;0
BTB entry: 306;1;1
BTB entry: 307;0;0
BTB entry: 308;1;0
BTB entry: 309;1;0
BTB entry: 310;1;0
BTB entry: 311;0;0
BTB entry: 312;0;0
BTB entry: 313;0;0
BTB entry: 314;0;0
BTB entry: 315;1;0
BTB entry: 316;1;0
BTB entry: 317;1;0
BTB entry: 318;1;0
BTB entry: 319;0;0
BTB entry: 320;0;0
BTB entry: 321;0;0
BTB entry: 322;1;0
BTB entry: 323;0;0
BTB entry: 324;1;2
BTB entry: 325;1;1
BTB entry: 326;0;0
BTB entry: 327;1;0
BTB entry: 328;1;0
BTB entry: 329;1;0
BTB entry: 330;0;0
BTB entry: 331;1;0
BTB entry: 332;0;0
BTB entry: 333;1;0
BTB entry: 334;0;0
BTB entry: 335;0;0
BTB entry: 336;1;0
BTB entry: 337;1;0
BTB entry: 338;0;0
BTB entry: 339;1;0
BTB entry: 340;0;0
BTB entry: 341;1;0
BTB entry: 342;1;0
BTB entry: 343;0;0
BTB entry: 344;1;1
BTB entry: 345;0;0
BTB entry: 346;1;1
BTB entry: 347;1;0
BTB entry: 348;1;0
BTB entry: 349;0;0
BTB entry: 350;0;0
BTB entry: 351;1;0
BTB entry: 352;1;0
BTB entry: 353;0;0
BTB entry: 354;1;0
BTB entry: 355;1;1
BTB entry: 356;1;0
BTB entry: 357;1;0
BTB entry: 358;0;0
BTB entry: 359;1;1
BTB entry: 360;0;0
BTB entry: 361;1;0
BTB entry: 362;1;0
BTB entry: 363;1;1
BTB entry: 364;0;0
BTB entry: 365;1;0
BTB entry: 366;1;0
BTB entry: 367;1;0
BTB entry: 368;1;0
BTB entry: 369;0;0
BTB entry: 370;1;0
BTB entry: 371;1;0
BTB entry: 372;1;0
BTB entry: 373;0;0
BTB entry: 374;1;2
BTB entry: 375;0;0
BTB entry: 376;1;1
BTB entry: 377;0;0
BTB entry: 378;0;0
BTB entry: 379;1;0
BTB entry: 380;0;0
BTB entry: 381;0;0
BTB entry: 382;1;10
BTB entry: 383;0;0
BTB entry: 384;0;0
BTB entry: 385;0;0
BTB entry: 386;1;0
BTB entry: 387;1;0
BTB entry: 388;0;0
BTB entry: 389;0;0
BTB entry: 390;1;0
BTB entry: 391;1;1
BTB entry: 392;1;2
BTB entry: 393;0;0
BTB entry: 394;1;1
BTB entry: 395;0;0
BTB entry: 396;0;0
BTB entry: 397;0;0
BTB entry: 398;1;1
BTB entry: 399;1;0
BTB entry: 400;1;0
BTB entry: 401;1;0
BTB entry: 402;1;2
BTB entry: 403;0;0
BTB entry: 404;0;0
BTB entry: 405;0;0
BTB entry: 406;1;0
BTB entry: 407;0;0
BTB entry: 408;1;1
BTB entry: 409;1;2
BTB entry: 410;1;0
BTB entry: 411;0;0
BTB entry: 412;0;0
BTB entry: 413;1;0
BTB entry: 414;0;0
BTB entry: 415;0;0
BTB entry: 416;0;0
BTB entry: 417;1;0
BTB entry: 418;0;0
BTB entry: 419;0;0
BTB entry: 420;0;0
BTB entry: 421;0;0
BTB entry: 422;1;2
BTB entry: 423;0;0
BTB entry: 424;0;0
BTB entry: 425;0;0
BTB entry: 426;0;0
BTB entry: 427;1;0
BTB entry: 428;1;0
BTB entry: 429;1;0
BTB entry: 430;1;1
BTB entry: 431;0;0
BTB entry: 432;0;0
BTB entry: 433;0;0
BTB entry: 434;0;0
BTB entry: 435;1;0
BTB entry: 436;1;1
BTB entry: 437;1;0
BTB entry: 438;1;1
BTB entry: 439;1;0
BTB entry: 440;0;0
BTB entry: 441;1;0
BTB entry: 442;0;0
BTB entry: 443;1;0
BTB entry: 444;1;2
BTB entry: 445;0;0
BTB entry: 446;1;0
BTB entry: 447;1;0
BTB entry: 448;1;0
BTB entry: 449;0;0
BTB entry: 450;1;1
BTB entry: 451;1;1
BTB entry: 452;1;1
BTB entry: 453;1;0
BTB entry: 454;0;0
BTB entry: 455;0;0
BTB entry: 456;1;1
BTB entry: 457;1;1
BTB entry: 458;1;0
BTB entry: 459;0;0
BTB entry: 460;0;0
BTB entry: 461;0;0
BTB entry: 462;1;1
BTB entry: 463;1;1
BTB entry: 464;1;3
BTB entry: 465;0;0
BTB entry: 466;1;1
BTB entry: 467;1;1
BTB entry: 468;1;0
BTB entry: 469;1;0
BTB entry: 470;0;0
BTB entry: 471;1;0
BTB entry: 472;1;0
BTB entry: 473;0;0
BTB entry: 474;0;0
BTB entry: 475;1;0
BTB entry: 476;1;0
BTB entry: 477;1;0
BTB entry: 478;1;2
BTB entry: 479;1;0
BTB entry: 480;0;0
BTB entry: 481;0;0
BTB entry: 482;0;0
BTB entry: 483;1;1
BTB entry: 484;1;0
BTB entry: 485;0;0
BTB entry: 486;0;0
BTB entry: 487;0;0
BTB entry: 488;1;0
BTB entry: 489;1;0
BTB entry: 490;0;0
BTB entry: 491;0;0
BTB entry: 492;0;0
BTB entry: 493;1;0
BTB entry: 494;1;1
BTB entry: 495;1;0
BTB entry: 496;1;0
BTB entry: 497;0;0
BTB entry: 498;1;0
BTB entry: 499;1;0
BTB entry: 500;0;0
BTB entry: 501;0;0
BTB entry: 502;0;0
BTB entry: 503;1;0
BTB entry: 504;0;0
BTB entry: 505;0;0
BTB entry: 506;1;0
BTB entry: 507;1;0
BTB entry: 508;1;0
BTB entry: 509;0;0
BTB entry: 510;0;0
BTB entry: 511;1;0
BTB entry: 512;1;0
BTB entry: 513;0;0
BTB entry: 514;0;0
BTB entry: 515;1;1
BTB entry: 516;0;0
BTB entry: 517;1;2
BTB entry: 518;1;0
BTB entry: 519;1;0
BTB entry: 520;0;0
BTB entry: 521;1;0
BTB entry: 522;1;0
BTB entry: 523;0;0
BTB entry: 524;1;25
BTB entry: 525;0;0
BTB entry: 526;1;0
BTB entry: 527;1;4
BTB entry: 528;0;0
BTB entry: 529;1;0
BTB entry: 530;0;0
BTB entry: 531;1;1
BTB entry: 532;0;0
BTB entry: 533;1;0
BTB entry: 534;0;0
BTB entry: 535;0;0
BTB entry: 536;1;2
BTB entry: 537;1;1
BTB entry: 538;0;0
BTB entry: 539;1;0
BTB entry: 540;0;0
BTB entry: 541;1;0
BTB entry: 542;0;0
BTB entry: 543;1;0
BTB entry: 544;1;0
BTB entry: 545;0;0
BTB entry: 546;0;0
BTB entry: 547;0;0
BTB entry: 548;0;0
BTB entry: 549;1;1
BTB entry: 550;0;0
BTB entry: 551;0;0
BTB entry: 552;1;0
BTB entry: 553;1;0
BTB entry: 554;1;3
BTB entry: 555;0;0
BTB entry: 556;1;0
BTB entry: 557;1;0
BTB entry: 558;1;1
BTB entry: 559;1;0
BTB entry: 560;1;0
BTB entry: 561;1;1
BTB entry: 562;0;0
BTB entry: 563;1;0
BTB entry: 564;1;0
BTB entry: 565;0;0
BTB entry: 566;1;0
BTB entry: 567;1;0
BTB entry: 568;1;0
BTB entry: 569;1;0
BTB entry: 570;0;0
BTB entry: 571;0;0
BTB entry: 572;0;0
BTB entry: 573;1;0
BTB entry: 574;0;0
BTB entry: 575;1;0
BTB entry: 576;1;0
BTB entry: 577;1;0
BTB entry: 578;1;1
BTB entry: 579;1;0
BTB entry: 580;1;0
BTB entry: 581;1;0
BTB entry: 582;0;0
BTB entry: 583;1;1
BTB entry: 584;1;1
BTB entry: 585;1;1
BTB entry: 586;1;1
BTB entry: 587;1;0
BTB entry: 588;0;0
BTB entry: 589;0;0
BTB entry: 590;1;0
BTB entry: 591;0;0
BTB entry: 592;1;1
BTB entry: 593;0;0
BTB entry: 594;0;0
BTB entry: 595;0;0
BTB entry: 596;0;0
BTB entry: 597;1;0
BTB entry: 598;1;1
BTB entry: 599;0;0
BTB entry: 600;0;0
BTB entry: 601;0;0
BTB entry: 602;1;0
BTB entry: 603;1;1
BTB entry: 604;1;27
BTB entry: 605;1;1
BTB entry: 606;0;0
BTB entry: 607;1;0
BTB entry: 608;1;0
BTB entry: 609;0;0
BTB entry: 610;0;0
BTB entry: 611;1;0
BTB entry: 612;1;0
BTB entry: 613;1;0
BTB entry: 614;0;0
BTB entry: 615;0;0
BTB entry: 616;1;0
BTB entry: 617;1;1
BTB entry: 618;0;0
BTB entry: 619;0;0
BTB entry: 620;0;0
BTB entry: 621;1;1
BTB entry: 622;0;0
BTB entry: 623;0;0
BTB entry: 624;1;0
BTB entry: 625;1;0
BTB entry: 626;1;0
BTB entry: 627;0;0
BTB entry: 628;0;0
BTB entry: 629;1;2
BTB entry: 630;1;0
BTB entry: 631;1;1
BTB entry: 632;1;0
BTB entry: 633;0;0
BTB entry: 634;0;0
BTB entry: 635;0;0
BTB entry: 636;0;0
BTB entry: 637;1;1
BTB entry: 638;0;0
BTB entry: 639;1;2
BTB entry: 640;0;0
BTB entry: 641;0;0
BTB entry: 642;0;0
BTB entry: 643;1;0
BTB entry: 644;1;1
BTB entry: 645;0;0
BTB entry: 646;1;3
BTB entry: 647;1;1
BTB entry: 648;0;0
BTB entry: 649;1;0
BTB entry: 650;1;0
BTB entry: 651;0;0
BTB entry: 652;1;0
BTB entry: 653;1;1
BTB entry: 654;1;3
BTB entry: 655;0;0
BTB entry: 656;1;0
BTB entry: 657;1;0
BTB entry: 658;0;0
BTB entry: 659;1;2
BTB entry: 660;1;0
BTB entry: 661;0;0
BTB entry: 662;1;0
BTB entry: 663;0;0
BTB entry: 664;0;0
BTB entry: 665;1;1
BTB entry: 666;1;0
BTB entry: 667;1;0
BTB entry: 668;1;0
BTB entry: 669;0;0
BTB entry: 670;0;0
BTB entry: 671;1;1
BTB entry: 672;1;1
BTB entry: 673;1;0
BTB entry: 674;1;1
BTB entry: 675;0;0
BTB entry: 676;0;0
BTB entry: 677;0;0
BTB entry: 678;1;0
BTB entry: 679;0;0
BTB entry: 680;1;0
BTB entry: 681;1;2
BTB entry: 682;1;2
BTB entry: 683;0;0
BTB entry: 684;1;0
BTB entry: 685;1;1
BTB entry: 686;1;0
BTB entry: 687;1;0
BTB entry: 688;1;1
BTB entry: 689;0;0
BTB entry: 690;0;0
BTB entry: 691;1;0
BTB entry: 692;1;0
BTB entry: 693;1;0
BTB entry: 694;0;0
BTB entry: 695;1;1
BTB entry: 696;0;0
BTB entry: 697;0;0
BTB entry: 698;1;0
BTB entry: 699;1;0
BTB entry: 700;0;0
BTB entry: 701;1;1
BTB entry: 702;0;0
BTB entry: 703;0;0
BTB entry: 704;1;0
BTB entry: 705;1;1
BTB entry: 706;0;0
BTB entry: 707;1;0
BTB entry: 708;1;0
BTB entry: 709;0;0
BTB entry: 710;0;0
BTB entry: 711;0;0
BTB entry: 712;0;0
BTB entry: 713;0;0
BTB entry: 714;1;0
BTB entry: 715;0;0
BTB entry: 716;0;0
BTB entry: 717;0;0
BTB entry: 718;0;0
BTB entry: 719;1;2
BTB entry: 720;1;1
BTB entry: 721;1;0
BTB entry: 722;0;0
BTB entry: 723;1;0
BTB entry: 724;1;2
BTB entry: 725;0;0
BTB entry: 726;1;2
BTB entry: 727;1;1
BTB entry: 728;0;0
BTB entry: 729;1;0
BTB entry: 730;1;1
BTB entry: 731;1;0
BTB entry: 732;0;0
BTB entry: 733;1;1
BTB entry: 734;1;2
BTB entry: 735;1;0
BTB entry: 736;1;16
BTB entry: 737;0;0
BTB entry: 738;0;0
BTB entry: 739;1;0
BTB entry: 740;0;0
BTB entry: 741;1;1
BTB entry: 742;0;0
BTB entry: 743;1;0
BTB entry: 744;1;1
BTB entry: 745;1;0
BTB entry: 746;1;2
BTB entry: 747;1;0
BTB entry: 748;1;0
BTB entry: 749;0;0
BTB entry: 750;1;1
BTB entry: 751;1;1
BTB entry: 752;0;0
BTB entry: 753;1;0
BTB entry: 754;1;0
BTB entry: 755;1;0
BTB entry: 756;1;0
BTB entry: 757;1;1
BTB entry: 758;1;1
BTB entry: 759;1;0
BTB entry: 760;1;0
BTB entry: 761;1;0
BTB entry: 762;1;2
BTB entry: 763;1;1
BTB entry: 764;1;0
BTB entry: 765;0;0
BTB entry: 766;1;3
BTB entry: 767;1;2
BTB entry: 768;1;0
BTB entry: 769;1;1
BTB entry: 770;1;0
BTB entry: 771;0;0
BTB entry: 772;1;2
BTB entry: 773;1;1
BTB entry: 774;1;1
BTB entry: 775;0;0
BTB entry: 776;1;0
BTB entry: 777;1;1
BTB entry: 778;1;1
BTB entry: 779;0;0
BTB entry: 780;1;0
BTB entry: 781;1;0
BTB entry: 782;1;0
BTB entry: 783;0;0
BTB entry: 784;1;1
BTB entry: 785;1;0
BTB entry: 786;0;0
BTB entry: 787;0;0
BTB entry: 788;1;1
BTB entry: 789;0;0
BTB entry: 790;1;0
BTB entry: 791;1;2
BTB entry: 792;1;0
BTB entry: 793;0;0
BTB entry: 794;0;0
BTB entry: 795;1;0
BTB entry: 796;1;1
BTB entry: 797;0;0
BTB entry: 798;0;0
BTB entry: 799;1;1
BTB entry: 800;0;0
BTB entry: 801;0;0
BTB entry: 802;0;0
BTB entry: 803;1;0
BTB entry: 804;1;1
BTB entry: 805;1;1
BTB entry: 806;1;0
BTB entry: 807;1;1
BTB entry: 808;1;1
BTB entry: 809;1;0
BTB entry: 810;1;1
BTB entry: 811;1;0
BTB entry: 812;0;0
BTB entry: 813;1;0
BTB entry: 814;1;0
BTB entry: 815;0;0
BTB entry: 816;1;0
BTB entry: 817;1;1
BTB entry: 818;1;0
BTB entry: 819;0;0
BTB entry: 820;0;0
BTB entry: 821;1;0
BTB entry: 822;0;0
BTB entry: 823;1;1
BTB entry: 824;0;0
BTB entry: 825;1;0
BTB entry: 826;0;0
BTB entry: 827;0;0
BTB entry: 828;0;0
BTB entry: 829;1;0
BTB entry: 830;1;0
BTB entry: 831;1;1
BTB entry: 832;1;1
BTB entry: 833;1;0
BTB entry: 834;1;0
BTB entry: 835;1;0
BTB entry: 836;1;0
BTB entry: 837;1;0
BTB entry: 838;1;0
BTB entry: 839;0;0
BTB entry: 840;1;0
BTB entry: 841;1;1
BTB entry: 842;1;0
BTB entry: 843;0;0
BTB entry: 844;0;0
BTB entry: 845;1;0
BTB entry: 846;0;0
BTB entry: 847;1;1
BTB entry: 848;1;0
BTB entry: 849;1;2
BTB entry: 850;1;1
BTB entry: 851;1;0
BTB entry: 852;0;0
BTB entry: 853;1;1
BTB entry: 854;1;1
BTB entry: 855;1;0
BTB entry: 856;0;0
BTB entry: 857;0;0
BTB entry: 858;1;1
BTB entry: 859;1;0
BTB entry: 860;0;0
BTB entry: 861;1;2
BTB entry: 862;0;0
BTB entry: 863;1;1
BTB entry: 864;0;0
BTB entry: 865;1;0
BTB entry: 866;0;0
BTB entry: 867;1;2
BTB entry: 868;1;0
BTB entry: 869;1;1
BTB entry: 870;0;0
BTB entry: 871;0;0
BTB entry: 872;1;1
BTB entry: 873;1;0
BTB entry: 874;0;0
BTB entry: 875;0;0
BTB entry: 876;1;2
BTB entry: 877;0;0
BTB entry: 878;1;0
BTB entry: 879;1;0
BTB entry: 880;0;0
BTB entry: 881;1;0
BTB entry: 882;1;1
BTB entry: 883;0;0
BTB entry: 884;0;0
BTB entry: 885;0;0
BTB entry: 886;1;1
BTB entry: 887;1;1
BTB entry: 888;1;0
BTB entry: 889;1;0
BTB entry: 890;1;0
BTB entry: 891;1;0
BTB entry: 892;0;0
BTB entry: 893;0;0
BTB entry: 894;0;0
BTB entry: 895;0;0
BTB entry: 896;0;0
BTB entry: 897;0;0
BTB entry: 898;0;0
BTB entry: 899;1;0
BTB entry: 900;1;0
BTB entry: 901;0;0
BTB entry: 902;1;0
BTB entry: 903;1;0
BTB entry: 904;1;0
BTB entry: 905;1;0
BTB entry: 906;0;0
BTB entry: 907;1;0
BTB entry: 908;0;0
BTB entry: 909;1;0
BTB entry: 910;1;1
BTB entry: 911;1;1
BTB entry: 912;1;0
BTB entry: 913;0;0
BTB entry: 914;1;0
BTB entry: 915;0;0
BTB entry: 916;1;0
BTB entry: 917;1;0
BTB entry: 918;0;0
BTB entry: 919;1;0
BTB entry: 920;0;0
BTB entry: 921;1;1
BTB entry: 922;0;0
BTB entry: 923;1;0
BTB entry: 924;0;0
BTB entry: 925;1;0
BTB entry: 926;1;3
BTB entry: 927;1;0
BTB entry: 928;1;3
BTB entry: 929;0;0
BTB entry: 930;1;24
BTB entry: 931;1;2
BTB entry: 932;1;1
BTB entry: 933;0;0
BTB entry: 934;0;0
BTB entry: 935;0;0
BTB entry: 936;1;1
BTB entry: 937;1;0
BTB entry: 938;1;1
BTB entry: 939;1;2
BTB entry: 940;1;0
BTB entry: 941;0;0
BTB entry: 942;1;0
BTB entry: 943;1;0
BTB entry: 944;1;1
BTB entry: 945;1;0
BTB entry: 946;1;1
BTB entry: 947;0;0
BTB entry: 948;0;0
BTB entry: 949;1;0
BTB entry: 950;0;0
BTB entry: 951;1;0
BTB entry: 952;0;0
BTB entry: 953;0;0
BTB entry: 954;0;0
BTB entry: 955;1;0
BTB entry: 956;0;0
BTB entry: 957;1;0
BTB entry: 958;1;0
BTB entry: 959;1;0
BTB entry: 960;1;0
BTB entry: 961;1;0
BTB entry: 962;1;0
BTB entry: 963;1;0
BTB entry: 964;0;0
BTB entry: 965;0;0
BTB entry: 966;1;1
BTB entry: 967;1;4
BTB entry: 968;1;1
BTB entry: 969;0;0
BTB entry: 970;0;0
BTB entry: 971;1;0
BTB entry: 972;1;0
BTB entry: 973;0;0
BTB entry: 974;1;0
BTB entry: 975;0;0
BTB entry: 976;1;0
BTB entry: 977;1;1
BTB entry: 978;0;0
BTB entry: 979;0;0
BTB entry: 980;1;1
BTB entry: 981;0;0
BTB entry: 982;1;0
BTB entry: 983;1;1
BTB entry: 984;1;0
BTB entry: 985;0;0
BTB entry: 986;0;0
BTB entry: 987;0;0
BTB entry: 988;0;0
BTB entry: 989;0;0
BTB entry: 990;1;0
BTB entry: 991;1;0
BTB entry: 992;1;0
BTB entry: 993;0;0
BTB entry: 994;0;0
BTB entry: 995;0;0
BTB entry: 996;1;1
BTB entry: 997;0;0
BTB entry: 998;1;0
BTB entry: 999;0;0
BTB entry: 1000;1;2
BTB entry: 1001;1;0
BTB entry: 1002;1;1
BTB entry: 1003;1;0
BTB entry: 1004;0;0
BTB entry: 1005;1;1
BTB entry: 1006;0;0
BTB entry: 1007;1;0
BTB entry: 1008;1;0
BTB entry: 1009;1;0
BTB entry: 1010;1;0
BTB entry: 1011;0;0
BTB entry: 1012;0;0
BTB entry: 1013;1;1
BTB entry: 1014;1;0
BTB entry: 1015;1;0
BTB entry: 1016;0;0
BTB entry: 1017;1;0
BTB entry: 1018;0;0
BTB entry: 1019;0;0
BTB entry: 1020;0;0
BTB entry: 1021;1;0
BTB entry: 1022;0;0
BTB entry: 1023;1;0
BTB entry: 1024;1;0
BTB entry: 1025;0;0
BTB entry: 1026;0;0
BTB entry: 1027;1;1
BTB entry: 1028;0;0
BTB entry: 1029;1;0
BTB entry: 1030;1;0
BTB entry: 1031;0;0
BTB entry: 1032;1;0
BTB entry: 1033;1;0
BTB entry: 1034;1;0
BTB entry: 1035;1;1
BTB entry: 1036;1;0
BTB entry: 1037;0;0
BTB entry: 1038;1;0
BTB entry: 1039;1;1
BTB entry: 1040;1;1
BTB entry: 1041;0;0
BTB entry: 1042;1;0
BTB entry: 1043;0;0
BTB entry: 1044;0;0
BTB entry: 1045;1;0
BTB entry: 1046;1;0
BTB entry: 1047;0;0
BTB entry: 1048;0;0
BTB entry: 1049;0;0
BTB entry: 1050;1;0
BTB entry: 1051;1;0
BTB entry: 1052;1;0
BTB entry: 1053;1;1
BTB entry: 1054;1;0
BTB entry: 1055;0;0
BTB entry: 1056;0;0
BTB entry: 1057;1;1
BTB entry: 1058;0;0
BTB entry: 1059;0;0
BTB entry: 1060;1;1
BTB entry: 1061;1;1
BTB entry: 1062;0;0
BTB entry: 1063;1;1
BTB entry: 1064;1;0
BTB entry: 1065;1;3
BTB entry: 1066;0;0
BTB entry: 1067;1;1
BTB entry: 1068;0;0
BTB entry: 1069;1;3
BTB entry: 1070;1;0
BTB entry: 1071;1;0
BTB entry: 1072;1;0
BTB entry: 1073;0;0
BTB entry: 1074;0;0
BTB entry: 1075;0;0
BTB entry: 1076;1;0
BTB entry: 1077;0;0
BTB entry: 1078;1;0
BTB entry: 1079;1;0
BTB entry: 1080;0;0
BTB entry: 1081;0;0
BTB entry: 1082;1;0
BTB entry: 1083;0;0
BTB entry: 1084;0;0
BTB entry: 1085;1;0
BTB entry: 1086;0;0
BTB entry: 1087;1;1
BTB entry: 1088;1;0
BTB entry: 1089;0;0
BTB entry: 1090;0;0
BTB entry: 1091;0;0
BTB entry: 1092;1;0
BTB entry: 1093;1;1
BTB entry: 1094;0;0
BTB entry: 1095;1;1
BTB entry: 1096;0;0
BTB entry: 1097;0;0
BTB entry: 1098;1;2
BTB entry: 1099;0;0
BTB entry: 1100;1;0
BTB entry: 1101;1;0
BTB entry: 1102;1;1
BTB entry: 1103;1;2
BTB entry: 1104;1;0
BTB entry: 1105;1;0
BTB entry: 1106;0;0
BTB entry: 1107;0;0
BTB entry: 1108;0;0
BTB entry: 1109;0;0
BTB entry: 1110;1;1
BTB entry: 1111;1;0
BTB entry: 1112;1;0
BTB entry: 1113;0;0
BTB entry: 1114;0;0
BTB entry: 1115;1;1
BTB entry: 1116;0;0
BTB entry: 1117;1;4
BTB entry: 1118;0;0
BTB entry: 1119;1;0
BTB entry: 1120;1;1
BTB entry: 1121;1;0
BTB entry: 1122;0;0
BTB entry: 1123;0;0
BTB entry: 1124;0;0
BTB entry: 1125;1;3
BTB entry: 1126;1;1
BTB entry: 1127;0;0
BTB entry: 1128;1;1
BTB entry: 1129;0;0
BTB entry: 1130;0;0
BTB entry: 1131;1;0
BTB entry: 1132;0;0
BTB entry: 1133;1;1
BTB entry: 1134;1;0
BTB entry: 1135;0;0
BTB entry: 1136;1;1
BTB entry: 1137;0;0
BTB entry: 1138;0;0
BTB entry: 1139;0;0
BTB entry: 1140;0;0
BTB entry: 1141;1;1
BTB entry: 1142;1;0
BTB entry: 1143;0;0
BTB entry: 1144;0;0
BTB entry: 1145;1;3
BTB entry: 1146;0;0
BTB entry: 1147;0;0
BTB entry: 1148;1;0
BTB entry: 1149;1;1
BTB entry: 1150;1;0
BTB entry: 1151;1;1
BTB entry: 1152;1;1
BTB entry: 1153;0;0
BTB entry: 1154;0;0
BTB entry: 1155;0;0
BTB entry: 1156;1;0
BTB entry: 1157;0;0
BTB entry: 1158;0;0
BTB entry: 1159;1;1
BTB entry: 1160;1;0
BTB entry: 1161;1;0
BTB entry: 1162;1;0
BTB entry: 1163;1;1
BTB entry: 1164;0;0
BTB entry: 1165;0;0
BTB entry: 1166;0;0
BTB entry: 1167;1;1
BTB entry: 1168;0;0
BTB entry: 1169;1;0
BTB entry: 1170;0;0
BTB entry: 1171;1;0
BTB entry: 1172;1;1
BTB entry: 1173;1;0
BTB entry: 1174;0;0
BTB entry: 1175;0;0
BTB entry: 1176;0;0
BTB entry: 1177;1;4
BTB entry: 1178;1;1
BTB entry: 1179;0;0
BTB entry: 1180;1;0
BTB entry: 1181;0;0
BTB entry: 1182;1;0
BTB entry: 1183;1;0
BTB entry: 1184;1;1
BTB entry: 1185;0;0
BTB entry: 1186;0;0
BTB entry: 1187;1;3
BTB entry: 1188;1;9
BTB entry: 1189;1;0
BTB entry: 1190;0;0
BTB entry: 1191;0;0
BTB entry: 1192;0;0
BTB entry: 1193;1;0
BTB entry: 1194;1;1
BTB entry: 1195;1;1
BTB entry: 1196;1;0
BTB entry: 1197;0;0
BTB entry: 1198;1;0
BTB entry: 1199;1;0
BTB entry: 1200;1;0
BTB entry: 1201;1;1
BTB entry: 1202;0;0
BTB entry: 1203;1;0
BTB entry: 1204;0;0
BTB entry: 1205;0;0
BTB entry: 1206;0;0
BTB entry: 1207;1;2
BTB entry: 1208;1;0
BTB entry: 1209;1;0
BTB entry: 1210;0;0
BTB entry: 1211;0;0
BTB entry: 1212;1;1
BTB entry: 1213;1;0
BTB entry: 1214;1;1
BTB entry: 1215;0;0
BTB entry: 1216;1;1
BTB entry: 1217;1;1
BTB entry: 1218;1;0
BTB entry: 1219;1;1
BTB entry: 1220;0;0
BTB entry: 1221;0;0
BTB entry: 1222;1;1
BTB entry: 1223;0;0
BTB entry: 1224;1;0
BTB entry: 1225;1;4
BTB entry: 1226;1;0
BTB entry: 1227;0;0
BTB entry: 1228;1;1
BTB entry: 1229;0;0
BTB entry: 1230;1;0
BTB entry: 1231;1;1
BTB entry: 1232;1;0
BTB entry: 1233;0;0
BTB entry: 1234;0;0
BTB entry: 1235;1;0
BTB entry: 1236;0;0
BTB entry: 1237;1;0
BTB entry: 1238;1;0
BTB entry: 1239;1;1
BTB entry: 1240;1;0
BTB entry: 1241;1;0
BTB entry: 1242;0;0
BTB entry: 1243;1;0
BTB entry: 1244;0;0
BTB entry: 1245;1;2
BTB entry: 1246;0;0
BTB entry: 1247;1;0
BTB entry: 1248;0;0
BTB entry: 1249;0;0
BTB entry: 1250;1;0
BTB entry: 1251;1;1
BTB entry: 1252;1;0
BTB entry: 1253;1;0
BTB entry: 1254;1;0
BTB entry: 1255;0;0
BTB entry: 1256;1;0
BTB entry: 1257;0;0
BTB entry: 1258;0;0
BTB entry: 1259;1;1
BTB entry: 1260;1;1
BTB entry: 1261;1;2
BTB entry: 1262;1;0
BTB entry: 1263;1;1
BTB entry: 1264;1;0
BTB entry: 1265;0;0
BTB entry: 1266;1;2
BTB entry: 1267;0;0
BTB entry: 1268;1;0
BTB entry: 1269;0;0
BTB entry: 1270;0;0
BTB entry: 1271;1;0
BTB entry: 1272;1;0
BTB entry: 1273;0;0
BTB entry: 1274;1;0
BTB entry: 1275;1;1
BTB entry: 1276;1;0
BTB entry: 1277;0;0
BTB entry: 1278;0;0
BTB entry: 1279;1;6
BTB entry: 1280;1;0
BTB entry: 1281;0;0
BTB entry: 1282;1;1
BTB entry: 1283;1;0
BTB entry: 1284;0;0
BTB entry: 1285;1;1
BTB entry: 1286;1;2
BTB entry: 1287;0;0
BTB entry: 1288;0;0
BTB entry: 1289;1;1
BTB entry: 1290;1;1
BTB entry: 1291;1;0
BTB entry: 1292;1;0
BTB entry: 1293;0;0
BTB entry: 1294;0;0
BTB entry: 1295;0;0
BTB entry: 1296;1;0
BTB entry: 1297;1;1
BTB entry: 1298;1;0
BTB entry: 1299;0;0
BTB entry: 1300;1;1
BTB entry: 1301;0;0
BTB entry: 1302;1;0
BTB entry: 1303;0;0
BTB entry: 1304;1;4
BTB entry: 1305;1;0
BTB entry: 1306;1;0
BTB entry: 1307;0;0
BTB entry: 1308;1;1
BTB entry: 1309;1;1
BTB entry: 1310;0;0
BTB entry: 1311;1;0
BTB entry: 1312;0;0
BTB entry: 1313;1;0
BTB entry: 1314;0;0
BTB entry: 1315;0;0
BTB entry: 1316;0;0
BTB entry: 1317;0;0
BTB entry: 1318;0;0
BTB entry: 1319;0;0
BTB entry: 1320;1;0
BTB entry: 1321;0;0
BTB entry: 1322;1;1
BTB entry: 1323;1;6
BTB entry: 1324;1;0
BTB entry: 1325;1;0
BTB entry: 1326;0;0
BTB entry: 1327;1;2
BTB entry: 1328;1;2
BTB entry: 1329;1;0
BTB entry: 1330;1;0
BTB entry: 1331;1;0
BTB entry: 1332;1;2
BTB entry: 1333;1;0
BTB entry: 1334;1;3
BTB entry: 1335;0;0
BTB entry: 1336;1;1
BTB entry: 1337;1;0
BTB entry: 1338;1;0
BTB entry: 1339;1;0
BTB entry: 1340;0;0
BTB entry: 1341;1;3
BTB entry: 1342;1;2
BTB entry: 1343;1;0
BTB entry: 1344;1;0
BTB entry: 1345;1;1
BTB entry: 1346;0;0
BTB entry: 1347;1;0
BTB entry: 1348;0;0
BTB entry: 1349;1;0
BTB entry: 1350;1;1
BTB entry: 1351;0;0
BTB entry: 1352;0;0
BTB entry: 1353;1;0
BTB entry: 1354;1;0
BTB entry: 1355;1;11
BTB entry: 1356;0;0
BTB entry: 1357;1;0
BTB entry: 1358;1;0
BTB entry: 1359;1;0
BTB entry: 1360;1;0
BTB entry: 1361;1;2
BTB entry: 1362;0;0
BTB entry: 1363;0;0
BTB entry: 1364;1;1
BTB entry: 1365;0;0
BTB entry: 1366;0;0
BTB entry: 1367;0;0
BTB entry: 1368;1;0
BTB entry: 1369;1;1
BTB entry: 1370;0;0
BTB entry: 1371;1;0
BTB entry: 1372;0;0
BTB entry: 1373;1;23
BTB entry: 1374;0;0
BTB entry: 1375;0;0
BTB entry: 1376;1;0
BTB entry: 1377;0;0
BTB entry: 1378;1;1
BTB entry: 1379;1;0
BTB entry: 1380;1;0
BTB entry: 1381;0;0
BTB entry: 1382;1;1
BTB entry: 1383;0;0
BTB entry: 1384;1;0
BTB entry: 1385;1;0
BTB entry: 1386;1;0
BTB entry: 1387;1;1
BTB entry: 1388;0;0
BTB entry: 1389;0;0
BTB entry: 1390;1;0
BTB entry: 1391;1;0
BTB entry: 1392;1;0
BTB entry: 1393;1;1
BTB entry: 1394;1;1
BTB entry: 1395;1;0
BTB entry: 1396;1;0
BTB entry: 1397;0;0
BTB entry: 1398;0;0
BTB entry: 1399;1;0
BTB entry: 1400;0;0
BTB entry: 1401;1;0
BTB entry: 1402;0;0
BTB entry: 1403;1;0
BTB entry: 1404;0;0
BTB entry: 1405;0;0
BTB entry: 1406;0;0
BTB entry: 1407;1;0
BTB entry: 1408;1;1
BTB entry: 1409;0;0
BTB entry: 1410;0;0
BTB entry: 1411;0;0
BTB entry: 1412;0;0
BTB entry: 1413;0;0
BTB entry: 1414;1;1
BTB entry: 1415;0;0
BTB entry: 1416;1;1
BTB entry: 1417;1;1
BTB entry: 1418;0;0
BTB entry: 1419;1;0
BTB entry: 1420;1;0
BTB entry: 1421;1;5
BTB entry: 1422;1;0
BTB entry: 1423;1;0
BTB entry: 1424;0;0
BTB entry: 1425;1;0
BTB entry: 1426;0;0
BTB entry: 1427;0;0
BTB entry: 1428;1;3
BTB entry: 1429;0;0
BTB entry: 1430;0;0
BTB entry: 1431;0;0
BTB entry: 1432;0;0
BTB entry: 1433;0;0
BTB entry: 1434;0;0
BTB entry: 1435;1;0
BTB entry: 1436;0;0
BTB entry: 1437;1;0
BTB entry: 1438;1;1
BTB entry: 1439;0;0
BTB entry: 1440;1;1
BTB entry: 1441;1;0
BTB entry: 1442;1;0
BTB entry: 1443;1;0
BTB entry: 1444;0;0
BTB entry: 1445;0;0
BTB entry: 1446;1;0
BTB entry: 1447;0;0
BTB entry: 1448;1;0
BTB entry: 1449;0;0
BTB entry: 1450;1;1
BTB entry: 1451;1;1
BTB entry: 1452;0;0
BTB entry: 1453;1;1
BTB entry: 1454;0;0
BTB entry: 1455;1;0
BTB entry: 1456;0;0
BTB entry: 1457;0;0
BTB entry: 1458;1;1
BTB entry: 1459;0;0
BTB entry: 1460;0;0
BTB entry: 1461;0;0
BTB entry: 1462;0;0
BTB entry: 1463;1;0
BTB entry: 1464;1;0
BTB entry: 1465;0;0
BTB entry: 1466;0;0
BTB entry: 1467;0;0
BTB entry: 1468;0;0
BTB entry: 1469;0;0
BTB entry: 1470;0;0
BTB entry: 1471;1;0
BTB entry: 1472;0;0
BTB entry: 1473;1;0
BTB entry: 1474;0;0
BTB entry: 1475;0;0
BTB entry: 1476;0;0
BTB entry: 1477;1;0
BTB entry: 1478;1;1
BTB entry: 1479;0;0
BTB entry: 1480;1;1
BTB entry: 1481;0;0
BTB entry: 1482;0;0
BTB entry: 1483;0;0
BTB entry: 1484;0;0
BTB entry: 1485;1;2
BTB entry: 1486;1;1
BTB entry: 1487;0;0
BTB entry: 1488;1;0
BTB entry: 1489;0;0
BTB entry: 1490;1;1
BTB entry: 1491;0;0
BTB entry: 1492;1;0
BTB entry: 1493;1;0
BTB entry: 1494;0;0
BTB entry: 1495;1;1
BTB entry: 1496;1;0
BTB entry: 1497;1;0
BTB entry: 1498;1;0
BTB entry: 1499;0;0
BTB entry: 1500;1;0
BTB entry: 1501;1;1
BTB entry: 1502;1;1
BTB entry: 1503;1;0
BTB entry: 1504;0;0
BTB entry: 1505;1;0
BTB entry: 1506;0;0
BTB entry: 1507;1;0
BTB entry: 1508;1;0
BTB entry: 1509;0;0
BTB entry: 1510;1;0
BTB entry: 1511;0;0
BTB entry: 1512;1;3
BTB entry: 1513;0;0
BTB entry: 1514;1;0
BTB entry: 1515;1;0
BTB entry: 1516;1;0
BTB entry: 1517;1;1
BTB entry: 1518;1;1
BTB entry: 1519;0;0
BTB entry: 1520;1;1
BTB entry: 1521;1;1
BTB entry: 1522;1;2
BTB entry: 1523;1;2
BTB entry: 1524;0;0
BTB entry: 1525;0;0
BTB entry: 1526;0;0
BTB entry: 1527;0;0
BTB entry: 1528;1;2
BTB entry: 1529;1;1
BTB entry: 1530;0;0
BTB entry: 1531;0;0
BTB entry: 1532;1;0
BTB entry: 1533;1;0
BTB entry: 1534;0;0
BTB entry: 1535;0;0
BTB entry: 1536;1;5
BTB entry: 1537;1;0
BTB entry: 1538;1;1
BTB entry: 1539;1;0
BTB entry: 1540;0;0
BTB entry: 1541;1;0
BTB entry: 1542;1;0
BTB entry: 1543;1;0
BTB entry: 1544;1;0
BTB entry: 1545;1;1
BTB entry: 1546;1;0
BTB entry: 1547;1;0
BTB entry: 1548;0;0
BTB entry: 1549;0;0
BTB entry: 1550;0;0
BTB entry: 1551;0;0
BTB entry: 1552;0;0
BTB entry: 1553;1;0
BTB entry: 1554;0;0
BTB entry: 1555;1;0
BTB entry: 1556;0;0
BTB entry: 1557;1;1
BTB entry: 1558;1;1
BTB entry: 1559;0;0
BTB entry: 1560;0;0
BTB entry: 1561;0;0
BTB entry: 1562;1;0
BTB entry: 1563;0;0
BTB entry: 1564;0;0
BTB entry: 1565;1;0
BTB entry: 1566;1;0
BTB entry: 1567;0;0
BTB entry: 1568;1;0
BTB entry: 1569;1;1
BTB entry: 1570;1;1
BTB entry: 1571;0;0
BTB entry: 1572;1;0
BTB entry: 1573;0;0
BTB entry: 1574;0;0
BTB entry: 1575;1;0
BTB entry: 1576;1;0
BTB entry: 1577;0;0
BTB entry: 1578;0;0
BTB entry: 1579;0;0
BTB entry: 1580;1;1
BTB entry: 1581;0;0
BTB entry: 1582;0;0
BTB entry: 1583;1;0
BTB entry: 1584;1;0
BTB entry: 1585;1;1
BTB entry: 1586;0;0
BTB entry: 1587;1;0
BTB entry: 1588;0;0
BTB entry: 1589;1;0
BTB entry: 1590;0;0
BTB entry: 1591;1;0
BTB entry: 1592;0;0
BTB entry: 1593;0;0
BTB entry: 1594;0;0
BTB entry: 1595;0;0
BTB entry: 1596;1;1
BTB entry: 1597;1;0
BTB entry: 1598;0;0
BTB entry: 1599;1;0
BTB entry: 1600;0;0
BTB entry: 1601;1;2
BTB entry: 1602;0;0
BTB entry: 1603;1;1
BTB entry: 1604;0;0
BTB entry: 1605;0;0
BTB entry: 1606;0;0
BTB entry: 1607;0;0
BTB entry: 1608;0;0
BTB entry: 1609;1;0
BTB entry: 1610;1;398
BTB entry: 1611;1;0
BTB entry: 1612;1;1
BTB entry: 1613;1;0
BTB entry: 1614;0;0
BTB entry: 1615;0;0
BTB entry: 1616;1;0
BTB entry: 1617;1;1
BTB entry: 1618;1;1
BTB entry: 1619;0;0
BTB entry: 1620;0;0
BTB entry: 1621;1;0
BTB entry: 1622;1;0
BTB entry: 1623;1;1
BTB entry: 1624;1;0
BTB entry: 1625;0;0
BTB entry: 1626;1;1
BTB entry: 1627;1;0
BTB entry: 1628;1;2
BTB entry: 1629;0;0
BTB entry: 1630;1;0
BTB entry: 1631;0;0
BTB entry: 1632;1;3
BTB entry: 1633;0;0
BTB entry: 1634;0;0
BTB entry: 1635;0;0
BTB entry: 1636;1;0
BTB entry: 1637;0;0
BTB entry: 1638;0;0
BTB entry: 1639;0;0
BTB entry: 1640;1;1
BTB entry: 1641;1;0
BTB entry: 1642;1;1
BTB entry: 1643;1;0
BTB entry: 1644;0;0
BTB entry: 1645;0;0
BTB entry: 1646;0;0
BTB entry: 1647;0;0
BTB entry: 1648;1;2
BTB entry: 1649;0;0
BTB entry: 1650;1;0
BTB entry: 1651;0;0
BTB entry: 1652;1;0
BTB entry: 1653;1;1
BTB entry: 1654;1;1
BTB entry: 1655;1;1
BTB entry: 1656;1;0
BTB entry: 1657;0;0
BTB entry: 1658;0;0
BTB entry: 1659;0;0
BTB entry: 1660;0;0
BTB entry: 1661;1;0
BTB entry: 1662;1;0
BTB entry: 1663;1;0
BTB entry: 1664;1;2
BTB entry: 1665;1;0
BTB entry: 1666;1;0
BTB entry: 1667;1;0
BTB entry: 1668;1;0
BTB entry: 1669;0;0
BTB entry: 1670;0;0
BTB entry: 1671;0;0
BTB entry: 1672;1;0
BTB entry: 1673;0;0
BTB entry: 1674;1;2
BTB entry: 1675;1;0
BTB entry: 1676;1;0
BTB entry: 1677;0;0
BTB entry: 1678;1;1
BTB entry: 1679;1;0
BTB entry: 1680;1;9
BTB entry: 1681;1;0
BTB entry: 1682;1;0
BTB entry: 1683;0;0
BTB entry: 1684;1;0
BTB entry: 1685;1;1
BTB entry: 1686;0;0
BTB entry: 1687;0;0
BTB entry: 1688;1;1568
BTB entry: 1689;1;0
BTB entry: 1690;1;1
BTB entry: 1691;1;2
BTB entry: 1692;1;0
BTB entry: 1693;1;2
BTB entry: 1694;1;2
BTB entry: 1695;1;1
BTB entry: 1696;0;0
BTB entry: 1697;1;0
BTB entry: 1698;0;0
BTB entry: 1699;1;1
BTB entry: 1700;1;0
BTB entry: 1701;1;1
BTB entry: 1702;1;0
BTB entry: 1703;0;0
BTB entry: 1704;1;0
BTB entry: 1705;1;0
BTB entry: 1706;0;0
BTB entry: 1707;1;0
BTB entry: 1708;1;0
BTB entry: 1709;1;0
BTB entry: 1710;1;1
BTB entry: 1711;1;0
BTB entry: 1712;1;2
BTB entry: 1713;1;0
BTB entry: 1714;1;0
BTB entry: 1715;1;1
BTB entry: 1716;0;0
BTB entry: 1717;1;1
BTB entry: 1718;1;0
BTB entry: 1719;1;1
BTB entry: 1720;0;0
BTB entry: 1721;1;1
BTB entry: 1722;0;0
BTB entry: 1723;1;0
BTB entry: 1724;1;0
BTB entry: 1725;1;2
BTB entry: 1726;1;2
BTB entry: 1727;1;3
BTB entry: 1728;1;0
BTB entry: 1729;1;0
BTB entry: 1730;0;0
BTB entry: 1731;1;0
BTB entry: 1732;1;0
BTB entry: 1733;1;1
BTB entry: 1734;1;0
BTB entry: 1735;1;0
BTB entry: 1736;1;0
BTB entry: 1737;1;1
BTB entry: 1738;0;0
BTB entry: 1739;1;0
BTB entry: 1740;1;0
BTB entry: 1741;0;0
BTB entry: 1742;1;0
BTB entry: 1743;1;0
BTB entry: 1744;1;1
BTB entry: 1745;1;19
BTB entry: 1746;1;1
BTB entry: 1747;0;0
BTB entry: 1748;1;0
BTB entry: 1749;0;0
BTB entry: 1750;1;0
BTB entry: 1751;1;1
BTB entry: 1752;0;0
BTB entry: 1753;1;0
BTB entry: 1754;1;0
BTB entry: 1755;0;0
BTB entry: 1756;1;0
BTB entry: 1757;1;0
BTB entry: 1758;0;0
BTB entry: 1759;0;0
BTB entry: 1760;1;0
BTB entry: 1761;1;0
BTB entry: 1762;0;0
BTB entry: 1763;0;0
BTB entry: 1764;0;0
BTB entry: 1765;1;1
BTB entry: 1766;0;0
BTB entry: 1767;0;0
BTB entry: 1768;1;1
BTB entry: 1769;0;0
BTB entry: 1770;0;0
BTB entry: 1771;1;0
BTB entry: 1772;1;2
BTB entry: 1773;1;0
BTB entry: 1774;0;0
BTB entry: 1775;1;1
BTB entry: 1776;0;0
BTB entry: 1777;0;0
BTB entry: 1778;1;0
BTB entry: 1779;0;0
BTB entry: 1780;0;0
BTB entry: 1781;1;0
BTB entry: 1782;1;1
BTB entry: 1783;0;0
BTB entry: 1784;1;0
BTB entry: 1785;1;1
BTB entry: 1786;1;256
BTB entry: 1787;1;0
BTB entry: 1788;1;5
BTB entry: 1789;0;0
BTB entry: 1790;1;1
BTB entry: 1791;1;1
BTB entry: 1792;0;0
BTB entry: 1793;1;0
BTB entry: 1794;1;2
BTB entry: 1795;1;0
BTB entry: 1796;0;0
BTB entry: 1797;1;0
BTB entry: 1798;1;0
BTB entry: 1799;0;0
BTB entry: 1800;0;0
BTB entry: 1801;0;0
BTB entry: 1802;1;1
BTB entry: 1803;1;0
BTB entry: 1804;1;0
BTB entry: 1805;1;0
BTB entry: 1806;1;0
BTB entry: 1807;1;1
BTB entry: 1808;1;67
BTB entry: 1809;0;0
BTB entry: 1810;1;3
BTB entry: 1811;0;0
BTB entry: 1812;1;0
BTB entry: 1813;1;0
BTB entry: 1814;1;0
BTB entry: 1815;1;0
BTB entry: 1816;1;1
BTB entry: 1817;0;0
BTB entry: 1818;1;0
BTB entry: 1819;0;0
BTB entry: 1820;0;0
BTB entry: 1821;1;0
BTB entry: 1822;0;0
BTB entry: 1823;0;0
BTB entry: 1824;0;0
BTB entry: 1825;0;0
BTB entry: 1826;1;0
BTB entry: 1827;1;1
BTB entry: 1828;0;0
BTB entry: 1829;0;0
BTB entry: 1830;1;0
BTB entry: 1831;1;0
BTB entry: 1832;0;0
BTB entry: 1833;1;0
BTB entry: 1834;0;0
BTB entry: 1835;0;0
BTB entry: 1836;0;0
BTB entry: 1837;0;0
BTB entry: 1838;1;0
BTB entry: 1839;1;0
BTB entry: 1840;1;2
BTB entry: 1841;1;0
BTB entry: 1842;1;0
BTB entry: 1843;1;0
BTB entry: 1844;0;0
BTB entry: 1845;1;0
BTB entry: 1846;1;0
BTB entry: 1847;0;0
BTB entry: 1848;0;0
BTB entry: 1849;1;0
BTB entry: 1850;1;0
BTB entry: 1851;1;0
BTB entry: 1852;1;0
BTB entry: 1853;0;0
BTB entry: 1854;1;0
BTB entry: 1855;1;0
BTB entry: 1856;1;0
BTB entry: 1857;1;1
BTB entry: 1858;1;1
BTB entry: 1859;1;0
BTB entry: 1860;0;0
BTB entry: 1861;0;0
BTB entry: 1862;0;0
BTB entry: 1863;1;0
BTB entry: 1864;1;0
BTB entry: 1865;1;2
BTB entry: 1866;0;0
BTB entry: 1867;0;0
BTB entry: 1868;0;0
BTB entry: 1869;0;0
BTB entry: 1870;0;0
BTB entry: 1871;0;0
BTB entry: 1872;1;0
BTB entry: 1873;1;0
BTB entry: 1874;0;0
BTB entry: 1875;0;0
BTB entry: 1876;1;0
BTB entry: 1877;1;0
BTB entry: 1878;1;0
BTB entry: 1879;1;0
BTB entry: 1880;0;0
BTB entry: 1881;0;0
BTB entry: 1882;0;0
BTB entry: 1883;1;160
BTB entry: 1884;1;0
BTB entry: 1885;1;0
BTB entry: 1886;1;0
BTB entry: 1887;1;2
BTB entry: 1888;1;41
BTB entry: 1889;0;0
BTB entry: 1890;1;0
BTB entry: 1891;0;0
BTB entry: 1892;1;0
BTB entry: 1893;1;0
BTB entry: 1894;0;0
BTB entry: 1895;1;4
BTB entry: 1896;0;0
BTB entry: 1897;1;0
BTB entry: 1898;1;0
BTB entry: 1899;1;0
BTB entry: 1900;0;0
BTB entry: 1901;0;0
BTB entry: 1902;0;0
BTB entry: 1903;0;0
BTB entry: 1904;0;0
BTB entry: 1905;1;0
BTB entry: 1906;0;0
BTB entry: 1907;1;0
BTB entry: 1908;1;1
BTB entry: 1909;0;0
BTB entry: 1910;0;0
BTB entry: 1911;1;2
BTB entry: 1912;0;0
BTB entry: 1913;1;0
BTB entry: 1914;0;0
BTB entry: 1915;0;0
BTB entry: 1916;1;0
BTB entry: 1917;1;1
BTB entry: 1918;1;1
BTB entry: 1919;1;1
BTB entry: 1920;1;0
BTB entry: 1921;0;0
BTB entry: 1922;1;3
BTB entry: 1923;1;0
BTB entry: 1924;0;0
BTB entry: 1925;1;3
BTB entry: 1926;1;0
BTB entry: 1927;0;0
BTB entry: 1928;1;0
BTB entry: 1929;0;0
BTB entry: 1930;0;0
BTB entry: 1931;0;0
BTB entry: 1932;1;0
BTB entry: 1933;0;0
BTB entry: 1934;1;2
BTB entry: 1935;1;0
BTB entry: 1936;1;1
BTB entry: 1937;1;1
BTB entry: 1938;0;0
BTB entry: 1939;1;0
BTB entry: 1940;1;0
BTB entry: 1941;0;0
BTB entry: 1942;0;0
BTB entry: 1943;1;3
BTB entry: 1944;0;0
BTB entry: 1945;0;0
BTB entry: 1946;1;1
BTB entry: 1947;1;1
BTB entry: 1948;1;2
BTB entry: 1949;1;0
BTB entry: 1950;0;0
BTB entry: 1951;1;0
BTB entry: 1952;1;0
BTB entry: 1953;1;0
BTB entry: 1954;1;0
BTB entry: 1955;1;1
BTB entry: 1956;1;0
BTB entry: 1957;1;0
BTB entry: 1958;0;0
BTB entry: 1959;0;0
BTB entry: 1960;1;0
BTB entry: 1961;1;0
BTB entry: 1962;1;2
BTB entry: 1963;1;0
BTB entry: 1964;1;0
BTB entry: 1965;0;0
BTB entry: 1966;1;0
BTB entry: 1967;0;0
BTB entry: 1968;1;0
BTB entry: 1969;1;0
BTB entry: 1970;1;1
BTB entry: 1971;1;0
BTB entry: 1972;0;0
BTB entry: 1973;0;0
BTB entry: 1974;1;3
BTB entry: 1975;1;0
BTB entry: 1976;0;0
BTB entry: 1977;1;2
BTB entry: 1978;1;0
BTB entry: 1979;1;0
BTB entry: 1980;1;1
BTB entry: 1981;0;0
BTB entry: 1982;0;0
BTB entry: 1983;1;0
BTB entry: 1984;0;0
BTB entry: 1985;1;0
BTB entry: 1986;1;0
BTB entry: 1987;1;0
BTB entry: 1988;1;0
BTB entry: 1989;0;0
BTB entry: 1990;0;0
BTB entry: 1991;1;2
BTB entry: 1992;1;0
BTB entry: 1993;0;0
BTB entry: 1994;1;0
BTB entry: 1995;1;0
BTB entry: 1996;1;1
BTB entry: 1997;0;0
BTB entry: 1998;1;0
BTB entry: 1999;1;0
BTB entry: 2000;1;0
BTB entry: 2001;1;0
BTB entry: 2002;1;0
BTB entry: 2003;1;0
BTB entry: 2004;0;0
BTB entry: 2005;1;1
BTB entry: 2006;1;3
BTB entry: 2007;1;1
BTB entry: 2008;0;0
BTB entry: 2009;1;1
BTB entry: 2010;0;0
BTB entry: 2011;1;1
BTB entry: 2012;0;0
BTB entry: 2013;1;0
BTB entry: 2014;1;0
BTB entry: 2015;1;0
BTB entry: 2016;1;0
BTB entry: 2017;0;0
BTB entry: 2018;1;3
BTB entry: 2019;1;1
BTB entry: 2020;1;0
BTB entry: 2021;0;0
BTB entry: 2022;0;0
BTB entry: 2023;1;1
BTB entry: 2024;1;0
BTB entry: 2025;0;0
BTB entry: 2026;1;0
BTB entry: 2027;0;0
BTB entry: 2028;0;0
BTB entry: 2029;1;0
BTB entry: 2030;1;0
BTB entry: 2031;0;0
BTB entry: 2032;1;12
BTB entry: 2033;0;0
BTB entry: 2034;1;0
BTB entry: 2035;0;0
BTB entry: 2036;1;1
BTB entry: 2037;0;0
BTB entry: 2038;1;1
BTB entry: 2039;0;0
BTB entry: 2040;1;0
BTB entry: 2041;1;0
BTB entry: 2042;1;0
BTB entry: 2043;1;0
BTB entry: 2044;1;0
BTB entry: 2045;1;2
BTB entry: 2046;1;5
BTB entry: 2047;0;0
BTB entry: 2048;1;0
BTB entry: 2049;0;0
BTB entry: 2050;1;1
BTB entry: 2051;1;0
BTB entry: 2052;1;0
BTB entry: 2053;1;2
BTB entry: 2054;1;0
BTB entry: 2055;0;0
BTB entry: 2056;1;2
BTB entry: 2057;0;0
BTB entry: 2058;1;0
BTB entry: 2059;1;0
BTB entry: 2060;1;1
BTB entry: 2061;1;1
BTB entry: 2062;1;0
BTB entry: 2063;1;0
BTB entry: 2064;1;1
BTB entry: 2065;0;0
BTB entry: 2066;1;2
BTB entry: 2067;1;1
BTB entry: 2068;1;2
BTB entry: 2069;1;0
BTB entry: 2070;1;131
BTB entry: 2071;0;0
BTB entry: 2072;0;0
BTB entry: 2073;1;0
BTB entry: 2074;1;0
BTB entry: 2075;1;1
BTB entry: 2076;1;0
BTB entry: 2077;0;0
BTB entry: 2078;0;0
BTB entry: 2079;0;0
BTB entry: 2080;0;0
BTB entry: 2081;1;2
BTB entry: 2082;1;1
BTB entry: 2083;1;0
BTB entry: 2084;0;0
BTB entry: 2085;1;0
BTB entry: 2086;0;0
BTB entry: 2087;0;0
BTB entry: 2088;0;0
BTB entry: 2089;1;0
BTB entry: 2090;0;0
BTB entry: 2091;1;1
BTB entry: 2092;1;1
BTB entry: 2093;0;0
BTB entry: 2094;0;0
BTB entry: 2095;1;0
BTB entry: 2096;1;0
BTB entry: 2097;1;1
BTB entry: 2098;1;0
BTB entry: 2099;0;0
BTB entry: 2100;1;1
BTB entry: 2101;0;0
BTB entry: 2102;0;0
BTB entry: 2103;1;1
BTB entry: 2104;1;1
BTB entry: 2105;1;0
BTB entry: 2106;1;1
BTB entry: 2107;1;0
BTB entry: 2108;0;0
BTB entry: 2109;1;1
BTB entry: 2110;0;0
BTB entry: 2111;1;0
BTB entry: 2112;0;0
BTB entry: 2113;1;1
BTB entry: 2114;1;0
BTB entry: 2115;0;0
BTB entry: 2116;1;0
BTB entry: 2117;1;0
BTB entry: 2118;0;0
BTB entry: 2119;0;0
BTB entry: 2120;1;0
BTB entry: 2121;1;0
BTB entry: 2122;0;0
BTB entry: 2123;1;0
BTB entry: 2124;0;0
BTB entry: 2125;1;0
BTB entry: 2126;1;2
BTB entry: 2127;1;0
BTB entry: 2128;1;0
BTB entry: 2129;1;2
BTB entry: 2130;0;0
BTB entry: 2131;1;0
BTB entry: 2132;0;0
BTB entry: 2133;1;0
BTB entry: 2134;1;1
BTB entry: 2135;1;2
BTB entry: 2136;1;3
BTB entry: 2137;0;0
BTB entry: 2138;1;1
BTB entry: 2139;0;0
BTB entry: 2140;1;0
BTB entry: 2141;1;36
BTB entry: 2142;0;0
BTB entry: 2143;1;42
BTB entry: 2144;1;3
BTB entry: 2145;0;0
BTB entry: 2146;1;0
BTB entry: 2147;0;0
BTB entry: 2148;1;26
BTB entry: 2149;0;0
BTB entry: 2150;0;0
BTB entry: 2151;0;0
BTB entry: 2152;1;1
BTB entry: 2153;1;0
BTB entry: 2154;1;1
BTB entry: 2155;1;1
BTB entry: 2156;1;0
BTB entry: 2157;1;1
BTB entry: 2158;0;0
BTB entry: 2159;1;1
BTB entry: 2160;1;0
BTB entry: 2161;1;0
BTB entry: 2162;1;0
BTB entry: 2163;0;0
BTB entry: 2164;1;4
BTB entry: 2165;1;1
BTB entry: 2166;1;0
BTB entry: 2167;1;0
BTB entry: 2168;1;0
BTB entry: 2169;1;2
BTB entry: 2170;1;0
BTB entry: 2171;1;0
BTB entry: 2172;1;0
BTB entry: 2173;1;2
BTB entry: 2174;1;0
BTB entry: 2175;1;2
BTB entry: 2176;1;0
BTB entry: 2177;0;0
BTB entry: 2178;0;0
BTB entry: 2179;1;0
BTB entry: 2180;1;2
BTB entry: 2181;1;0
BTB entry: 2182;1;0
BTB entry: 2183;1;1
BTB entry: 2184;1;6
BTB entry: 2185;0;0
BTB entry: 2186;0;0
BTB entry: 2187;1;0
BTB entry: 2188;1;0
BTB entry: 2189;1;2
BTB entry: 2190;1;0
BTB entry: 2191;1;2
BTB entry: 2192;0;0
BTB entry: 2193;0;0
BTB entry: 2194;1;0
BTB entry: 2195;0;0
BTB entry: 2196;1;0
BTB entry: 2197;0;0
BTB entry: 2198;1;0
BTB entry: 2199;1;0
BTB entry: 2200;1;1
BTB entry: 2201;0;0
BTB entry: 2202;1;10
BTB entry: 2203;1;1
BTB entry: 2204;1;0
BTB entry: 2205;0;0
BTB entry: 2206;1;0
BTB entry: 2207;1;1
BTB entry: 2208;1;0
BTB entry: 2209;0;0
BTB entry: 2210;1;0
BTB entry: 2211;1;1
BTB entry: 2212;1;0
BTB entry: 2213;0;0
BTB entry: 2214;0;0
BTB entry: 2215;1;1
BTB entry: 2216;1;1
BTB entry: 2217;1;0
BTB entry: 2218;0;0
BTB entry: 2219;1;0
BTB entry: 2220;0;0
BTB entry: 2221;0;0
BTB entry: 2222;0;0
BTB entry: 2223;1;0
BTB entry: 2224;1;1
BTB entry: 2225;1;0
BTB entry: 2226;1;1
BTB entry: 2227;1;1
BTB entry: 2228;0;0
BTB entry: 2229;1;1
BTB entry: 2230;1;0
BTB entry: 2231;0;0
BTB entry: 2232;1;1
BTB entry: 2233;1;1
BTB entry: 2234;1;0
BTB entry: 2235;1;0
BTB entry: 2236;1;0
BTB entry: 2237;1;0
BTB entry: 2238;0;0
BTB entry: 2239;0;0
BTB entry: 2240;1;0
BTB entry: 2241;1;2
BTB entry: 2242;1;4
BTB entry: 2243;1;0
BTB entry: 2244;1;1
BTB entry: 2245;1;0
BTB entry: 2246;1;1
BTB entry: 2247;1;1
BTB entry: 2248;1;0
BTB entry: 2249;0;0
BTB entry: 2250;1;3
BTB entry: 2251;1;0
BTB entry: 2252;1;0
BTB entry: 2253;0;0
BTB entry: 2254;1;1
BTB entry: 2255;1;0
BTB entry: 2256;1;0
BTB entry: 2257;1;2
BTB entry: 2258;1;1
BTB entry: 2259;1;1
BTB entry: 2260;1;26
BTB entry: 2261;1;0
BTB entry: 2262;0;0
BTB entry: 2263;1;0
BTB entry: 2264;1;1
BTB entry: 2265;0;0
BTB entry: 2266;1;1
BTB entry: 2267;1;0
BTB entry: 2268;1;1
BTB entry: 2269;1;0
BTB entry: 2270;1;0
BTB entry: 2271;1;1
BTB entry: 2272;0;0
BTB entry: 2273;1;0
BTB entry: 2274;0;0
BTB entry: 2275;1;1
BTB entry: 2276;1;24
BTB entry: 2277;0;0
BTB entry: 2278;0;0
BTB entry: 2279;0;0
BTB entry: 2280;1;0
BTB entry: 2281;1;0
BTB entry: 2282;1;0
BTB entry: 2283;1;0
BTB entry: 2284;1;0
BTB entry: 2285;1;1
BTB entry: 2286;1;0
BTB entry: 2287;0;0
BTB entry: 2288;0;0
BTB entry: 2289;1;1
BTB entry: 2290;1;0
BTB entry: 2291;0;0
BTB entry: 2292;1;1
BTB entry: 2293;1;0
BTB entry: 2294;1;8
BTB entry: 2295;1;0
BTB entry: 2296;0;0
BTB entry: 2297;0;0
BTB entry: 2298;0;0
BTB entry: 2299;1;0
BTB entry: 2300;0;0
BTB entry: 2301;1;0
BTB entry: 2302;1;1
BTB entry: 2303;0;0
BTB entry: 2304;1;0
BTB entry: 2305;1;2
BTB entry: 2306;0;0
BTB entry: 2307;1;1
BTB entry: 2308;0;0
BTB entry: 2309;1;1
BTB entry: 2310;1;0
BTB entry: 2311;1;0
BTB entry: 2312;1;2
BTB entry: 2313;0;0
BTB entry: 2314;1;0
BTB entry: 2315;1;0
BTB entry: 2316;0;0
BTB entry: 2317;0;0
BTB entry: 2318;0;0
BTB entry: 2319;0;0
BTB entry: 2320;1;1
BTB entry: 2321;0;0
BTB entry: 2322;1;0
BTB entry: 2323;1;0
BTB entry: 2324;1;1
BTB entry: 2325;1;1
BTB entry: 2326;1;0
BTB entry: 2327;1;0
BTB entry: 2328;1;1
BTB entry: 2329;1;1
BTB entry: 2330;0;0
BTB entry: 2331;0;0
BTB entry: 2332;1;0
BTB entry: 2333;0;0
BTB entry: 2334;1;2
BTB entry: 2335;0;0
BTB entry: 2336;1;1
BTB entry: 2337;1;13
BTB entry: 2338;1;245
BTB entry: 2339;1;1
BTB entry: 2340;1;0
BTB entry: 2341;1;2
BTB entry: 2342;0;0
BTB entry: 2343;0;0
BTB entry: 2344;1;0
BTB entry: 2345;0;0
BTB entry: 2346;1;2
BTB entry: 2347;1;1
BTB entry: 2348;0;0
BTB entry: 2349;0;0
BTB entry: 2350;1;3
BTB entry: 2351;0;0
BTB entry: 2352;1;5
BTB entry: 2353;1;3
BTB entry: 2354;1;1
BTB entry: 2355;1;86
BTB entry: 2356;1;1
BTB entry: 2357;1;2
BTB entry: 2358;0;0
BTB entry: 2359;1;0
BTB entry: 2360;1;3
BTB entry: 2361;1;0
BTB entry: 2362;1;0
BTB entry: 2363;1;1
BTB entry: 2364;1;0
BTB entry: 2365;0;0
BTB entry: 2366;1;0
BTB entry: 2367;0;0
BTB entry: 2368;1;64
BTB entry: 2369;1;0
BTB entry: 2370;1;2
BTB entry: 2371;1;1
BTB entry: 2372;1;0
BTB entry: 2373;1;173
BTB entry: 2374;0;0
BTB entry: 2375;1;1
BTB entry: 2376;1;0
BTB entry: 2377;0;0
BTB entry: 2378;1;1
BTB entry: 2379;1;1
BTB entry: 2380;1;5
BTB entry: 2381;0;0
BTB entry: 2382;1;1
BTB entry: 2383;1;1
BTB entry: 2384;0;0
BTB entry: 2385;1;0
BTB entry: 2386;1;1
BTB entry: 2387;1;0
BTB entry: 2388;0;0
BTB entry: 2389;0;0
BTB entry: 2390;1;0
BTB entry: 2391;0;0
BTB entry: 2392;1;26
BTB entry: 2393;1;1
BTB entry: 2394;1;0
BTB entry: 2395;1;1
BTB entry: 2396;1;0
BTB entry: 2397;1;3
BTB entry: 2398;1;0
BTB entry: 2399;1;0
BTB entry: 2400;1;0
BTB entry: 2401;1;0
BTB entry: 2402;1;1
BTB entry: 2403;1;0
BTB entry: 2404;0;0
BTB entry: 2405;1;0
BTB entry: 2406;1;1
BTB entry: 2407;0;0
BTB entry: 2408;1;0
BTB entry: 2409;1;1
BTB entry: 2410;1;0
BTB entry: 2411;1;0
BTB entry: 2412;0;0
BTB entry: 2413;0;0
BTB entry: 2414;1;3
BTB entry: 2415;1;0
BTB entry: 2416;0;0
BTB entry: 2417;0;0
BTB entry: 2418;1;1
BTB entry: 2419;1;33
BTB entry: 2420;1;0
BTB entry: 2421;0;0
BTB entry: 2422;0;0
BTB entry: 2423;1;0
BTB entry: 2424;1;2
BTB entry: 2425;0;0
BTB entry: 2426;0;0
BTB entry: 2427;0;0
BTB entry: 2428;1;1
BTB entry: 2429;1;5
BTB entry: 2430;0;0
BTB entry: 2431;1;2
BTB entry: 2432;1;0
BTB entry: 2433;0;0
BTB entry: 2434;0;0
BTB entry: 2435;0;0
BTB entry: 2436;1;4
BTB entry: 2437;1;0
BTB entry: 2438;0;0
BTB entry: 2439;0;0
BTB entry: 2440;1;0
BTB entry: 2441;0;0
BTB entry: 2442;0;0
BTB entry: 2443;0;0
BTB entry: 2444;1;2
BTB entry: 2445;0;0
BTB entry: 2446;1;1
BTB entry: 2447;1;1
BTB entry: 2448;1;1
BTB entry: 2449;1;1
BTB entry: 2450;1;0
BTB entry: 2451;1;73
BTB entry: 2452;0;0
BTB entry: 2453;1;2
BTB entry: 2454;0;0
BTB entry: 2455;0;0
BTB entry: 2456;0;0
BTB entry: 2457;0;0
BTB entry: 2458;0;0
BTB entry: 2459;0;0
BTB entry: 2460;1;1
BTB entry: 2461;0;0
BTB entry: 2462;0;0
BTB entry: 2463;1;0
BTB entry: 2464;1;0
BTB entry: 2465;0;0
BTB entry: 2466;1;0
BTB entry: 2467;1;0
BTB entry: 2468;1;0
BTB entry: 2469;1;2
BTB entry: 2470;1;1
BTB entry: 2471;1;0
BTB entry: 2472;0;0
BTB entry: 2473;0;0
BTB entry: 2474;0;0
BTB entry: 2475;1;0
BTB entry: 2476;0;0
BTB entry: 2477;1;0
BTB entry: 2478;1;1
BTB entry: 2479;1;1
BTB entry: 2480;1;0
BTB entry: 2481;0;0
BTB entry: 2482;1;0
BTB entry: 2483;1;1
BTB entry: 2484;0;0
BTB entry: 2485;1;1
BTB entry: 2486;1;0
BTB entry: 2487;1;0
BTB entry: 2488;1;1
BTB entry: 2489;1;1
BTB entry: 2490;0;0
BTB entry: 2491;0;0
BTB entry: 2492;1;0
BTB entry: 2493;0;0
BTB entry: 2494;0;0
BTB entry: 2495;0;0
BTB entry: 2496;1;1
BTB entry: 2497;1;1
BTB entry: 2498;0;0
BTB entry: 2499;0;0
BTB entry: 2500;0;0
BTB entry: 2501;1;0
BTB entry: 2502;1;4
BTB entry: 2503;1;1
BTB entry: 2504;0;0
BTB entry: 2505;0;0
BTB entry: 2506;1;0
BTB entry: 2507;1;1
BTB entry: 2508;1;0
BTB entry: 2509;0;0
BTB entry: 2510;0;0
BTB entry: 2511;0;0
BTB entry: 2512;1;5
BTB entry: 2513;1;2
BTB entry: 2514;1;3
BTB entry: 2515;1;0
BTB entry: 2516;0;0
BTB entry: 2517;0;0
BTB entry: 2518;0;0
BTB entry: 2519;0;0
BTB entry: 2520;0;0
BTB entry: 2521;1;0
BTB entry: 2522;1;1
BTB entry: 2523;0;0
BTB entry: 2524;1;0
BTB entry: 2525;1;0
BTB entry: 2526;1;0
BTB entry: 2527;1;1
BTB entry: 2528;1;0
BTB entry: 2529;0;0
BTB entry: 2530;0;0
BTB entry: 2531;1;0
BTB entry: 2532;1;160
BTB entry: 2533;0;0
BTB entry: 2534;1;0
BTB entry: 2535;0;0
BTB entry: 2536;1;0
BTB entry: 2537;0;0
BTB entry: 2538;1;1
BTB entry: 2539;0;0
BTB entry: 2540;0;0
BTB entry: 2541;1;0
BTB entry: 2542;1;1
BTB entry: 2543;1;1
BTB entry: 2544;1;1
BTB entry: 2545;0;0
BTB entry: 2546;1;0
BTB entry: 2547;0;0
BTB entry: 2548;1;0
BTB entry: 2549;1;1
BTB entry: 2550;1;2
BTB entry: 2551;0;0
BTB entry: 2552;0;0
BTB entry: 2553;1;0
BTB entry: 2554;0;0
BTB entry: 2555;1;0
BTB entry: 2556;1;1
BTB entry: 2557;1;39
BTB entry: 2558;1;3
BTB entry: 2559;1;0
BTB entry: 2560;1;125
BTB entry: 2561;0;0
BTB entry: 2562;1;1
BTB entry: 2563;1;0
BTB entry: 2564;1;1
BTB entry: 2565;1;0
BTB entry: 2566;1;2
BTB entry: 2567;1;1
BTB entry: 2568;1;0
BTB entry: 2569;1;0
BTB entry: 2570;1;1
BTB entry: 2571;0;0
BTB entry: 2572;1;0
BTB entry: 2573;1;1
BTB entry: 2574;1;1
BTB entry: 2575;1;0
BTB entry: 2576;0;0
BTB entry: 2577;1;0
BTB entry: 2578;1;2
BTB entry: 2579;1;24
BTB entry: 2580;0;0
BTB entry: 2581;1;1
BTB entry: 2582;1;0
BTB entry: 2583;1;2
BTB entry: 2584;0;0
BTB entry: 2585;1;0
BTB entry: 2586;0;0
BTB entry: 2587;1;0
BTB entry: 2588;1;2
BTB entry: 2589;0;0
BTB entry: 2590;1;0
BTB entry: 2591;1;0
BTB entry: 2592;1;2
BTB entry: 2593;1;0
BTB entry: 2594;1;1
BTB entry: 2595;1;1
BTB entry: 2596;0;0
BTB entry: 2597;1;121
BTB entry: 2598;1;1
BTB entry: 2599;1;1
BTB entry: 2600;1;0
BTB entry: 2601;1;0
BTB entry: 2602;1;0
BTB entry: 2603;0;0
BTB entry: 2604;0;0
BTB entry: 2605;1;1
BTB entry: 2606;1;0
BTB entry: 2607;1;1
BTB entry: 2608;1;2
BTB entry: 2609;1;2
BTB entry: 2610;1;0
BTB entry: 2611;0;0
BTB entry: 2612;0;0
BTB entry: 2613;1;0
BTB entry: 2614;1;1
BTB entry: 2615;1;1
BTB entry: 2616;0;0
BTB entry: 2617;1;0
BTB entry: 2618;0;0
BTB entry: 2619;0;0
BTB entry: 2620;1;1
BTB entry: 2621;1;0
BTB entry: 2622;1;1
BTB entry: 2623;1;0
BTB entry: 2624;1;1
BTB entry: 2625;1;3
BTB entry: 2626;0;0
BTB entry: 2627;1;1
BTB entry: 2628;1;0
BTB entry: 2629;1;0
BTB entry: 2630;1;2
BTB entry: 2631;1;181
BTB entry: 2632;1;1
BTB entry: 2633;1;25
BTB entry: 2634;0;0
BTB entry: 2635;1;0
BTB entry: 2636;0;0
BTB entry: 2637;0;0
BTB entry: 2638;1;0
BTB entry: 2639;0;0
BTB entry: 2640;1;2
BTB entry: 2641;1;0
BTB entry: 2642;1;1
BTB entry: 2643;0;0
BTB entry: 2644;1;0
BTB entry: 2645;0;0
BTB entry: 2646;1;0
BTB entry: 2647;1;0
BTB entry: 2648;1;0
BTB entry: 2649;1;2
BTB entry: 2650;0;0
BTB entry: 2651;1;0
BTB entry: 2652;0;0
BTB entry: 2653;1;0
BTB entry: 2654;1;1
BTB entry: 2655;0;0
BTB entry: 2656;1;2
BTB entry: 2657;1;0
BTB entry: 2658;1;1
BTB entry: 2659;1;1
BTB entry: 2660;1;1
BTB entry: 2661;1;3
BTB entry: 2662;1;0
BTB entry: 2663;1;0
BTB entry: 2664;1;0
BTB entry: 2665;0;0
BTB entry: 2666;1;12
BTB entry: 2667;1;0
BTB entry: 2668;1;1
BTB entry: 2669;0;0
BTB entry: 2670;0;0
BTB entry: 2671;1;1
BTB entry: 2672;1;0
BTB entry: 2673;1;0
BTB entry: 2674;1;1
BTB entry: 2675;1;67
BTB entry: 2676;1;1
BTB entry: 2677;1;0
BTB entry: 2678;0;0
BTB entry: 2679;1;1
BTB entry: 2680;1;0
BTB entry: 2681;1;0
BTB entry: 2682;1;0
BTB entry: 2683;0;0
BTB entry: 2684;1;0
BTB entry: 2685;1;0
BTB entry: 2686;1;4
BTB entry: 2687;1;0
BTB entry: 2688;1;3
BTB entry: 2689;0;0
BTB entry: 2690;1;1
BTB entry: 2691;0;0
BTB entry: 2692;1;0
BTB entry: 2693;1;2
BTB entry: 2694;1;0
BTB entry: 2695;1;0
BTB entry: 2696;1;6
BTB entry: 2697;0;0
BTB entry: 2698;1;0
BTB entry: 2699;0;0
BTB entry: 2700;1;0
BTB entry: 2701;1;1
BTB entry: 2702;1;0
BTB entry: 2703;1;0
BTB entry: 2704;1;0
BTB entry: 2705;1;0
BTB entry: 2706;1;0
BTB entry: 2707;1;1
BTB entry: 2708;1;0
BTB entry: 2709;0;0
BTB entry: 2710;1;2
BTB entry: 2711;1;2
BTB entry: 2712;1;0
BTB entry: 2713;0;0
BTB entry: 2714;1;1
BTB entry: 2715;1;3
BTB entry: 2716;1;0
BTB entry: 2717;1;0
BTB entry: 2718;1;1
BTB entry: 2719;0;0
BTB entry: 2720;1;0
BTB entry: 2721;0;0
BTB entry: 2722;1;40
BTB entry: 2723;1;1
BTB entry: 2724;1;3
BTB entry: 2725;1;1
BTB entry: 2726;1;1
BTB entry: 2727;1;0
BTB entry: 2728;1;0
BTB entry: 2729;0;0
BTB entry: 2730;1;1
BTB entry: 2731;1;6
BTB entry: 2732;0;0
BTB entry: 2733;1;1
BTB entry: 2734;0;0
BTB entry: 2735;1;4
BTB entry: 2736;1;0
BTB entry: 2737;1;0
BTB entry: 2738;1;0
BTB entry: 2739;1;3
BTB entry: 2740;0;0
BTB entry: 2741;1;0
BTB entry: 2742;0;0
BTB entry: 2743;1;0
BTB entry: 2744;1;1
BTB entry: 2745;1;1
BTB entry: 2746;1;0
BTB entry: 2747;0;0
BTB entry: 2748;1;0
BTB entry: 2749;1;0
BTB entry: 2750;0;0
BTB entry: 2751;1;2
BTB entry: 2752;1;85
BTB entry: 2753;1;1
BTB entry: 2754;1;1
BTB entry: 2755;1;0
BTB entry: 2756;0;0
BTB entry: 2757;0;0
BTB entry: 2758;1;0
BTB entry: 2759;1;1
BTB entry: 2760;1;0
BTB entry: 2761;1;3
BTB entry: 2762;1;2
BTB entry: 2763;1;0
BTB entry: 2764;1;0
BTB entry: 2765;1;1
BTB entry: 2766;1;1
BTB entry: 2767;1;1
BTB entry: 2768;1;2
BTB entry: 2769;1;0
BTB entry: 2770;1;0
BTB entry: 2771;1;1
BTB entry: 2772;0;0
BTB entry: 2773;0;0
BTB entry: 2774;1;1
BTB entry: 2775;1;1
BTB entry: 2776;1;2
BTB entry: 2777;0;0
BTB entry: 2778;1;0
BTB entry: 2779;0;0
BTB entry: 2780;1;86
BTB entry: 2781;1;0
BTB entry: 2782;0;0
BTB entry: 2783;1;2
BTB entry: 2784;1;126
BTB entry: 2785;0;0
BTB entry: 2786;0;0
BTB entry: 2787;1;1
BTB entry: 2788;1;0
BTB entry: 2789;1;1
BTB entry: 2790;0;0
BTB entry: 2791;0;0
BTB entry: 2792;1;1
BTB entry: 2793;1;74
BTB entry: 2794;0;0
BTB entry: 2795;0;0
BTB entry: 2796;1;0
BTB entry: 2797;1;0
BTB entry: 2798;1;0
BTB entry: 2799;1;1
BTB entry: 2800;1;0
BTB entry: 2801;0;0
BTB entry: 2802;1;0
BTB entry: 2803;1;0
BTB entry: 2804;1;0
BTB entry: 2805;0;0
BTB entry: 2806;0;0
BTB entry: 2807;1;0
BTB entry: 2808;1;1
BTB entry: 2809;1;0
BTB entry: 2810;1;0
BTB entry: 2811;1;0
BTB entry: 2812;0;0
BTB entry: 2813;1;1
BTB entry: 2814;1;0
BTB entry: 2815;0;0
BTB entry: 2816;1;39
BTB entry: 2817;1;1
BTB entry: 2818;1;0
BTB entry: 2819;1;1
BTB entry: 2820;0;0
BTB entry: 2821;1;0
BTB entry: 2822;1;3
BTB entry: 2823;1;3
BTB entry: 2824;0;0
BTB entry: 2825;1;0
BTB entry: 2826;1;3
BTB entry: 2827;1;0
BTB entry: 2828;0;0
BTB entry: 2829;0;0
BTB entry: 2830;1;2
BTB entry: 2831;1;1
BTB entry: 2832;1;1
BTB entry: 2833;1;1
BTB entry: 2834;1;1
BTB entry: 2835;0;0
BTB entry: 2836;1;0
BTB entry: 2837;1;0
BTB entry: 2838;1;0
BTB entry: 2839;1;1
BTB entry: 2840;0;0
BTB entry: 2841;1;0
BTB entry: 2842;0;0
BTB entry: 2843;1;0
BTB entry: 2844;1;0
BTB entry: 2845;1;0
BTB entry: 2846;1;1
BTB entry: 2847;1;0
BTB entry: 2848;1;0
BTB entry: 2849;0;0
BTB entry: 2850;1;1
BTB entry: 2851;1;0
BTB entry: 2852;1;0
BTB entry: 2853;1;0
BTB entry: 2854;1;0
BTB entry: 2855;1;1
BTB entry: 2856;1;0
BTB entry: 2857;1;1
BTB entry: 2858;1;0
BTB entry: 2859;1;88
BTB entry: 2860;1;2
BTB entry: 2861;1;0
BTB entry: 2862;0;0
BTB entry: 2863;0;0
BTB entry: 2864;0;0
BTB entry: 2865;1;85
BTB entry: 2866;1;1
BTB entry: 2867;1;1
BTB entry: 2868;1;0
BTB entry: 2869;1;5
BTB entry: 2870;0;0
BTB entry: 2871;0;0
BTB entry: 2872;1;0
BTB entry: 2873;0;0
BTB entry: 2874;0;0
BTB entry: 2875;1;1114
BTB entry: 2876;1;0
BTB entry: 2877;1;0
BTB entry: 2878;1;0
BTB entry: 2879;0;0
BTB entry: 2880;0;0
BTB entry: 2881;1;0
BTB entry: 2882;1;0
BTB entry: 2883;0;0
BTB entry: 2884;1;2
BTB entry: 2885;1;0
BTB entry: 2886;1;1
BTB entry: 2887;0;0
BTB entry: 2888;1;1
BTB entry: 2889;0;0
BTB entry: 2890;1;0
BTB entry: 2891;0;0
BTB entry: 2892;1;0
BTB entry: 2893;1;1
BTB entry: 2894;1;0
BTB entry: 2895;1;0
BTB entry: 2896;0;0
BTB entry: 2897;1;0
BTB entry: 2898;1;1
BTB entry: 2899;0;0
BTB entry: 2900;1;2
BTB entry: 2901;1;0
BTB entry: 2902;1;0
BTB entry: 2903;1;0
BTB entry: 2904;1;0
BTB entry: 2905;1;0
BTB entry: 2906;1;2
BTB entry: 2907;0;0
BTB entry: 2908;0;0
BTB entry: 2909;1;0
BTB entry: 2910;1;3
BTB entry: 2911;0;0
BTB entry: 2912;1;1
BTB entry: 2913;1;0
BTB entry: 2914;0;0
BTB entry: 2915;0;0
BTB entry: 2916;1;1
BTB entry: 2917;0;0
BTB entry: 2918;1;1
BTB entry: 2919;1;0
BTB entry: 2920;1;0
BTB entry: 2921;1;0
BTB entry: 2922;1;2
BTB entry: 2923;1;1
BTB entry: 2924;1;0
BTB entry: 2925;1;2
BTB entry: 2926;1;3
BTB entry: 2927;0;0
BTB entry: 2928;1;0
BTB entry: 2929;0;0
BTB entry: 2930;0;0
BTB entry: 2931;0;0
BTB entry: 2932;1;2
BTB entry: 2933;1;0
BTB entry: 2934;0;0
BTB entry: 2935;0;0
BTB entry: 2936;0;0
BTB entry: 2937;1;0
BTB entry: 2938;1;25
BTB entry: 2939;1;1
BTB entry: 2940;1;49
BTB entry: 2941;1;0
BTB entry: 2942;0;0
BTB entry: 2943;1;1
BTB entry: 2944;1;0
BTB entry: 2945;1;85
BTB entry: 2946;1;3
BTB entry: 2947;1;23
BTB entry: 2948;1;0
BTB entry: 2949;0;0
BTB entry: 2950;1;0
BTB entry: 2951;0;0
BTB entry: 2952;1;1
BTB entry: 2953;1;0
BTB entry: 2954;1;0
BTB entry: 2955;0;0
BTB entry: 2956;1;0
BTB entry: 2957;1;1
BTB entry: 2958;1;0
BTB entry: 2959;1;1
BTB entry: 2960;1;2
BTB entry: 2961;1;0
BTB entry: 2962;0;0
BTB entry: 2963;1;0
BTB entry: 2964;1;0
BTB entry: 2965;0;0
BTB entry: 2966;0;0
BTB entry: 2967;0;0
BTB entry: 2968;1;31
BTB entry: 2969;1;0
BTB entry: 2970;1;49
BTB entry: 2971;0;0
BTB entry: 2972;1;0
BTB entry: 2973;1;0
BTB entry: 2974;1;1
BTB entry: 2975;1;1
BTB entry: 2976;1;1
BTB entry: 2977;1;4
BTB entry: 2978;1;0
BTB entry: 2979;1;1
BTB entry: 2980;0;0
BTB entry: 2981;1;0
BTB entry: 2982;0;0
BTB entry: 2983;1;0
BTB entry: 2984;1;0
BTB entry: 2985;1;0
BTB entry: 2986;0;0
BTB entry: 2987;1;1
BTB entry: 2988;1;0
BTB entry: 2989;0;0
BTB entry: 2990;0;0
BTB entry: 2991;1;5
BTB entry: 2992;1;3
BTB entry: 2993;0;0
BTB entry: 2994;1;1
BTB entry: 2995;1;0
BTB entry: 2996;1;0
BTB entry: 2997;1;1
BTB entry: 2998;0;0
BTB entry: 2999;0;0
BTB entry: 3000;1;2
BTB entry: 3001;1;0
BTB entry: 3002;0;0
BTB entry: 3003;1;1
BTB entry: 3004;0;0
BTB entry: 3005;1;3
BTB entry: 3006;1;2
BTB entry: 3007;1;0
BTB entry: 3008;0;0
BTB entry: 3009;0;0
BTB entry: 3010;0;0
BTB entry: 3011;0;0
BTB entry: 3012;1;1
BTB entry: 3013;1;2
BTB entry: 3014;0;0
BTB entry: 3015;1;0
BTB entry: 3016;1;1
BTB entry: 3017;1;2
BTB entry: 3018;0;0
BTB entry: 3019;1;0
BTB entry: 3020;1;1
BTB entry: 3021;1;1
BTB entry: 3022;1;1
BTB entry: 3023;1;0
BTB entry: 3024;0;0
BTB entry: 3025;1;0
BTB entry: 3026;1;0
BTB entry: 3027;0;0
BTB entry: 3028;1;0
BTB entry: 3029;1;0
BTB entry: 3030;0;0
BTB entry: 3031;1;0
BTB entry: 3032;1;0
BTB entry: 3033;1;0
BTB entry: 3034;1;1
BTB entry: 3035;1;2
BTB entry: 3036;1;1
BTB entry: 3037;0;0
BTB entry: 3038;0;0
BTB entry: 3039;0;0
BTB entry: 3040;1;0
BTB entry: 3041;0;0
BTB entry: 3042;0;0
BTB entry: 3043;0;0
BTB entry: 3044;1;0
BTB entry: 3045;1;2
BTB entry: 3046;1;0
BTB entry: 3047;1;0
BTB entry: 3048;1;0
BTB entry: 3049;1;0
BTB entry: 3050;1;1
BTB entry: 3051;0;0
BTB entry: 3052;1;1
BTB entry: 3053;1;56
BTB entry: 3054;0;0
BTB entry: 3055;1;0
BTB entry: 3056;1;0
BTB entry: 3057;1;0
BTB entry: 3058;0;0
BTB entry: 3059;1;0
BTB entry: 3060;1;56
BTB entry: 3061;1;0
BTB entry: 3062;0;0
BTB entry: 3063;1;1
BTB entry: 3064;1;0
BTB entry: 3065;1;0
BTB entry: 3066;1;0
BTB entry: 3067;0;0
BTB entry: 3068;1;2
BTB entry: 3069;1;0
BTB entry: 3070;1;0
BTB entry: 3071;0;0
BTB entry: 3072;1;0
BTB entry: 3073;0;0
BTB entry: 3074;1;0
BTB entry: 3075;0;0
BTB entry: 3076;1;0
BTB entry: 3077;1;0
BTB entry: 3078;1;1
BTB entry: 3079;1;3
BTB entry: 3080;0;0
BTB entry: 3081;1;1
BTB entry: 3082;1;0
BTB entry: 3083;1;2
BTB entry: 3084;1;0
BTB entry: 3085;1;0
BTB entry: 3086;0;0
BTB entry: 3087;1;0
BTB entry: 3088;1;1
BTB entry: 3089;0;0
BTB entry: 3090;0;0
BTB entry: 3091;0;0
BTB entry: 3092;1;0
BTB entry: 3093;0;0
BTB entry: 3094;1;0
BTB entry: 3095;1;0
BTB entry: 3096;1;0
BTB entry: 3097;1;0
BTB entry: 3098;1;0
BTB entry: 3099;1;1
BTB entry: 3100;1;1
BTB entry: 3101;0;0
BTB entry: 3102;1;1
BTB entry: 3103;0;0
BTB entry: 3104;1;6
BTB entry: 3105;0;0
BTB entry: 3106;0;0
BTB entry: 3107;1;1
BTB entry: 3108;0;0
BTB entry: 3109;1;0
BTB entry: 3110;0;0
BTB entry: 3111;0;0
BTB entry: 3112;1;1
BTB entry: 3113;1;1
BTB entry: 3114;1;0
BTB entry: 3115;1;0
BTB entry: 3116;0;0
BTB entry: 3117;1;0
BTB entry: 3118;0;0
BTB entry: 3119;0;0
BTB entry: 3120;1;0
BTB entry: 3121;0;0
BTB entry: 3122;1;0
BTB entry: 3123;1;2
BTB entry: 3124;1;0
BTB entry: 3125;1;2
BTB entry: 3126;1;0
BTB entry: 3127;1;50
BTB entry: 3128;1;1
BTB entry: 3129;0;0
BTB entry: 3130;1;2
BTB entry: 3131;0;0
BTB entry: 3132;0;0
BTB entry: 3133;0;0
BTB entry: 3134;1;2
BTB entry: 3135;0;0
BTB entry: 3136;1;2
BTB entry: 3137;1;36
BTB entry: 3138;1;1
BTB entry: 3139;0;0
BTB entry: 3140;0;0
BTB entry: 3141;1;1
BTB entry: 3142;1;0
BTB entry: 3143;1;1
BTB entry: 3144;1;1
BTB entry: 3145;0;0
BTB entry: 3146;1;0
BTB entry: 3147;0;0
BTB entry: 3148;1;1
BTB entry: 3149;0;0
BTB entry: 3150;1;0
BTB entry: 3151;0;0
BTB entry: 3152;1;1
BTB entry: 3153;0;0
BTB entry: 3154;1;0
BTB entry: 3155;1;0
BTB entry: 3156;0;0
BTB entry: 3157;1;1
BTB entry: 3158;1;8
BTB entry: 3159;1;0
BTB entry: 3160;0;0
BTB entry: 3161;0;0
BTB entry: 3162;1;1
BTB entry: 3163;0;0
BTB entry: 3164;0;0
BTB entry: 3165;1;0
BTB entry: 3166;0;0
BTB entry: 3167;0;0
BTB entry: 3168;1;0
BTB entry: 3169;1;2
BTB entry: 3170;0;0
BTB entry: 3171;0;0
BTB entry: 3172;0;0
BTB entry: 3173;1;2
BTB entry: 3174;1;0
BTB entry: 3175;1;0
BTB entry: 3176;0;0
BTB entry: 3177;0;0
BTB entry: 3178;1;0
BTB entry: 3179;0;0
BTB entry: 3180;0;0
BTB entry: 3181;1;0
BTB entry: 3182;1;0
BTB entry: 3183;1;0
BTB entry: 3184;1;0
BTB entry: 3185;0;0
BTB entry: 3186;1;0
BTB entry: 3187;1;0
BTB entry: 3188;0;0
BTB entry: 3189;1;0
BTB entry: 3190;0;0
BTB entry: 3191;1;0
BTB entry: 3192;1;1
BTB entry: 3193;0;0
BTB entry: 3194;1;0
BTB entry: 3195;1;0
BTB entry: 3196;1;0
BTB entry: 3197;1;0
BTB entry: 3198;1;0
BTB entry: 3199;0;0
BTB entry: 3200;0;0
BTB entry: 3201;1;0
BTB entry: 3202;1;2
BTB entry: 3203;1;0
BTB entry: 3204;0;0
BTB entry: 3205;1;0
BTB entry: 3206;0;0
BTB entry: 3207;1;0
BTB entry: 3208;1;0
BTB entry: 3209;1;0
BTB entry: 3210;1;2
BTB entry: 3211;1;0
BTB entry: 3212;0;0
BTB entry: 3213;0;0
BTB entry: 3214;1;0
BTB entry: 3215;1;0
BTB entry: 3216;1;1
BTB entry: 3217;0;0
BTB entry: 3218;0;0
BTB entry: 3219;1;0
BTB entry: 3220;1;0
BTB entry: 3221;0;0
BTB entry: 3222;0;0
BTB entry: 3223;0;0
BTB entry: 3224;1;0
BTB entry: 3225;1;0
BTB entry: 3226;0;0
BTB entry: 3227;1;0
BTB entry: 3228;0;0
BTB entry: 3229;1;0
BTB entry: 3230;0;0
BTB entry: 3231;1;0
BTB entry: 3232;1;36
BTB entry: 3233;1;0
BTB entry: 3234;1;0
BTB entry: 3235;0;0
BTB entry: 3236;1;0
BTB entry: 3237;0;0
BTB entry: 3238;1;2
BTB entry: 3239;0;0
BTB entry: 3240;1;0
BTB entry: 3241;0;0
BTB entry: 3242;1;1
BTB entry: 3243;1;0
BTB entry: 3244;1;1
BTB entry: 3245;0;0
BTB entry: 3246;0;0
BTB entry: 3247;0;0
BTB entry: 3248;1;0
BTB entry: 3249;1;0
BTB entry: 3250;0;0
BTB entry: 3251;1;2
BTB entry: 3252;1;0
BTB entry: 3253;1;1
BTB entry: 3254;0;0
BTB entry: 3255;0;0
BTB entry: 3256;1;3
BTB entry: 3257;1;1
BTB entry: 3258;0;0
BTB entry: 3259;1;0
BTB entry: 3260;1;1
BTB entry: 3261;0;0
BTB entry: 3262;1;1
BTB entry: 3263;1;1
BTB entry: 3264;0;0
BTB entry: 3265;1;0
BTB entry: 3266;1;0
BTB entry: 3267;0;0
BTB entry: 3268;0;0
BTB entry: 3269;0;0
BTB entry: 3270;0;0
BTB entry: 3271;1;0
BTB entry: 3272;0;0
BTB entry: 3273;1;0
BTB entry: 3274;1;1
BTB entry: 3275;1;0
BTB entry: 3276;0;0
BTB entry: 3277;0;0
BTB entry: 3278;1;1
BTB entry: 3279;1;6
BTB entry: 3280;1;0
BTB entry: 3281;1;2
BTB entry: 3282;1;0
BTB entry: 3283;1;0
BTB entry: 3284;1;0
BTB entry: 3285;1;0
BTB entry: 3286;1;1
BTB entry: 3287;0;0
BTB entry: 3288;1;0
BTB entry: 3289;1;1
BTB entry: 3290;0;0
BTB entry: 3291;1;4
BTB entry: 3292;1;5
BTB entry: 3293;1;1
BTB entry: 3294;0;0
BTB entry: 3295;1;2
BTB entry: 3296;0;0
BTB entry: 3297;1;16
BTB entry: 3298;1;5
BTB entry: 3299;0;0
BTB entry: 3300;0;0
BTB entry: 3301;1;0
BTB entry: 3302;1;2
BTB entry: 3303;0;0
BTB entry: 3304;1;1
BTB entry: 3305;1;0
BTB entry: 3306;1;32
BTB entry: 3307;1;0
BTB entry: 3308;0;0
BTB entry: 3309;1;2
BTB entry: 3310;0;0
BTB entry: 3311;1;0
BTB entry: 3312;1;0
BTB entry: 3313;1;3
BTB entry: 3314;1;1
BTB entry: 3315;1;1
BTB entry: 3316;0;0
BTB entry: 3317;1;0
BTB entry: 3318;0;0
BTB entry: 3319;1;0
BTB entry: 3320;1;0
BTB entry: 3321;1;0
BTB entry: 3322;0;0
BTB entry: 3323;0;0
BTB entry: 3324;1;0
BTB entry: 3325;1;1
BTB entry: 3326;1;0
BTB entry: 3327;0;0
BTB entry: 3328;1;1
BTB entry: 3329;1;1
BTB entry: 3330;1;0
BTB entry: 3331;0;0
BTB entry: 3332;0;0
BTB entry: 3333;1;0
BTB entry: 3334;0;0
BTB entry: 3335;1;1
BTB entry: 3336;0;0
BTB entry: 3337;1;1
BTB entry: 3338;1;4
BTB entry: 3339;0;0
BTB entry: 3340;0;0
BTB entry: 3341;1;2
BTB entry: 3342;0;0
BTB entry: 3343;0;0
BTB entry: 3344;1;0
BTB entry: 3345;1;0
BTB entry: 3346;1;3
BTB entry: 3347;1;1
BTB entry: 3348;1;1
BTB entry: 3349;1;0
BTB entry: 3350;1;0
BTB entry: 3351;1;0
BTB entry: 3352;1;2
BTB entry: 3353;0;0
BTB entry: 3354;0;0
BTB entry: 3355;1;1
BTB entry: 3356;0;0
BTB entry: 3357;0;0
BTB entry: 3358;1;0
BTB entry: 3359;1;1
BTB entry: 3360;0;0
BTB entry: 3361;1;0
BTB entry: 3362;0;0
BTB entry: 3363;0;0
BTB entry: 3364;0;0
BTB entry: 3365;0;0
BTB entry: 3366;1;1
BTB entry: 3367;1;2
BTB entry: 3368;0;0
BTB entry: 3369;0;0
BTB entry: 3370;0;0
BTB entry: 3371;1;0
BTB entry: 3372;1;0
BTB entry: 3373;1;0
BTB entry: 3374;1;0
BTB entry: 3375;0;0
BTB entry: 3376;1;2
BTB entry: 3377;1;1
BTB entry: 3378;0;0
BTB entry: 3379;0;0
BTB entry: 3380;1;0
BTB entry: 3381;1;0
BTB entry: 3382;1;0
BTB entry: 3383;1;0
BTB entry: 3384;1;0
BTB entry: 3385;0;0
BTB entry: 3386;1;2
BTB entry: 3387;1;2
BTB entry: 3388;0;0
BTB entry: 3389;0;0
BTB entry: 3390;1;0
BTB entry: 3391;1;0
BTB entry: 3392;1;3
BTB entry: 3393;1;0
BTB entry: 3394;1;0
BTB entry: 3395;0;0
BTB entry: 3396;1;0
BTB entry: 3397;0;0
BTB entry: 3398;1;0
BTB entry: 3399;1;0
BTB entry: 3400;1;1
BTB entry: 3401;1;0
BTB entry: 3402;1;0
BTB entry: 3403;0;0
BTB entry: 3404;1;0
BTB entry: 3405;0;0
BTB entry: 3406;1;0
BTB entry: 3407;1;1
BTB entry: 3408;1;0
BTB entry: 3409;1;0
BTB entry: 3410;1;1
BTB entry: 3411;0;0
BTB entry: 3412;1;0
BTB entry: 3413;0;0
BTB entry: 3414;0;0
BTB entry: 3415;1;0
BTB entry: 3416;1;0
BTB entry: 3417;1;1
BTB entry: 3418;0;0
BTB entry: 3419;1;0
BTB entry: 3420;0;0
BTB entry: 3421;0;0
BTB entry: 3422;1;1
BTB entry: 3423;1;0
BTB entry: 3424;0;0
BTB entry: 3425;0;0
BTB entry: 3426;1;0
BTB entry: 3427;0;0
BTB entry: 3428;1;0
BTB entry: 3429;1;0
BTB entry: 3430;1;2
BTB entry: 3431;1;1
BTB entry: 3432;0;0
BTB entry: 3433;0;0
BTB entry: 3434;1;0
BTB entry: 3435;1;0
BTB entry: 3436;0;0
BTB entry: 3437;1;0
BTB entry: 3438;1;0
BTB entry: 3439;0;0
BTB entry: 3440;0;0
BTB entry: 3441;0;0
BTB entry: 3442;1;0
BTB entry: 3443;1;0
BTB entry: 3444;1;1
BTB entry: 3445;1;2
BTB entry: 3446;1;0
BTB entry: 3447;0;0
BTB entry: 3448;0;0
BTB entry: 3449;1;0
BTB entry: 3450;0;0
BTB entry: 3451;1;0
BTB entry: 3452;1;0
BTB entry: 3453;0;0
BTB entry: 3454;0;0
BTB entry: 3455;0;0
BTB entry: 3456;1;0
BTB entry: 3457;1;0
BTB entry: 3458;1;49
BTB entry: 3459;1;1
BTB entry: 3460;1;0
BTB entry: 3461;0;0
BTB entry: 3462;1;0
BTB entry: 3463;0;0
BTB entry: 3464;1;49
BTB entry: 3465;1;1
BTB entry: 3466;1;0
BTB entry: 3467;0;0
BTB entry: 3468;1;0
BTB entry: 3469;0;0
BTB entry: 3470;1;0
BTB entry: 3471;0;0
BTB entry: 3472;1;0
BTB entry: 3473;1;0
BTB entry: 3474;1;4
BTB entry: 3475;1;0
BTB entry: 3476;0;0
BTB entry: 3477;1;2
BTB entry: 3478;1;0
BTB entry: 3479;0;0
BTB entry: 3480;0;0
BTB entry: 3481;1;1
BTB entry: 3482;0;0
BTB entry: 3483;0;0
BTB entry: 3484;1;28
BTB entry: 3485;1;0
BTB entry: 3486;1;0
BTB entry: 3487;1;1
BTB entry: 3488;1;1
BTB entry: 3489;1;1
BTB entry: 3490;1;0
BTB entry: 3491;1;1
BTB entry: 3492;1;1
BTB entry: 3493;1;1
BTB entry: 3494;1;0
BTB entry: 3495;0;0
BTB entry: 3496;1;0
BTB entry: 3497;1;0
BTB entry: 3498;1;1
BTB entry: 3499;1;0
BTB entry: 3500;0;0
BTB entry: 3501;1;2
BTB entry: 3502;1;1
BTB entry: 3503;1;0
BTB entry: 3504;1;0
BTB entry: 3505;0;0
BTB entry: 3506;1;0
BTB entry: 3507;1;0
BTB entry: 3508;0;0
BTB entry: 3509;0;0
BTB entry: 3510;1;2
BTB entry: 3511;0;0
BTB entry: 3512;1;0
BTB entry: 3513;1;2
BTB entry: 3514;0;0
BTB entry: 3515;1;0
BTB entry: 3516;0;0
BTB entry: 3517;0;0
BTB entry: 3518;1;2
BTB entry: 3519;1;1
BTB entry: 3520;1;1
BTB entry: 3521;0;0
BTB entry: 3522;1;0
BTB entry: 3523;1;0
BTB entry: 3524;1;0
BTB entry: 3525;1;0
BTB entry: 3526;0;0
BTB entry: 3527;1;0
BTB entry: 3528;1;1
BTB entry: 3529;1;0
BTB entry: 3530;1;0
BTB entry: 3531;0;0
BTB entry: 3532;1;1
BTB entry: 3533;0;0
BTB entry: 3534;1;2
BTB entry: 3535;1;0
BTB entry: 3536;1;1
BTB entry: 3537;1;0
BTB entry: 3538;0;0
BTB entry: 3539;1;0
BTB entry: 3540;1;2
BTB entry: 3541;0;0
BTB entry: 3542;0;0
BTB entry: 3543;1;0
BTB entry: 3544;1;0
BTB entry: 3545;0;0
BTB entry: 3546;1;1
BTB entry: 3547;1;1
BTB entry: 3548;0;0
BTB entry: 3549;0;0
BTB entry: 3550;1;0
BTB entry: 3551;0;0
BTB entry: 3552;1;0
BTB entry: 3553;1;1
BTB entry: 3554;1;1
BTB entry: 3555;0;0
BTB entry: 3556;0;0
BTB entry: 3557;0;0
BTB entry: 3558;0;0
BTB entry: 3559;0;0
BTB entry: 3560;1;0
BTB entry: 3561;1;0
BTB entry: 3562;1;1
BTB entry: 3563;1;0
BTB entry: 3564;0;0
BTB entry: 3565;1;0
BTB entry: 3566;1;1
BTB entry: 3567;1;2
BTB entry: 3568;1;0
BTB entry: 3569;1;0
BTB entry: 3570;0;0
BTB entry: 3571;0;0
BTB entry: 3572;0;0
BTB entry: 3573;1;0
BTB entry: 3574;0;0
BTB entry: 3575;1;2
BTB entry: 3576;0;0
BTB entry: 3577;1;0
BTB entry: 3578;0;0
BTB entry: 3579;1;0
BTB entry: 3580;1;0
BTB entry: 3581;1;0
BTB entry: 3582;0;0
BTB entry: 3583;0;0
BTB entry: 3584;0;0
BTB entry: 3585;0;0
BTB entry: 3586;0;0
BTB entry: 3587;0;0
BTB entry: 3588;1;0
BTB entry: 3589;0;0
BTB entry: 3590;0;0
BTB entry: 3591;1;0
BTB entry: 3592;0;0
BTB entry: 3593;0;0
BTB entry: 3594;1;0
BTB entry: 3595;1;0
BTB entry: 3596;0;0
BTB entry: 3597;1;0
BTB entry: 3598;0;0
BTB entry: 3599;1;0
BTB entry: 3600;1;1
BTB entry: 3601;1;0
BTB entry: 3602;1;0
BTB entry: 3603;1;1
BTB entry: 3604;0;0
BTB entry: 3605;0;0
BTB entry: 3606;0;0
BTB entry: 3607;1;1
BTB entry: 3608;1;1
BTB entry: 3609;0;0
BTB entry: 3610;0;0
BTB entry: 3611;0;0
BTB entry: 3612;0;0
BTB entry: 3613;1;0
BTB entry: 3614;1;2
BTB entry: 3615;1;0
BTB entry: 3616;1;0
BTB entry: 3617;1;1
BTB entry: 3618;1;1
BTB entry: 3619;0;0
BTB entry: 3620;0;0
BTB entry: 3621;0;0
BTB entry: 3622;0;0
BTB entry: 3623;1;0
BTB entry: 3624;0;0
BTB entry: 3625;0;0
BTB entry: 3626;1;1
BTB entry: 3627;1;0
BTB entry: 3628;0;0
BTB entry: 3629;1;2
BTB entry: 3630;0;0
BTB entry: 3631;0;0
BTB entry: 3632;0;0
BTB entry: 3633;1;0
BTB entry: 3634;1;0
BTB entry: 3635;0;0
BTB entry: 3636;1;0
BTB entry: 3637;1;1
BTB entry: 3638;0;0
BTB entry: 3639;0;0
BTB entry: 3640;1;0
BTB entry: 3641;1;0
BTB entry: 3642;0;0
BTB entry: 3643;0;0
BTB entry: 3644;1;0
BTB entry: 3645;0;0
BTB entry: 3646;1;0
BTB entry: 3647;0;0
BTB entry: 3648;1;1
BTB entry: 3649;1;0
BTB entry: 3650;0;0
BTB entry: 3651;0;0
BTB entry: 3652;0;0
BTB entry: 3653;1;0
BTB entry: 3654;1;1
BTB entry: 3655;1;2
BTB entry: 3656;0;0
BTB entry: 3657;1;0
BTB entry: 3658;0;0
BTB entry: 3659;1;0
BTB entry: 3660;0;0
BTB entry: 3661;1;2
BTB entry: 3662;1;0
BTB entry: 3663;1;0
BTB entry: 3664;1;0
BTB entry: 3665;0;0
BTB entry: 3666;0;0
BTB entry: 3667;0;0
BTB entry: 3668;0;0
BTB entry: 3669;1;24
BTB entry: 3670;1;0
BTB entry: 3671;0;0
BTB entry: 3672;1;1
BTB entry: 3673;1;1
BTB entry: 3674;0;0
BTB entry: 3675;1;18
BTB entry: 3676;0;0
BTB entry: 3677;0;0
BTB entry: 3678;1;0
BTB entry: 3679;1;0
BTB entry: 3680;1;0
BTB entry: 3681;0;0
BTB entry: 3682;0;0
BTB entry: 3683;1;0
BTB entry: 3684;1;0
BTB entry: 3685;1;0
BTB entry: 3686;1;0
BTB entry: 3687;1;1
BTB entry: 3688;0;0
BTB entry: 3689;1;0
BTB entry: 3690;0;0
BTB entry: 3691;1;0
BTB entry: 3692;1;30
BTB entry: 3693;1;1
BTB entry: 3694;0;0
BTB entry: 3695;1;0
BTB entry: 3696;1;4
BTB entry: 3697;1;0
BTB entry: 3698;1;1
BTB entry: 3699;1;0
BTB entry: 3700;0;0
BTB entry: 3701;0;0
BTB entry: 3702;1;0
BTB entry: 3703;0;0
BTB entry: 3704;0;0
BTB entry: 3705;1;0
BTB entry: 3706;1;1
BTB entry: 3707;0;0
BTB entry: 3708;1;0
BTB entry: 3709;0;0
BTB entry: 3710;1;0
BTB entry: 3711;1;0
BTB entry: 3712;1;1
BTB entry: 3713;1;0
BTB entry: 3714;0;0
BTB entry: 3715;0;0
BTB entry: 3716;0;0
BTB entry: 3717;1;0
BTB entry: 3718;1;0
BTB entry: 3719;1;1
BTB entry: 3720;1;0
BTB entry: 3721;0;0
BTB entry: 3722;1;1
BTB entry: 3723;1;0
BTB entry: 3724;0;0
BTB entry: 3725;1;0
BTB entry: 3726;1;2
BTB entry: 3727;0;0
BTB entry: 3728;1;1
BTB entry: 3729;0;0
BTB entry: 3730;0;0
BTB entry: 3731;1;0
BTB entry: 3732;1;0
BTB entry: 3733;1;0
BTB entry: 3734;0;0
BTB entry: 3735;1;0
BTB entry: 3736;0;0
BTB entry: 3737;1;1
BTB entry: 3738;1;0
BTB entry: 3739;1;1
BTB entry: 3740;1;0
BTB entry: 3741;0;0
BTB entry: 3742;1;0
BTB entry: 3743;1;0
BTB entry: 3744;1;0
BTB entry: 3745;1;0
BTB entry: 3746;1;0
BTB entry: 3747;0;0
BTB entry: 3748;0;0
BTB entry: 3749;0;0
BTB entry: 3750;1;0
BTB entry: 3751;1;1
BTB entry: 3752;1;0
BTB entry: 3753;1;1
BTB entry: 3754;0;0
BTB entry: 3755;0;0
BTB entry: 3756;0;0
BTB entry: 3757;0;0
BTB entry: 3758;1;2
BTB entry: 3759;1;1
BTB entry: 3760;0;0
BTB entry: 3761;0;0
BTB entry: 3762;1;3
BTB entry: 3763;1;0
BTB entry: 3764;0;0
BTB entry: 3765;0;0
BTB entry: 3766;1;4
BTB entry: 3767;1;1
BTB entry: 3768;1;0
BTB entry: 3769;1;1
BTB entry: 3770;1;0
BTB entry: 3771;0;0
BTB entry: 3772;0;0
BTB entry: 3773;0;0
BTB entry: 3774;0;0
BTB entry: 3775;0;0
BTB entry: 3776;1;0
BTB entry: 3777;1;0
BTB entry: 3778;1;0
BTB entry: 3779;0;0
BTB entry: 3780;0;0
BTB entry: 3781;0;0
BTB entry: 3782;1;0
BTB entry: 3783;1;0
BTB entry: 3784;0;0
BTB entry: 3785;1;4
BTB entry: 3786;1;0
BTB entry: 3787;0;0
BTB entry: 3788;1;1
BTB entry: 3789;1;0
BTB entry: 3790;1;0
BTB entry: 3791;1;0
BTB entry: 3792;0;0
BTB entry: 3793;1;0
BTB entry: 3794;1;1
BTB entry: 3795;1;0
BTB entry: 3796;0;0
BTB entry: 3797;0;0
BTB entry: 3798;1;0
BTB entry: 3799;0;0
BTB entry: 3800;0;0
BTB entry: 3801;0;0
BTB entry: 3802;0;0
BTB entry: 3803;0;0
BTB entry: 3804;1;0
BTB entry: 3805;0;0
BTB entry: 3806;0;0
BTB entry: 3807;1;0
BTB entry: 3808;0;0
BTB entry: 3809;1;1
BTB entry: 3810;0;0
BTB entry: 3811;0;0
BTB entry: 3812;0;0
BTB entry: 3813;1;0
BTB entry: 3814;1;0
BTB entry: 3815;1;0
BTB entry: 3816;1;1
BTB entry: 3817;0;0
BTB entry: 3818;1;0
BTB entry: 3819;1;1
BTB entry: 3820;1;0
BTB entry: 3821;1;0
BTB entry: 3822;1;0
BTB entry: 3823;0;0
BTB entry: 3824;0;0
BTB entry: 3825;1;0
BTB entry: 3826;1;3
BTB entry: 3827;0;0
BTB entry: 3828;1;0
BTB entry: 3829;1;0
BTB entry: 3830;1;0
BTB entry: 3831;0;0
BTB entry: 3832;1;0
BTB entry: 3833;1;0
BTB entry: 3834;1;2
BTB entry: 3835;0;0
BTB entry: 3836;1;0
BTB entry: 3837;0;0
BTB entry: 3838;0;0
BTB entry: 3839;0;0
BTB entry: 3840;0;0
BTB entry: 3841;0;0
BTB entry: 3842;0;0
BTB entry: 3843;1;1
BTB entry: 3844;0;0
BTB entry: 3845;1;0
BTB entry: 3846;0;0
BTB entry: 3847;1;0
BTB entry: 3848;0;0
BTB entry: 3849;1;0
BTB entry: 3850;0;0
BTB entry: 3851;1;0
BTB entry: 3852;0;0
BTB entry: 3853;1;0
BTB entry: 3854;0;0
BTB entry: 3855;1;1
BTB entry: 3856;1;0
BTB entry: 3857;1;0
BTB entry: 3858;0;0
BTB entry: 3859;1;0
BTB entry: 3860;1;1
BTB entry: 3861;0;0
BTB entry: 3862;1;1
BTB entry: 3863;0;0
BTB entry: 3864;0;0
BTB entry: 3865;1;0
BTB entry: 3866;0;0
BTB entry: 3867;1;0
BTB entry: 3868;0;0
BTB entry: 3869;1;0
BTB entry: 3870;1;0
BTB entry: 3871;1;1
BTB entry: 3872;1;0
BTB entry: 3873;1;1
BTB entry: 3874;0;0
BTB entry: 3875;0;0
BTB entry: 3876;1;0
BTB entry: 3877;1;0
BTB entry: 3878;0;0
BTB entry: 3879;1;14
BTB entry: 3880;0;0
BTB entry: 3881;0;0
BTB entry: 3882;0;0
BTB entry: 3883;0;0
BTB entry: 3884;1;1
BTB entry: 3885;0;0
BTB entry: 3886;1;0
BTB entry: 3887;0;0
BTB entry: 3888;1;0
BTB entry: 3889;1;0
BTB entry: 3890;1;2
BTB entry: 3891;1;1
BTB entry: 3892;0;0
BTB entry: 3893;1;0
BTB entry: 3894;1;1
BTB entry: 3895;0;0
BTB entry: 3896;1;0
BTB entry: 3897;1;0
BTB entry: 3898;1;0
BTB entry: 3899;1;0
BTB entry: 3900;1;0
BTB entry: 3901;1;0
BTB entry: 3902;1;0
BTB entry: 3903;1;0
BTB entry: 3904;0;0
BTB entry: 3905;1;2
BTB entry: 3906;1;0
BTB entry: 3907;1;0
BTB entry: 3908;1;0
BTB entry: 3909;0;0
BTB entry: 3910;1;15
BTB entry: 3911;1;1
BTB entry: 3912;1;1
BTB entry: 3913;0;0
BTB entry: 3914;1;0
BTB entry: 3915;0;0
BTB entry: 3916;1;3
BTB entry: 3917;0;0
BTB entry: 3918;1;0
BTB entry: 3919;1;3
BTB entry: 3920;0;0
BTB entry: 3921;1;0
BTB entry: 3922;0;0
BTB entry: 3923;1;0
BTB entry: 3924;1;1
BTB entry: 3925;0;0
BTB entry: 3926;0;0
BTB entry: 3927;0;0
BTB entry: 3928;0;0
BTB entry: 3929;1;0
BTB entry: 3930;0;0
BTB entry: 3931;0;0
BTB entry: 3932;1;0
BTB entry: 3933;1;1
BTB entry: 3934;1;0
BTB entry: 3935;1;0
BTB entry: 3936;0;0
BTB entry: 3937;1;1
BTB entry: 3938;0;0
BTB entry: 3939;1;0
BTB entry: 3940;1;0
BTB entry: 3941;1;1
BTB entry: 3942;1;0
BTB entry: 3943;0;0
BTB entry: 3944;1;0
BTB entry: 3945;1;4
BTB entry: 3946;1;0
BTB entry: 3947;1;0
BTB entry: 3948;0;0
BTB entry: 3949;0;0
BTB entry: 3950;0;0
BTB entry: 3951;0;0
BTB entry: 3952;1;3
BTB entry: 3953;1;0
BTB entry: 3954;1;0
BTB entry: 3955;0;0
BTB entry: 3956;0;0
BTB entry: 3957;1;1
BTB entry: 3958;1;0
BTB entry: 3959;1;0
BTB entry: 3960;1;3
BTB entry: 3961;0;0
BTB entry: 3962;0;0
BTB entry: 3963;1;0
BTB entry: 3964;1;5
BTB entry: 3965;1;0
BTB entry: 3966;1;0
BTB entry: 3967;0;0
BTB entry: 3968;0;0
BTB entry: 3969;1;0
BTB entry: 3970;0;0
BTB entry: 3971;1;0
BTB entry: 3972;1;0
BTB entry: 3973;0;0
BTB entry: 3974;1;0
BTB entry: 3975;0;0
BTB entry: 3976;1;1
BTB entry: 3977;1;0
BTB entry: 3978;1;0
BTB entry: 3979;0;0
BTB entry: 3980;0;0
BTB entry: 3981;0;0
BTB entry: 3982;1;2
BTB entry: 3983;0;0
BTB entry: 3984;1;2
BTB entry: 3985;1;0
BTB entry: 3986;0;0
BTB entry: 3987;1;0
BTB entry: 3988;1;0
BTB entry: 3989;0;0
BTB entry: 3990;0;0
BTB entry: 3991;0;0
BTB entry: 3992;1;0
BTB entry: 3993;1;0
BTB entry: 3994;1;1
BTB entry: 3995;0;0
BTB entry: 3996;0;0
BTB entry: 3997;1;559
BTB entry: 3998;0;0
BTB entry: 3999;1;0
BTB entry: 4000;0;0
BTB entry: 4001;0;0
BTB entry: 4002;0;0
BTB entry: 4003;0;0
BTB entry: 4004;0;0
BTB entry: 4005;0;0
BTB entry: 4006;1;0
BTB entry: 4007;0;0
BTB entry: 4008;1;0
BTB entry: 4009;0;0
BTB entry: 4010;0;0
BTB entry: 4011;1;2
BTB entry: 4012;1;0
BTB entry: 4013;0;0
BTB entry: 4014;1;0
BTB entry: 4015;1;1
BTB entry: 4016;0;0
BTB entry: 4017;0;0
BTB entry: 4018;1;3
BTB entry: 4019;0;0
BTB entry: 4020;1;1
BTB entry: 4021;1;1
BTB entry: 4022;1;0
BTB entry: 4023;1;0
BTB entry: 4024;1;0
BTB entry: 4025;1;0
BTB entry: 4026;1;1
BTB entry: 4027;0;0
BTB entry: 4028;1;23
BTB entry: 4029;0;0
BTB entry: 4030;0;0
BTB entry: 4031;1;4
BTB entry: 4032;1;1
BTB entry: 4033;0;0
BTB entry: 4034;1;1
BTB entry: 4035;1;0
BTB entry: 4036;1;1
BTB entry: 4037;1;1
BTB entry: 4038;1;1
BTB entry: 4039;0;0
BTB entry: 4040;1;0
BTB entry: 4041;0;0
BTB entry: 4042;1;1
BTB entry: 4043;1;0
BTB entry: 4044;0;0
BTB entry: 4045;0;0
BTB entry: 4046;1;2
BTB entry: 4047;1;0
BTB entry: 4048;1;1
BTB entry: 4049;0;0
BTB entry: 4050;1;0
BTB entry: 4051;0;0
BTB entry: 4052;1;3
BTB entry: 4053;1;0
BTB entry: 4054;0;0
BTB entry: 4055;1;0
BTB entry: 4056;0;0
BTB entry: 4057;1;0
BTB entry: 4058;0;0
BTB entry: 4059;0;0
BTB entry: 4060;0;0
BTB entry: 4061;0;0
BTB entry: 4062;1;0
BTB entry: 4063;1;0
BTB entry: 4064;1;2
BTB entry: 4065;0;0
BTB entry: 4066;1;0
BTB entry: 4067;1;0
BTB entry: 4068;0;0
BTB entry: 4069;1;1
BTB entry: 4070;1;0
BTB entry: 4071;1;0
BTB entry: 4072;1;0
BTB entry: 4073;1;2
BTB entry: 4074;1;0
BTB entry: 4075;1;0
BTB entry: 4076;0;0
BTB entry: 4077;0;0
BTB entry: 4078;1;0
BTB entry: 4079;0;0
BTB entry: 4080;1;0
BTB entry: 4081;0;0
BTB entry: 4082;1;0
BTB entry: 4083;1;0
BTB entry: 4084;0;0
BTB entry: 4085;0;0
BTB entry: 4086;0;0
BTB entry: 4087;1;1
BTB entry: 4088;1;0
BTB entry: 4089;1;0
BTB entry: 4090;0;0
BTB entry: 4091;1;0
BTB entry: 4092;0;0
BTB entry: 4093;1;1
BTB entry: 4094;1;1
BTB entry: 4095;0;0
