Reason: limit reached
Count Seen: 2000000
Count Taken: 1110830
Count Correct: 1970471
Count Replaced: 1236
Prediction Accuracy % : 98.5236
% Miss Rate : 0.09835
BTB entry: 0;0;0
BTB entry: 1;0;0
BTB entry: 2;0;0
BTB entry: 3;1;0
BTB entry: 4;0;0
BTB entry: 5;0;0
BTB entry: 6;1;1
BTB entry: 7;1;4
BTB entry: 8;1;4
BTB entry: 9;0;0
BTB entry: 10;0;0
BTB entry: 11;1;0
BTB entry: 12;0;0
BTB entry: 13;0;0
BTB entry: 14;1;0
BTB entry: 15;0;0
BTB entry: 16;1;2
BTB entry: 17;0;0
BTB entry: 18;1;5
BTB entry: 19;1;0
BTB entry: 20;1;2
BTB entry: 21;1;0
BTB entry: 22;1;0
BTB entry: 23;0;0
BTB entry: 24;1;0
BTB entry: 25;0;0
BTB entry: 26;1;0
BTB entry: 27;1;3
BTB entry: 28;0;0
BTB entry: 29;1;0
BTB entry: 30;1;0
BTB entry: 31;0;0
BTB entry: 32;0;0
BTB entry: 33;1;0
BTB entry: 34;1;0
BTB entry: 35;1;1
BTB entry: 36;1;0
BTB entry: 37;1;1
BTB entry: 38;1;0
BTB entry: 39;0;0
BTB entry: 40;1;0
BTB entry: 41;1;0
BTB entry: 42;1;1
BTB entry: 43;0;0
BTB entry: 44;0;0
BTB entry: 45;1;1
BTB entry: 46;0;0
BTB entry: 47;1;0
BTB entry: 48;1;0
BTB entry: 49;1;1
BTB entry: 50;0;0
BTB entry: 51;1;1
BTB entry: 52;1;0
BTB entry: 53;1;0
BTB entry: 54;1;0
BTB entry: 55;1;0
BTB entry: 56;1;0
BTB entry: 57;1;1
BTB entry: 58;1;1
BTB entry: 59;0;0
BTB entry: 60;1;0
BTB entry: 61;1;0
BTB entry: 62;1;0
BTB entry: 63;1;1
BTB entry: 64;1;3
BTB entry: 65;1;4
BTB entry: 66;0;0
BTB entry: 67;0;0
BTB entry: 68;1;1
BTB entry: 69;0;0
BTB entry: 70;0;0
BTB entry: 71;0;0
BTB entry: 72;1;0
BTB entry: 73;0;0
BTB entry: 74;1;1
BTB entry: 75;0;0
BTB entry: 76;1;0
BTB entry: 77;1;0
BTB entry: 78;1;0
BTB entry: 79;1;0
BTB entry: 80;1;1
BTB entry: 81;1;0
BTB entry: 82;1;0
BTB entry: 83;1;0
BTB entry: 84;0;0
BTB entry: 85;0;0
BTB entry: 86;1;2
BTB entry: 87;1;90
BTB entry: 88;1;1
BTB entry: 89;0;0
BTB entry: 90;0;0
BTB entry: 91;1;2
BTB entry: 92;1;0
BTB entry: 93;1;0
BTB entry: 94;0;0
BTB entry: 95;0;0
BTB entry: 96;1;4
BTB entry: 97;1;1
BTB entry: 98;1;1
BTB entry: 99;0;0
BTB entry: 100;0;0
BTB entry: 101;1;0
BTB entry: 102;1;0
BTB entry: 103;0;0
BTB entry: 104;1;2
BTB entry: 105;0;0
BTB entry: 106;0;0
BTB entry: 107;1;1
BTB entry: 108;1;1
BTB entry: 109;1;1
BTB entry: 110;1;1
BTB entry: 111;1;0
BTB entry: 112;1;0
BTB entry: 113;1;0
BTB entry: 114;1;93
BTB entry: 115;0;0
BTB entry: 116;0;0
BTB entry: 117;1;0
BTB entry: 118;1;0
BTB entry: 119;0;0
BTB entry: 120;0;0
BTB entry: 121;1;0
BTB entry: 122;0;0
BTB entry: 123;1;0
BTB entry: 124;1;0
BTB entry: 125;1;2
BTB entry: 126;1;1
BTB entry: 127;1;1
BTB entry: 128;1;0
BTB entry: 129;0;0
BTB entry: 130;0;0
BTB entry: 131;1;0
BTB entry: 132;1;1
BTB entry: 133;1;0
BTB entry: 134;1;0
BTB entry: 135;1;0
BTB entry: 136;0;0
BTB entry: 137;1;0
BTB entry: 138;1;2
BTB entry: 139;1;0
BTB entry: 140;0;0
BTB entry: 141;1;2
BTB entry: 142;1;1
BTB entry: 143;1;0
BTB entry: 144;1;0
BTB entry: 145;0;0
BTB entry: 146;1;0
BTB entry: 147;1;0
BTB entry: 148;1;1
BTB entry: 149;0;0
BTB entry: 150;0;0
BTB entry: 151;1;0
BTB entry: 152;0;0
BTB entry: 153;0;0
BTB entry: 154;1;2
BTB entry: 155;1;2
BTB entry: 156;1;1
BTB entry: 157;1;1
BTB entry: 158;1;0
BTB entry: 159;1;5
BTB entry: 160;1;0
BTB entry: 161;1;1
BTB entry: 162;1;0
BTB entry: 163;1;1
BTB entry: 164;1;1
BTB entry: 165;0;0
BTB entry: 166;1;1
BTB entry: 167;0;0
BTB entry: 168;0;0
BTB entry: 169;1;0
BTB entry: 170;1;0
BTB entry: 171;1;0
BTB entry: 172;0;0
BTB entry: 173;1;2
BTB entry: 174;0;0
BTB entry: 175;1;0
BTB entry: 176;0;0
BTB entry: 177;0;0
BTB entry: 178;1;0
BTB entry: 179;1;1
BTB entry: 180;0;0
BTB entry: 181;1;1
BTB entry: 182;1;0
BTB entry: 183;1;2
BTB entry: 184;1;0
BTB entry: 185;1;0
BTB entry: 186;0;0
BTB entry: 187;0;0
BTB entry: 188;1;3
BTB entry: 189;0;0
BTB entry: 190;1;2
BTB entry: 191;1;0
BTB entry: 192;1;2
BTB entry: 193;1;1
BTB entry: 194;1;0
BTB entry: 195;1;1
BTB entry: 196;1;0
BTB entry: 197;0;0
BTB entry: 198;1;1
BTB entry: 199;1;1
BTB entry: 200;0;0
BTB entry: 201;1;0
BTB entry: 202;1;2
BTB entry: 203;1;4
BTB entry: 204;1;2
BTB entry: 205;0;0
BTB entry: 206;1;2
BTB entry: 207;1;0
BTB entry: 208;1;0
BTB entry: 209;1;0
BTB entry: 210;1;1
BTB entry: 211;0;0
BTB entry: 212;0;0
BTB entry: 213;1;1
BTB entry: 214;1;0
BTB entry: 215;0;0
BTB entry: 216;1;1
BTB entry: 217;1;1
BTB entry: 218;1;1
BTB entry: 219;1;1
BTB entry: 220;1;1
BTB entry: 221;1;1
BTB entry: 222;1;2
BTB entry: 223;1;1
BTB entry: 224;1;0
BTB entry: 225;1;0
BTB entry: 226;0;0
BTB entry: 227;1;0
BTB entry: 228;1;0
BTB entry: 229;1;0
BTB entry: 230;1;1
BTB entry: 231;1;1
BTB entry: 232;1;2
BTB entry: 233;1;0
BTB entry: 234;0;0
BTB entry: 235;1;1
BTB entry: 236;1;0
BTB entry: 237;1;0
BTB entry: 238;1;1
BTB entry: 239;1;2
BTB entry: 240;0;0
BTB entry: 241;1;0
BTB entry: 242;1;1
BTB entry: 243;1;1
BTB entry: 244;1;1
BTB entry: 245;0;0
BTB entry: 246;1;0
BTB entry: 247;1;0
BTB entry: 248;1;0
BTB entry: 249;1;0
BTB entry: 250;1;1
BTB entry: 251;1;1
BTB entry: 252;1;0
BTB entry: 253;0;0
BTB entry: 254;1;0
BTB entry: 255;1;2
BTB entry: 256;0;0
BTB entry: 257;1;0
BTB entry: 258;1;4
BTB entry: 259;1;1
BTB entry: 260;1;0
BTB entry: 261;0;0
BTB entry: 262;1;1
BTB entry: 263;1;1
BTB entry: 264;1;1
BTB entry: 265;0;0
BTB entry: 266;1;9
BTB entry: 267;1;0
BTB entry: 268;0;0
BTB entry: 269;1;1
BTB entry: 270;0;0
BTB entry: 271;1;0
BTB entry: 272;1;1
BTB entry: 273;1;0
BTB entry: 274;1;5
BTB entry: 275;1;0
BTB entry: 276;1;0
BTB entry: 277;0;0
BTB entry: 278;1;0
BTB entry: 279;1;1
BTB entry: 280;1;3
BTB entry: 281;1;0
BTB entry: 282;1;0
BTB entry: 283;1;0
BTB entry: 284;1;3
BTB entry: 285;1;0
BTB entry: 286;1;3
BTB entry: 287;1;0
BTB entry: 288;1;1
BTB entry: 289;1;0
BTB entry: 290;1;0
BTB entry: 291;1;1
BTB entry: 292;1;1
BTB entry: 293;0;0
BTB entry: 294;1;1
BTB entry: 295;1;1
BTB entry: 296;1;0
BTB entry: 297;0;0
BTB entry: 298;1;0
BTB entry: 299;1;8
BTB entry: 300;0;0
BTB entry: 301;0;0
BTB entry: 302;1;0
BTB entry: 303;1;0
BTB entry: 304;1;4
BTB entry: 305;0;0
BTB entry: 306;1;1
BTB entry: 307;1;0
BTB entry: 308;1;4
BTB entry: 309;1;2
BTB entry: 310;1;7
BTB entry: 311;1;0
BTB entry: 312;1;1
BTB entry: 313;0;0
BTB entry: 314;1;2
BTB entry: 315;1;2
BTB entry: 316;1;1
BTB entry: 317;0;0
BTB entry: 318;1;3
BTB entry: 319;1;1
BTB entry: 320;1;1
BTB entry: 321;1;0
BTB entry: 322;1;0
BTB entry: 323;1;0
BTB entry: 324;1;2
BTB entry: 325;1;3
BTB entry: 326;1;1
BTB entry: 327;1;0
BTB entry: 328;1;0
BTB entry: 329;1;0
BTB entry: 330;1;1
BTB entry: 331;1;0
BTB entry: 332;0;0
BTB entry: 333;1;0
BTB entry: 334;1;0
BTB entry: 335;1;0
BTB entry: 336;1;1
BTB entry: 337;1;1
BTB entry: 338;1;0
BTB entry: 339;0;0
BTB entry: 340;0;0
BTB entry: 341;1;0
BTB entry: 342;1;0
BTB entry: 343;0;0
BTB entry: 344;1;2
BTB entry: 345;1;1
BTB entry: 346;1;1
BTB entry: 347;1;5
BTB entry: 348;0;0
BTB entry: 349;1;0
BTB entry: 350;1;0
BTB entry: 351;1;3
BTB entry: 352;1;0
BTB entry: 353;0;0
BTB entry: 354;1;0
BTB entry: 355;0;0
BTB entry: 356;1;0
BTB entry: 357;1;1
BTB entry: 358;1;0
BTB entry: 359;0;0
BTB entry: 360;0;0
BTB entry: 361;1;1
BTB entry: 362;1;0
BTB entry: 363;1;1
BTB entry: 364;0;0
BTB entry: 365;0;0
BTB entry: 366;1;0
BTB entry: 367;0;0
BTB entry: 368;0;0
BTB entry: 369;1;0
BTB entry: 370;1;1
BTB entry: 371;1;2
BTB entry: 372;1;0
BTB entry: 373;0;0
BTB entry: 374;1;0
BTB entry: 375;1;0
BTB entry: 376;1;0
BTB entry: 377;1;0
BTB entry: 378;0;0
BTB entry: 379;1;0
BTB entry: 380;1;0
BTB entry: 381;0;0
BTB entry: 382;1;0
BTB entry: 383;1;1
BTB entry: 384;1;0
BTB entry: 385;0;0
BTB entry: 386;1;0
BTB entry: 387;0;0
BTB entry: 388;1;0
BTB entry: 389;0;0
BTB entry: 390;1;2
BTB entry: 391;1;0
BTB entry: 392;1;0
BTB entry: 393;1;1
BTB entry: 394;1;2
BTB entry: 395;0;0
BTB entry: 396;1;2
BTB entry: 397;0;0
BTB entry: 398;1;0
BTB entry: 399;1;0
BTB entry: 400;1;0
BTB entry: 401;1;2
BTB entry: 402;1;0
BTB entry: 403;1;0
BTB entry: 404;1;0
BTB entry: 405;1;1
BTB entry: 406;1;0
BTB entry: 407;0;0
BTB entry: 408;0;0
BTB entry: 409;1;1
BTB entry: 410;1;0
BTB entry: 411;0;0
BTB entry: 412;1;0
BTB entry: 413;1;0
BTB entry: 414;1;1
BTB entry: 415;1;1
BTB entry: 416;1;0
BTB entry: 417;1;0
BTB entry: 418;0;0
BTB entry: 419;1;0
BTB entry: 420;1;0
BTB entry: 421;1;1
BTB entry: 422;1;1
BTB entry: 423;0;0
BTB entry: 424;1;1
BTB entry: 425;1;0
BTB entry: 426;1;0
BTB entry: 427;1;2
BTB entry: 428;1;0
BTB entry: 429;1;3
BTB entry: 430;1;2
BTB entry: 431;1;0
BTB entry: 432;1;0
BTB entry: 433;0;0
BTB entry: 434;1;1
BTB entry: 435;1;1
BTB entry: 436;1;0
BTB entry: 437;1;0
BTB entry: 438;1;0
BTB entry: 439;1;0
BTB entry: 440;1;1
BTB entry: 441;1;0
BTB entry: 442;1;0
BTB entry: 443;1;0
BTB entry: 444;1;2
BTB entry: 445;0;0
BTB entry: 446;0;0
BTB entry: 447;1;1
BTB entry: 448;1;2
BTB entry: 449;0;0
BTB entry: 450;1;1
BTB entry: 451;1;1
BTB entry: 452;1;1
BTB entry: 453;1;0
BTB entry: 454;1;3
BTB entry: 455;1;0
BTB entry: 456;1;1
BTB entry: 457;1;0
BTB entry: 458;1;0
BTB entry: 459;1;1
BTB entry: 460;1;0
BTB entry: 461;1;1
BTB entry: 462;1;2
BTB entry: 463;1;0
BTB entry: 464;1;4
BTB entry: 465;0;0
BTB entry: 466;1;1
BTB entry: 467;1;9
BTB entry: 468;1;0
BTB entry: 469;1;0
BTB entry: 470;0;0
BTB entry: 471;1;1
BTB entry: 472;1;0
BTB entry: 473;1;0
BTB entry: 474;1;0
BTB entry: 475;1;1
BTB entry: 476;1;0
BTB entry: 477;1;0
BTB entry: 478;1;1
BTB entry: 479;0;0
BTB entry: 480;1;0
BTB entry: 481;0;0
BTB entry: 482;1;0
BTB entry: 483;1;2
BTB entry: 484;0;0
BTB entry: 485;1;0
BTB entry: 486;1;0
BTB entry: 487;0;0
BTB entry: 488;1;1
BTB entry: 489;1;0
BTB entry: 490;1;1
BTB entry: 491;0;0
BTB entry: 492;0;0
BTB entry: 493;1;0
BTB entry: 494;1;3
BTB entry: 495;1;1
BTB entry: 496;1;1
BTB entry: 497;0;0
BTB entry: 498;1;0
BTB entry: 499;1;0
BTB entry: 500;0;0
BTB entry: 501;1;0
BTB entry: 502;0;0
BTB entry: 503;1;1
BTB entry: 504;1;0
BTB entry: 505;0;0
BTB entry: 506;1;1
BTB entry: 507;1;0
BTB entry: 508;1;0
BTB entry: 509;0;0
BTB entry: 510;1;1
BTB entry: 511;1;0
BTB entry: 512;1;1
BTB entry: 513;0;0
BTB entry: 514;1;0
BTB entry: 515;1;0
BTB entry: 516;0;0
BTB entry: 517;1;1
BTB entry: 518;1;0
BTB entry: 519;1;0
BTB entry: 520;1;0
BTB entry: 521;1;1
BTB entry: 522;1;0
BTB entry: 523;0;0
BTB entry: 524;1;0
BTB entry: 525;1;0
BTB entry: 526;1;0
BTB entry: 527;0;0
BTB entry: 528;1;0
BTB entry: 529;1;0
BTB entry: 530;1;0
BTB entry: 531;1;1
BTB entry: 532;0;0
BTB entry: 533;1;24
BTB entry: 534;0;0
BTB entry: 535;1;0
BTB entry: 536;1;0
BTB entry: 537;1;1
BTB entry: 538;0;0
BTB entry: 539;1;0
BTB entry: 540;0;0
BTB entry: 541;0;0
BTB entry: 542;1;3
BTB entry: 543;1;0
BTB entry: 544;1;0
BTB entry: 545;1;0
BTB entry: 546;1;1
BTB entry: 547;1;0
BTB entry: 548;1;1
BTB entry: 549;1;3
BTB entry: 550;1;0
BTB entry: 551;0;0
BTB entry: 552;0;0
BTB entry: 553;0;0
BTB entry: 554;1;3
BTB entry: 555;1;0
BTB entry: 556;1;0
BTB entry: 557;1;2
BTB entry: 558;1;0
BTB entry: 559;1;1
BTB entry: 560;0;0
BTB entry: 561;1;0
BTB entry: 562;0;0
BTB entry: 563;1;2
BTB entry: 564;1;0
BTB entry: 565;1;0
BTB entry: 566;0;0
BTB entry: 567;0;0
BTB entry: 568;0;0
BTB entry: 569;1;1
BTB entry: 570;1;0
BTB entry: 571;0;0
BTB entry: 572;1;3
BTB entry: 573;1;1
BTB entry: 574;0;0
BTB entry: 575;0;0
BTB entry: 576;0;0
BTB entry: 577;1;1
BTB entry: 578;1;1
BTB entry: 579;1;2
BTB entry: 580;1;0
BTB entry: 581;1;5
BTB entry: 582;1;1
BTB entry: 583;1;1
BTB entry: 584;1;1
BTB entry: 585;1;0
BTB entry: 586;0;0
BTB entry: 587;0;0
BTB entry: 588;0;0
BTB entry: 589;1;2
BTB entry: 590;1;1
BTB entry: 591;1;0
BTB entry: 592;1;2
BTB entry: 593;1;0
BTB entry: 594;0;0
BTB entry: 595;0;0
BTB entry: 596;0;0
BTB entry: 597;0;0
BTB entry: 598;0;0
BTB entry: 599;1;0
BTB entry: 600;1;0
BTB entry: 601;1;3
BTB entry: 602;1;0
BTB entry: 603;0;0
BTB entry: 604;0;0
BTB entry: 605;0;0
BTB entry: 606;1;2
BTB entry: 607;1;1
BTB entry: 608;1;2
BTB entry: 609;1;0
BTB entry: 610;0;0
BTB entry: 611;0;0
BTB entry: 612;1;1
BTB entry: 613;1;0
BTB entry: 614;1;0
BTB entry: 615;1;0
BTB entry: 616;1;0
BTB entry: 617;1;0
BTB entry: 618;1;1
BTB entry: 619;1;0
BTB entry: 620;1;0
BTB entry: 621;1;0
BTB entry: 622;0;0
BTB entry: 623;0;0
BTB entry: 624;1;2
BTB entry: 625;1;1
BTB entry: 626;1;1
BTB entry: 627;0;0
BTB entry: 628;0;0
BTB entry: 629;1;2
BTB entry: 630;1;0
BTB entry: 631;1;0
BTB entry: 632;0;0
BTB entry: 633;1;0
BTB entry: 634;1;0
BTB entry: 635;0;0
BTB entry: 636;1;1
BTB entry: 637;0;0
BTB entry: 638;1;0
BTB entry: 639;1;19
BTB entry: 640;0;0
BTB entry: 641;1;0
BTB entry: 642;1;0
BTB entry: 643;0;0
BTB entry: 644;1;1
BTB entry: 645;1;0
BTB entry: 646;1;7
BTB entry: 647;1;6
BTB entry: 648;0;0
BTB entry: 649;1;1
BTB entry: 650;1;0
BTB entry: 651;0;0
BTB entry: 652;1;0
BTB entry: 653;1;0
BTB entry: 654;1;6
BTB entry: 655;1;0
BTB entry: 656;1;7
BTB entry: 657;1;1
BTB entry: 658;1;0
BTB entry: 659;1;0
BTB entry: 660;1;2
BTB entry: 661;1;0
BTB entry: 662;1;0
BTB entry: 663;0;0
BTB entry: 664;1;0
BTB entry: 665;1;0
BTB entry: 666;1;0
BTB entry: 667;1;1
BTB entry: 668;1;2
BTB entry: 669;1;0
BTB entry: 670;1;2
BTB entry: 671;1;0
BTB entry: 672;1;0
BTB entry: 673;1;1
BTB entry: 674;1;0
BTB entry: 675;1;0
BTB entry: 676;1;1
BTB entry: 677;0;0
BTB entry: 678;1;2
BTB entry: 679;1;2
BTB entry: 680;1;0
BTB entry: 681;1;0
BTB entry: 682;1;1
BTB entry: 683;0;0
BTB entry: 684;1;0
BTB entry: 685;1;1
BTB entry: 686;1;1
BTB entry: 687;1;3
BTB entry: 688;1;2
BTB entry: 689;0;0
BTB entry: 690;0;0
BTB entry: 691;0;0
BTB entry: 692;0;0
BTB entry: 693;1;3
BTB entry: 694;1;2
BTB entry: 695;1;1
BTB entry: 696;1;0
BTB entry: 697;1;1
BTB entry: 698;1;0
BTB entry: 699;1;0
BTB entry: 700;1;1
BTB entry: 701;1;0
BTB entry: 702;1;2
BTB entry: 703;1;0
BTB entry: 704;1;0
BTB entry: 705;1;2
BTB entry: 706;1;0
BTB entry: 707;1;0
BTB entry: 708;0;0
BTB entry: 709;1;0
BTB entry: 710;1;0
BTB entry: 711;0;0
BTB entry: 712;1;0
BTB entry: 713;1;0
BTB entry: 714;1;0
BTB entry: 715;1;0
BTB entry: 716;1;0
BTB entry: 717;1;2
BTB entry: 718;1;1
BTB entry: 719;1;2
BTB entry: 720;1;5
BTB entry: 721;1;0
BTB entry: 722;1;0
BTB entry: 723;1;1
BTB entry: 724;1;0
BTB entry: 725;0;0
BTB entry: 726;1;1
BTB entry: 727;0;0
BTB entry: 728;1;0
BTB entry: 729;1;0
BTB entry: 730;1;1
BTB entry: 731;1;0
BTB entry: 732;0;0
BTB entry: 733;1;1
BTB entry: 734;0;0
BTB entry: 735;1;2
BTB entry: 736;1;0
BTB entry: 737;0;0
BTB entry: 738;1;0
BTB entry: 739;1;2
BTB entry: 740;1;0
BTB entry: 741;1;0
BTB entry: 742;0;0
BTB entry: 743;1;0
BTB entry: 744;0;0
BTB entry: 745;1;2
BTB entry: 746;0;0
BTB entry: 747;1;1
BTB entry: 748;1;0
BTB entry: 749;0;0
BTB entry: 750;1;0
BTB entry: 751;1;3
BTB entry: 752;0;0
BTB entry: 753;0;0
BTB entry: 754;1;4
BTB entry: 755;0;0
BTB entry: 756;1;0
BTB entry: 757;0;0
BTB entry: 758;1;0
BTB entry: 759;0;0
BTB entry: 760;0;0
BTB entry: 761;1;1
BTB entry: 762;1;21
BTB entry: 763;1;1
BTB entry: 764;1;1
BTB entry: 765;1;0
BTB entry: 766;1;3
BTB entry: 767;1;1
BTB entry: 768;0;0
BTB entry: 769;1;1
BTB entry: 770;0;0
BTB entry: 771;1;0
BTB entry: 772;0;0
BTB entry: 773;1;0
BTB entry: 774;1;2
BTB entry: 775;1;4
BTB entry: 776;1;0
BTB entry: 777;0;0
BTB entry: 778;1;0
BTB entry: 779;0;0
BTB entry: 780;0;0
BTB entry: 781;0;0
BTB entry: 782;1;1
BTB entry: 783;0;0
BTB entry: 784;0;0
BTB entry: 785;0;0
BTB entry: 786;1;3
BTB entry: 787;1;0
BTB entry: 788;1;0
BTB entry: 789;0;0
BTB entry: 790;1;1
BTB entry: 791;0;0
BTB entry: 792;0;0
BTB entry: 793;0;0
BTB entry: 794;1;0
BTB entry: 795;0;0
BTB entry: 796;1;0
BTB entry: 797;1;2
BTB entry: 798;1;1
BTB entry: 799;1;2
BTB entry: 800;0;0
BTB entry: 801;1;1
BTB entry: 802;0;0
BTB entry: 803;1;1
BTB entry: 804;0;0
BTB entry: 805;1;0
BTB entry: 806;1;0
BTB entry: 807;0;0
BTB entry: 808;1;0
BTB entry: 809;1;1
BTB entry: 810;1;0
BTB entry: 811;0;0
BTB entry: 812;1;0
BTB entry: 813;1;89
BTB entry: 814;1;0
BTB entry: 815;0;0
BTB entry: 816;1;0
BTB entry: 817;1;0
BTB entry: 818;0;0
BTB entry: 819;1;1
BTB entry: 820;0;0
BTB entry: 821;1;1
BTB entry: 822;1;0
BTB entry: 823;0;0
BTB entry: 824;0;0
BTB entry: 825;1;0
BTB entry: 826;1;0
BTB entry: 827;1;0
BTB entry: 828;0;0
BTB entry: 829;1;0
BTB entry: 830;0;0
BTB entry: 831;1;1
BTB entry: 832;1;1
BTB entry: 833;1;0
BTB entry: 834;0;0
BTB entry: 835;0;0
BTB entry: 836;1;5
BTB entry: 837;1;89
BTB entry: 838;1;3
BTB entry: 839;1;0
BTB entry: 840;0;0
BTB entry: 841;1;0
BTB entry: 842;1;1
BTB entry: 843;0;0
BTB entry: 844;1;3
BTB entry: 845;1;0
BTB entry: 846;1;0
BTB entry: 847;1;6
BTB entry: 848;0;0
BTB entry: 849;1;1
BTB entry: 850;1;0
BTB entry: 851;0;0
BTB entry: 852;1;1
BTB entry: 853;1;1
BTB entry: 854;1;0
BTB entry: 855;1;1
BTB entry: 856;0;0
BTB entry: 857;0;0
BTB entry: 858;1;2
BTB entry: 859;0;0
BTB entry: 860;0;0
BTB entry: 861;1;1
BTB entry: 862;1;1
BTB entry: 863;1;1
BTB entry: 864;0;0
BTB entry: 865;1;0
BTB entry: 866;1;0
BTB entry: 867;1;1
BTB entry: 868;1;1
BTB entry: 869;0;0
BTB entry: 870;1;0
BTB entry: 871;1;0
BTB entry: 872;1;0
BTB entry: 873;1;2
BTB entry: 874;0;0
BTB entry: 875;1;0
BTB entry: 876;0;0
BTB entry: 877;1;0
BTB entry: 878;1;0
BTB entry: 879;1;0
BTB entry: 880;1;0
BTB entry: 881;1;1
BTB entry: 882;1;1
BTB entry: 883;0;0
BTB entry: 884;1;0
BTB entry: 885;0;0
BTB entry: 886;1;0
BTB entry: 887;1;0
BTB entry: 888;0;0
BTB entry: 889;1;0
BTB entry: 890;0;0
BTB entry: 891;1;2
BTB entry: 892;1;5
BTB entry: 893;1;0
BTB entry: 894;0;0
BTB entry: 895;1;0
BTB entry: 896;1;1
BTB entry: 897;0;0
BTB entry: 898;1;1
BTB entry: 899;0;0
BTB entry: 900;1;0
BTB entry: 901;0;0
BTB entry: 902;0;0
BTB entry: 903;0;0
BTB entry: 904;1;1
BTB entry: 905;0;0
BTB entry: 906;0;0
BTB entry: 907;1;1
BTB entry: 908;1;1
BTB entry: 909;0;0
BTB entry: 910;1;1
BTB entry: 911;1;0
BTB entry: 912;1;1
BTB entry: 913;1;1
BTB entry: 914;1;0
BTB entry: 915;1;0
BTB entry: 916;1;0
BTB entry: 917;0;0
BTB entry: 918;0;0
BTB entry: 919;1;0
BTB entry: 920;1;0
BTB entry: 921;1;0
BTB entry: 922;1;1
BTB entry: 923;0;0
BTB entry: 924;0;0
BTB entry: 925;1;0
BTB entry: 926;1;6
BTB entry: 927;1;0
BTB entry: 928;0;0
BTB entry: 929;1;0
BTB entry: 930;1;206
BTB entry: 931;1;1
BTB entry: 932;1;0
BTB entry: 933;0;0
BTB entry: 934;1;0
BTB entry: 935;0;0
BTB entry: 936;1;0
BTB entry: 937;1;0
BTB entry: 938;1;6
BTB entry: 939;1;1
BTB entry: 940;1;0
BTB entry: 941;0;0
BTB entry: 942;0;0
BTB entry: 943;1;3
BTB entry: 944;1;2
BTB entry: 945;0;0
BTB entry: 946;1;1
BTB entry: 947;1;1
BTB entry: 948;1;1
BTB entry: 949;1;1
BTB entry: 950;1;0
BTB entry: 951;0;0
BTB entry: 952;1;0
BTB entry: 953;1;0
BTB entry: 954;1;0
BTB entry: 955;0;0
BTB entry: 956;1;0
BTB entry: 957;1;1
BTB entry: 958;1;1
BTB entry: 959;1;5
BTB entry: 960;0;0
BTB entry: 961;0;0
BTB entry: 962;0;0
BTB entry: 963;1;0
BTB entry: 964;1;2
BTB entry: 965;1;0
BTB entry: 966;1;0
BTB entry: 967;0;0
BTB entry: 968;1;1
BTB entry: 969;0;0
BTB entry: 970;1;4
BTB entry: 971;1;1
BTB entry: 972;0;0
BTB entry: 973;1;1
BTB entry: 974;0;0
BTB entry: 975;0;0
BTB entry: 976;1;3
BTB entry: 977;0;0
BTB entry: 978;0;0
BTB entry: 979;0;0
BTB entry: 980;1;1
BTB entry: 981;1;0
BTB entry: 982;1;0
BTB entry: 983;1;0
BTB entry: 984;1;0
BTB entry: 985;1;1
BTB entry: 986;0;0
BTB entry: 987;1;3
BTB entry: 988;1;0
BTB entry: 989;1;0
BTB entry: 990;1;0
BTB entry: 991;1;0
BTB entry: 992;1;5
BTB entry: 993;0;0
BTB entry: 994;1;0
BTB entry: 995;0;0
BTB entry: 996;1;1
BTB entry: 997;1;1
BTB entry: 998;0;0
BTB entry: 999;0;0
BTB entry: 1000;1;1
BTB entry: 1001;1;2
BTB entry: 1002;1;0
BTB entry: 1003;1;0
BTB entry: 1004;0;0
BTB entry: 1005;1;0
BTB entry: 1006;1;1
BTB entry: 1007;1;0
BTB entry: 1008;1;1
BTB entry: 1009;0;0
BTB entry: 1010;0;0
BTB entry: 1011;0;0
BTB entry: 1012;0;0
BTB entry: 1013;0;0
BTB entry: 1014;1;1
BTB entry: 1015;0;0
BTB entry: 1016;1;1
BTB entry: 1017;0;0
BTB entry: 1018;1;0
BTB entry: 1019;1;1
BTB entry: 1020;1;2
BTB entry: 1021;1;0
BTB entry: 1022;0;0
BTB entry: 1023;0;0
