Reason: limit reached
Count Seen: 2000000
Count Taken: 1384400
Count Correct: 1668086
Count Replaced: 15730
Count Missed: 16653
percentage correct: 83.4043
percentage missed: 0.83265
BTB size is : 1024
BTB entry: 0;0;0
BTB entry: 1;1;0
BTB entry: 2;1;1
BTB entry: 3;1;3
BTB entry: 4;0;0
BTB entry: 5;0;0
BTB entry: 6;1;1
BTB entry: 7;1;4
BTB entry: 8;1;6
BTB entry: 9;1;1
BTB entry: 10;1;1
BTB entry: 11;1;0
BTB entry: 12;1;1
BTB entry: 13;1;0
BTB entry: 14;1;3
BTB entry: 15;0;0
BTB entry: 16;1;1
BTB entry: 17;0;0
BTB entry: 18;1;21
BTB entry: 19;1;2
BTB entry: 20;1;2
BTB entry: 21;1;0
BTB entry: 22;1;10
BTB entry: 23;1;1
BTB entry: 24;1;2
BTB entry: 25;1;0
BTB entry: 26;1;3
BTB entry: 27;1;5
BTB entry: 28;1;1
BTB entry: 29;1;2
BTB entry: 30;1;0
BTB entry: 31;1;1
BTB entry: 32;1;0
BTB entry: 33;1;1
BTB entry: 34;1;1
BTB entry: 35;1;3
BTB entry: 36;1;0
BTB entry: 37;1;2
BTB entry: 38;1;2
BTB entry: 39;1;0
BTB entry: 40;1;8
BTB entry: 41;1;1
BTB entry: 42;1;0
BTB entry: 43;1;0
BTB entry: 44;1;1
BTB entry: 45;1;2
BTB entry: 46;0;0
BTB entry: 47;1;1
BTB entry: 48;1;1
BTB entry: 49;1;2
BTB entry: 50;1;5
BTB entry: 51;1;4
BTB entry: 52;1;4
BTB entry: 53;1;1
BTB entry: 54;1;0
BTB entry: 55;1;1
BTB entry: 56;1;3
BTB entry: 57;1;1
BTB entry: 58;1;2
BTB entry: 59;0;0
BTB entry: 60;0;0
BTB entry: 61;1;1
BTB entry: 62;1;1
BTB entry: 63;1;1
BTB entry: 64;1;2
BTB entry: 65;1;2
BTB entry: 66;1;0
BTB entry: 67;1;0
BTB entry: 68;1;2
BTB entry: 69;1;5
BTB entry: 70;0;0
BTB entry: 71;1;0
BTB entry: 72;1;2
BTB entry: 73;1;1
BTB entry: 74;1;6
BTB entry: 75;1;3
BTB entry: 76;1;0
BTB entry: 77;1;0
BTB entry: 78;1;2
BTB entry: 79;1;2
BTB entry: 80;1;0
BTB entry: 81;1;1
BTB entry: 82;1;0
BTB entry: 83;1;0
BTB entry: 84;0;0
BTB entry: 85;0;0
BTB entry: 86;1;3
BTB entry: 87;1;3
BTB entry: 88;1;1
BTB entry: 89;1;0
BTB entry: 90;0;0
BTB entry: 91;1;4
BTB entry: 92;1;11
BTB entry: 93;1;2
BTB entry: 94;1;2
BTB entry: 95;1;0
BTB entry: 96;1;4
BTB entry: 97;1;4
BTB entry: 98;1;1
BTB entry: 99;1;0
BTB entry: 100;1;3
BTB entry: 101;1;1
BTB entry: 102;0;0
BTB entry: 103;1;0
BTB entry: 104;1;2
BTB entry: 105;1;1
BTB entry: 106;1;1
BTB entry: 107;1;2
BTB entry: 108;1;1
BTB entry: 109;1;1
BTB entry: 110;1;1
BTB entry: 111;1;0
BTB entry: 112;1;6
BTB entry: 113;1;0
BTB entry: 114;1;6
BTB entry: 115;1;0
BTB entry: 116;0;0
BTB entry: 117;1;1
BTB entry: 118;1;2
BTB entry: 119;1;2
BTB entry: 120;1;1
BTB entry: 121;1;1
BTB entry: 122;1;0
BTB entry: 123;1;0
BTB entry: 124;1;2
BTB entry: 125;1;3
BTB entry: 126;1;2
BTB entry: 127;1;2
BTB entry: 128;1;1
BTB entry: 129;0;0
BTB entry: 130;1;0
BTB entry: 131;1;1
BTB entry: 132;0;0
BTB entry: 133;1;1
BTB entry: 134;1;3
BTB entry: 135;1;2
BTB entry: 136;1;0
BTB entry: 137;1;1
BTB entry: 138;1;8
BTB entry: 139;1;0
BTB entry: 140;1;1
BTB entry: 141;1;1
BTB entry: 142;1;2
BTB entry: 143;1;0
BTB entry: 144;1;2
BTB entry: 145;1;0
BTB entry: 146;0;0
BTB entry: 147;1;4
BTB entry: 148;1;6
BTB entry: 149;1;0
BTB entry: 150;1;0
BTB entry: 151;1;1
BTB entry: 152;1;3
BTB entry: 153;1;0
BTB entry: 154;1;8
BTB entry: 155;1;1
BTB entry: 156;1;1
BTB entry: 157;1;2
BTB entry: 158;1;0
BTB entry: 159;1;3
BTB entry: 160;1;141
BTB entry: 161;1;1
BTB entry: 162;1;1
BTB entry: 163;1;4
BTB entry: 164;1;1
BTB entry: 165;1;1
BTB entry: 166;1;0
BTB entry: 167;1;1
BTB entry: 168;1;0
BTB entry: 169;1;0
BTB entry: 170;1;2
BTB entry: 171;1;1
BTB entry: 172;1;0
BTB entry: 173;1;8
BTB entry: 174;1;0
BTB entry: 175;0;0
BTB entry: 176;0;0
BTB entry: 177;1;1
BTB entry: 178;1;1
BTB entry: 179;1;12
BTB entry: 180;1;2
BTB entry: 181;1;1
BTB entry: 182;0;0
BTB entry: 183;1;2
BTB entry: 184;1;0
BTB entry: 185;1;1
BTB entry: 186;1;0
BTB entry: 187;1;1
BTB entry: 188;1;3
BTB entry: 189;1;0
BTB entry: 190;1;2
BTB entry: 191;1;1
BTB entry: 192;1;0
BTB entry: 193;1;1
BTB entry: 194;1;0
BTB entry: 195;1;3
BTB entry: 196;1;0
BTB entry: 197;1;1
BTB entry: 198;1;1
BTB entry: 199;1;2
BTB entry: 200;1;0
BTB entry: 201;1;10
BTB entry: 202;1;3
BTB entry: 203;1;615
BTB entry: 204;1;3
BTB entry: 205;0;0
BTB entry: 206;1;3
BTB entry: 207;1;5
BTB entry: 208;1;1
BTB entry: 209;1;0
BTB entry: 210;1;2
BTB entry: 211;1;0
BTB entry: 212;1;4
BTB entry: 213;1;1
BTB entry: 214;1;0
BTB entry: 215;0;0
BTB entry: 216;1;2
BTB entry: 217;1;1
BTB entry: 218;1;3
BTB entry: 219;1;0
BTB entry: 220;1;5
BTB entry: 221;1;4
BTB entry: 222;1;2
BTB entry: 223;1;2
BTB entry: 224;1;1
BTB entry: 225;0;0
BTB entry: 226;1;3
BTB entry: 227;1;0
BTB entry: 228;1;610
BTB entry: 229;1;1
BTB entry: 230;1;3
BTB entry: 231;1;1
BTB entry: 232;1;3
BTB entry: 233;1;0
BTB entry: 234;1;1
BTB entry: 235;1;4
BTB entry: 236;1;5
BTB entry: 237;1;2
BTB entry: 238;1;1
BTB entry: 239;1;2
BTB entry: 240;1;1
BTB entry: 241;1;1
BTB entry: 242;1;2
BTB entry: 243;1;4
BTB entry: 244;1;1
BTB entry: 245;0;0
BTB entry: 246;1;0
BTB entry: 247;1;1
BTB entry: 248;0;0
BTB entry: 249;0;0
BTB entry: 250;1;3
BTB entry: 251;1;3
BTB entry: 252;1;1
BTB entry: 253;0;0
BTB entry: 254;1;1
BTB entry: 255;1;6
BTB entry: 256;1;0
BTB entry: 257;1;0
BTB entry: 258;1;4
BTB entry: 259;1;6
BTB entry: 260;1;1
BTB entry: 261;1;1
BTB entry: 262;1;3
BTB entry: 263;1;2
BTB entry: 264;1;3
BTB entry: 265;1;1
BTB entry: 266;1;10
BTB entry: 267;1;1
BTB entry: 268;1;0
BTB entry: 269;1;2
BTB entry: 270;1;0
BTB entry: 271;1;0
BTB entry: 272;1;2
BTB entry: 273;1;2
BTB entry: 274;1;5
BTB entry: 275;1;1
BTB entry: 276;1;3
BTB entry: 277;1;1
BTB entry: 278;1;1
BTB entry: 279;1;2
BTB entry: 280;1;17
BTB entry: 281;1;0
BTB entry: 282;1;1
BTB entry: 283;1;4
BTB entry: 284;1;4
BTB entry: 285;1;0
BTB entry: 286;1;4
BTB entry: 287;1;0
BTB entry: 288;1;0
BTB entry: 289;1;1
BTB entry: 290;1;1
BTB entry: 291;1;3
BTB entry: 292;1;2
BTB entry: 293;1;2
BTB entry: 294;1;1
BTB entry: 295;1;8
BTB entry: 296;1;6
BTB entry: 297;0;0
BTB entry: 298;1;1
BTB entry: 299;1;8
BTB entry: 300;0;0
BTB entry: 301;0;0
BTB entry: 302;1;1
BTB entry: 303;1;11
BTB entry: 304;1;2
BTB entry: 305;1;0
BTB entry: 306;1;2
BTB entry: 307;1;3
BTB entry: 308;1;6
BTB entry: 309;1;13
BTB entry: 310;1;10
BTB entry: 311;1;1
BTB entry: 312;1;2
BTB entry: 313;0;0
BTB entry: 314;1;3
BTB entry: 315;1;2
BTB entry: 316;1;4
BTB entry: 317;0;0
BTB entry: 318;1;8
BTB entry: 319;1;1
BTB entry: 320;1;0
BTB entry: 321;1;0
BTB entry: 322;1;2
BTB entry: 323;1;0
BTB entry: 324;1;2
BTB entry: 325;1;4
BTB entry: 326;1;2
BTB entry: 327;1;1
BTB entry: 328;1;0
BTB entry: 329;1;0
BTB entry: 330;1;1
BTB entry: 331;1;1
BTB entry: 332;1;1
BTB entry: 333;1;1
BTB entry: 334;1;0
BTB entry: 335;1;1
BTB entry: 336;1;23
BTB entry: 337;1;1
BTB entry: 338;1;0
BTB entry: 339;1;0
BTB entry: 340;0;0
BTB entry: 341;1;1
BTB entry: 342;1;1
BTB entry: 343;1;1
BTB entry: 344;1;5
BTB entry: 345;1;1
BTB entry: 346;1;1
BTB entry: 347;1;5
BTB entry: 348;1;1
BTB entry: 349;1;1
BTB entry: 350;1;4
BTB entry: 351;1;3
BTB entry: 352;1;1
BTB entry: 353;1;0
BTB entry: 354;1;2
BTB entry: 355;1;1
BTB entry: 356;1;0
BTB entry: 357;1;1
BTB entry: 358;1;0
BTB entry: 359;1;2
BTB entry: 360;1;4
BTB entry: 361;1;1
BTB entry: 362;1;2
BTB entry: 363;1;3
BTB entry: 364;0;0
BTB entry: 365;1;1
BTB entry: 366;1;0
BTB entry: 367;1;2
BTB entry: 368;1;1
BTB entry: 369;1;0
BTB entry: 370;1;1
BTB entry: 371;1;2
BTB entry: 372;1;2
BTB entry: 373;1;0
BTB entry: 374;1;3
BTB entry: 375;1;8
BTB entry: 376;1;10
BTB entry: 377;1;0
BTB entry: 378;0;0
BTB entry: 379;1;2
BTB entry: 380;1;0
BTB entry: 381;1;0
BTB entry: 382;1;4
BTB entry: 383;1;1
BTB entry: 384;1;2
BTB entry: 385;1;0
BTB entry: 386;1;0
BTB entry: 387;1;0
BTB entry: 388;1;0
BTB entry: 389;1;13
BTB entry: 390;1;4
BTB entry: 391;0;0
BTB entry: 392;1;4
BTB entry: 393;1;2
BTB entry: 394;1;5
BTB entry: 395;0;0
BTB entry: 396;1;3
BTB entry: 397;0;0
BTB entry: 398;1;6
BTB entry: 399;1;0
BTB entry: 400;1;3
BTB entry: 401;1;4
BTB entry: 402;1;3
BTB entry: 403;1;2
BTB entry: 404;1;6
BTB entry: 405;1;1
BTB entry: 406;1;1
BTB entry: 407;1;0
BTB entry: 408;0;0
BTB entry: 409;1;2
BTB entry: 410;1;2
BTB entry: 411;1;1
BTB entry: 412;1;0
BTB entry: 413;1;1
BTB entry: 414;1;2
BTB entry: 415;1;1
BTB entry: 416;0;0
BTB entry: 417;1;3
BTB entry: 418;0;0
BTB entry: 419;1;1
BTB entry: 420;1;1
BTB entry: 421;1;2
BTB entry: 422;1;3
BTB entry: 423;0;0
BTB entry: 424;1;2
BTB entry: 425;0;0
BTB entry: 426;1;1
BTB entry: 427;1;2
BTB entry: 428;1;2
BTB entry: 429;1;5
BTB entry: 430;1;4
BTB entry: 431;1;1
BTB entry: 432;1;1
BTB entry: 433;0;0
BTB entry: 434;1;1
BTB entry: 435;1;4
BTB entry: 436;1;1
BTB entry: 437;1;1
BTB entry: 438;1;2
BTB entry: 439;1;3
BTB entry: 440;1;3
BTB entry: 441;1;0
BTB entry: 442;0;0
BTB entry: 443;1;2
BTB entry: 444;1;2
BTB entry: 445;1;0
BTB entry: 446;1;1
BTB entry: 447;1;1
BTB entry: 448;1;6
BTB entry: 449;0;0
BTB entry: 450;1;2
BTB entry: 451;1;3
BTB entry: 452;1;3
BTB entry: 453;1;0
BTB entry: 454;1;3
BTB entry: 455;1;2
BTB entry: 456;1;1
BTB entry: 457;1;1
BTB entry: 458;1;0
BTB entry: 459;1;0
BTB entry: 460;1;0
BTB entry: 461;1;1
BTB entry: 462;1;3
BTB entry: 463;1;2
BTB entry: 464;1;6
BTB entry: 465;0;0
BTB entry: 466;1;3
BTB entry: 467;1;16
BTB entry: 468;1;0
BTB entry: 469;1;2
BTB entry: 470;0;0
BTB entry: 471;1;0
BTB entry: 472;1;1
BTB entry: 473;1;0
BTB entry: 474;1;1
BTB entry: 475;1;3
BTB entry: 476;1;1
BTB entry: 477;1;0
BTB entry: 478;1;2
BTB entry: 479;1;0
BTB entry: 480;1;0
BTB entry: 481;1;2
BTB entry: 482;1;2
BTB entry: 483;1;2
BTB entry: 484;1;3
BTB entry: 485;1;0
BTB entry: 486;1;1
BTB entry: 487;0;0
BTB entry: 488;1;2
BTB entry: 489;1;0
BTB entry: 490;1;2
BTB entry: 491;1;0
BTB entry: 492;0;0
BTB entry: 493;1;4
BTB entry: 494;1;3
BTB entry: 495;1;2
BTB entry: 496;1;3
BTB entry: 497;1;1
BTB entry: 498;1;1
BTB entry: 499;1;0
BTB entry: 500;0;0
BTB entry: 501;1;0
BTB entry: 502;0;0
BTB entry: 503;1;3
BTB entry: 504;1;3
BTB entry: 505;0;0
BTB entry: 506;1;3
BTB entry: 507;1;0
BTB entry: 508;1;0
BTB entry: 509;0;0
BTB entry: 510;1;1
BTB entry: 511;1;0
BTB entry: 512;1;2
BTB entry: 513;1;0
BTB entry: 514;1;0
BTB entry: 515;1;3
BTB entry: 516;1;1
BTB entry: 517;1;2
BTB entry: 518;1;0
BTB entry: 519;1;0
BTB entry: 520;1;2
BTB entry: 521;1;6
BTB entry: 522;1;1
BTB entry: 523;1;0
BTB entry: 524;1;0
BTB entry: 525;1;2
BTB entry: 526;1;1
BTB entry: 527;1;0
BTB entry: 528;1;1
BTB entry: 529;1;2
BTB entry: 530;1;1
BTB entry: 531;1;4
BTB entry: 532;1;1
BTB entry: 533;1;24
BTB entry: 534;1;2
BTB entry: 535;1;0
BTB entry: 536;1;1
BTB entry: 537;1;0
BTB entry: 538;1;1
BTB entry: 539;1;0
BTB entry: 540;1;2
BTB entry: 541;1;2
BTB entry: 542;1;3
BTB entry: 543;1;1
BTB entry: 544;0;0
BTB entry: 545;1;0
BTB entry: 546;1;3
BTB entry: 547;1;1
BTB entry: 548;1;0
BTB entry: 549;1;4
BTB entry: 550;1;4
BTB entry: 551;1;0
BTB entry: 552;0;0
BTB entry: 553;1;0
BTB entry: 554;1;8
BTB entry: 555;1;1
BTB entry: 556;1;4
BTB entry: 557;1;2
BTB entry: 558;1;2
BTB entry: 559;1;0
BTB entry: 560;0;0
BTB entry: 561;1;0
BTB entry: 562;0;0
BTB entry: 563;1;1
BTB entry: 564;1;0
BTB entry: 565;1;0
BTB entry: 566;0;0
BTB entry: 567;1;2
BTB entry: 568;1;5
BTB entry: 569;1;4
BTB entry: 570;1;1
BTB entry: 571;1;0
BTB entry: 572;1;3
BTB entry: 573;1;2
BTB entry: 574;0;0
BTB entry: 575;0;0
BTB entry: 576;1;0
BTB entry: 577;1;7
BTB entry: 578;1;0
BTB entry: 579;1;5
BTB entry: 580;1;4
BTB entry: 581;1;4
BTB entry: 582;1;1
BTB entry: 583;1;2
BTB entry: 584;1;3
BTB entry: 585;1;0
BTB entry: 586;1;2
BTB entry: 587;1;2
BTB entry: 588;0;0
BTB entry: 589;1;4
BTB entry: 590;1;1
BTB entry: 591;1;2
BTB entry: 592;1;3
BTB entry: 593;1;1
BTB entry: 594;1;0
BTB entry: 595;1;4
BTB entry: 596;1;1
BTB entry: 597;1;0
BTB entry: 598;1;0
BTB entry: 599;1;1
BTB entry: 600;1;2
BTB entry: 601;1;4
BTB entry: 602;1;1
BTB entry: 603;1;0
BTB entry: 604;1;1
BTB entry: 605;1;3
BTB entry: 606;1;3
BTB entry: 607;1;2
BTB entry: 608;1;4
BTB entry: 609;0;0
BTB entry: 610;1;1
BTB entry: 611;1;13
BTB entry: 612;1;3
BTB entry: 613;1;2
BTB entry: 614;1;0
BTB entry: 615;1;0
BTB entry: 616;1;2
BTB entry: 617;1;1
BTB entry: 618;1;4
BTB entry: 619;1;0
BTB entry: 620;1;0
BTB entry: 621;1;0
BTB entry: 622;1;1
BTB entry: 623;1;2
BTB entry: 624;1;5
BTB entry: 625;1;2
BTB entry: 626;1;3
BTB entry: 627;0;0
BTB entry: 628;1;1
BTB entry: 629;1;3
BTB entry: 630;1;2
BTB entry: 631;1;3
BTB entry: 632;1;0
BTB entry: 633;1;0
BTB entry: 634;1;1
BTB entry: 635;1;1
BTB entry: 636;1;1
BTB entry: 637;1;0
BTB entry: 638;1;1
BTB entry: 639;1;34
BTB entry: 640;1;2
BTB entry: 641;1;1
BTB entry: 642;1;1
BTB entry: 643;1;3
BTB entry: 644;1;1
BTB entry: 645;1;2
BTB entry: 646;1;10
BTB entry: 647;1;7
BTB entry: 648;1;1
BTB entry: 649;1;19
BTB entry: 650;1;0
BTB entry: 651;1;4
BTB entry: 652;1;4
BTB entry: 653;1;0
BTB entry: 654;1;12
BTB entry: 655;1;0
BTB entry: 656;1;4
BTB entry: 657;1;9
BTB entry: 658;1;2
BTB entry: 659;1;2
BTB entry: 660;1;2
BTB entry: 661;1;1
BTB entry: 662;1;1
BTB entry: 663;0;0
BTB entry: 664;1;2
BTB entry: 665;1;2
BTB entry: 666;1;1
BTB entry: 667;1;3
BTB entry: 668;1;3
BTB entry: 669;1;1
BTB entry: 670;1;7
BTB entry: 671;0;0
BTB entry: 672;1;0
BTB entry: 673;1;4
BTB entry: 674;1;1
BTB entry: 675;1;1
BTB entry: 676;1;3
BTB entry: 677;0;0
BTB entry: 678;1;3
BTB entry: 679;1;2
BTB entry: 680;1;12
BTB entry: 681;1;3
BTB entry: 682;1;8
BTB entry: 683;1;0
BTB entry: 684;1;0
BTB entry: 685;1;1
BTB entry: 686;1;2
BTB entry: 687;1;8
BTB entry: 688;1;3
BTB entry: 689;1;0
BTB entry: 690;1;3
BTB entry: 691;1;2
BTB entry: 692;1;3
BTB entry: 693;1;5
BTB entry: 694;1;6
BTB entry: 695;1;2
BTB entry: 696;1;0
BTB entry: 697;1;3
BTB entry: 698;1;1
BTB entry: 699;1;0
BTB entry: 700;1;1
BTB entry: 701;1;0
BTB entry: 702;1;4
BTB entry: 703;1;4
BTB entry: 704;1;2
BTB entry: 705;1;2
BTB entry: 706;1;0
BTB entry: 707;1;3
BTB entry: 708;0;0
BTB entry: 709;1;0
BTB entry: 710;1;0
BTB entry: 711;1;0
BTB entry: 712;1;1
BTB entry: 713;1;4
BTB entry: 714;1;0
BTB entry: 715;1;2
BTB entry: 716;1;0
BTB entry: 717;1;2
BTB entry: 718;1;0
BTB entry: 719;1;4
BTB entry: 720;1;7
BTB entry: 721;1;0
BTB entry: 722;1;1
BTB entry: 723;1;1
BTB entry: 724;1;3
BTB entry: 725;1;1
BTB entry: 726;1;1
BTB entry: 727;1;0
BTB entry: 728;1;6
BTB entry: 729;1;0
BTB entry: 730;1;3
BTB entry: 731;1;2
BTB entry: 732;1;0
BTB entry: 733;1;1
BTB entry: 734;1;1
BTB entry: 735;1;5
BTB entry: 736;1;1
BTB entry: 737;1;0
BTB entry: 738;1;2
BTB entry: 739;1;3
BTB entry: 740;1;1
BTB entry: 741;1;1
BTB entry: 742;0;0
BTB entry: 743;0;0
BTB entry: 744;1;2
BTB entry: 745;1;3
BTB entry: 746;0;0
BTB entry: 747;1;2
BTB entry: 748;1;1
BTB entry: 749;0;0
BTB entry: 750;1;0
BTB entry: 751;1;4
BTB entry: 752;0;0
BTB entry: 753;0;0
BTB entry: 754;1;7
BTB entry: 755;1;1
BTB entry: 756;1;1
BTB entry: 757;1;0
BTB entry: 758;1;3
BTB entry: 759;1;0
BTB entry: 760;1;4
BTB entry: 761;1;3
BTB entry: 762;1;55
BTB entry: 763;1;3
BTB entry: 764;1;2
BTB entry: 765;1;1
BTB entry: 766;1;5
BTB entry: 767;1;1
BTB entry: 768;0;0
BTB entry: 769;1;3
BTB entry: 770;1;0
BTB entry: 771;1;2
BTB entry: 772;1;1
BTB entry: 773;1;1
BTB entry: 774;1;10
BTB entry: 775;1;3
BTB entry: 776;1;1
BTB entry: 777;0;0
BTB entry: 778;1;0
BTB entry: 779;1;1
BTB entry: 780;1;0
BTB entry: 781;1;0
BTB entry: 782;1;4
BTB entry: 783;1;0
BTB entry: 784;1;0
BTB entry: 785;0;0
BTB entry: 786;1;3
BTB entry: 787;1;3
BTB entry: 788;1;1
BTB entry: 789;0;0
BTB entry: 790;1;1
BTB entry: 791;1;1
BTB entry: 792;1;0
BTB entry: 793;1;0
BTB entry: 794;1;0
BTB entry: 795;1;1
BTB entry: 796;1;2
BTB entry: 797;1;6
BTB entry: 798;1;1
BTB entry: 799;1;2
BTB entry: 800;1;0
BTB entry: 801;1;1
BTB entry: 802;1;0
BTB entry: 803;1;4
BTB entry: 804;0;0
BTB entry: 805;1;1
BTB entry: 806;1;3
BTB entry: 807;1;0
BTB entry: 808;1;0
BTB entry: 809;1;20
BTB entry: 810;1;0
BTB entry: 811;1;0
BTB entry: 812;1;1
BTB entry: 813;1;0
BTB entry: 814;1;0
BTB entry: 815;0;0
BTB entry: 816;1;1
BTB entry: 817;1;1
BTB entry: 818;1;2
BTB entry: 819;1;2
BTB entry: 820;0;0
BTB entry: 821;1;1
BTB entry: 822;1;2
BTB entry: 823;0;0
BTB entry: 824;1;0
BTB entry: 825;1;2
BTB entry: 826;1;2
BTB entry: 827;1;0
BTB entry: 828;1;0
BTB entry: 829;1;0
BTB entry: 830;0;0
BTB entry: 831;1;4
BTB entry: 832;1;3
BTB entry: 833;1;5
BTB entry: 834;0;0
BTB entry: 835;1;1
BTB entry: 836;1;5
BTB entry: 837;1;0
BTB entry: 838;1;25
BTB entry: 839;0;0
BTB entry: 840;1;1
BTB entry: 841;1;1
BTB entry: 842;1;5
BTB entry: 843;1;0
BTB entry: 844;1;3
BTB entry: 845;1;0
BTB entry: 846;1;0
BTB entry: 847;1;6
BTB entry: 848;0;0
BTB entry: 849;1;2
BTB entry: 850;1;0
BTB entry: 851;1;8
BTB entry: 852;1;1
BTB entry: 853;1;3
BTB entry: 854;1;0
BTB entry: 855;1;2
BTB entry: 856;1;0
BTB entry: 857;1;2
BTB entry: 858;1;4
BTB entry: 859;0;0
BTB entry: 860;0;0
BTB entry: 861;1;1
BTB entry: 862;1;7
BTB entry: 863;1;0
BTB entry: 864;1;4
BTB entry: 865;1;0
BTB entry: 866;1;1
BTB entry: 867;1;3
BTB entry: 868;1;2
BTB entry: 869;1;0
BTB entry: 870;1;2
BTB entry: 871;1;2
BTB entry: 872;1;2
BTB entry: 873;1;3
BTB entry: 874;0;0
BTB entry: 875;1;4
BTB entry: 876;1;0
BTB entry: 877;1;0
BTB entry: 878;1;1
BTB entry: 879;1;0
BTB entry: 880;0;0
BTB entry: 881;1;2
BTB entry: 882;1;1
BTB entry: 883;0;0
BTB entry: 884;1;2
BTB entry: 885;0;0
BTB entry: 886;1;1
BTB entry: 887;1;4
BTB entry: 888;1;1
BTB entry: 889;1;1
BTB entry: 890;1;1
BTB entry: 891;1;2
BTB entry: 892;1;6
BTB entry: 893;1;6
BTB entry: 894;0;0
BTB entry: 895;1;1
BTB entry: 896;1;0
BTB entry: 897;1;1
BTB entry: 898;1;1
BTB entry: 899;1;0
BTB entry: 900;1;1
BTB entry: 901;1;0
BTB entry: 902;0;0
BTB entry: 903;1;2
BTB entry: 904;1;2
BTB entry: 905;0;0
BTB entry: 906;1;1
BTB entry: 907;1;0
BTB entry: 908;1;3
BTB entry: 909;1;11861
BTB entry: 910;1;1
BTB entry: 911;1;1
BTB entry: 912;1;0
BTB entry: 913;1;0
BTB entry: 914;1;0
BTB entry: 915;1;3
BTB entry: 916;1;2
BTB entry: 917;1;3
BTB entry: 918;1;0
BTB entry: 919;0;0
BTB entry: 920;1;1
BTB entry: 921;1;1
BTB entry: 922;1;2
BTB entry: 923;1;0
BTB entry: 924;0;0
BTB entry: 925;1;1
BTB entry: 926;1;10
BTB entry: 927;1;1
BTB entry: 928;1;0
BTB entry: 929;1;233
BTB entry: 930;1;248
BTB entry: 931;1;2
BTB entry: 932;1;2
BTB entry: 933;1;0
BTB entry: 934;1;1
BTB entry: 935;1;0
BTB entry: 936;1;4
BTB entry: 937;1;2
BTB entry: 938;1;9
BTB entry: 939;1;4
BTB entry: 940;0;0
BTB entry: 941;1;1
BTB entry: 942;1;0
BTB entry: 943;1;8
BTB entry: 944;1;10
BTB entry: 945;1;1
BTB entry: 946;1;2
BTB entry: 947;1;1
BTB entry: 948;1;1
BTB entry: 949;1;1
BTB entry: 950;1;1
BTB entry: 951;1;2
BTB entry: 952;1;1
BTB entry: 953;1;2
BTB entry: 954;1;3
BTB entry: 955;0;0
BTB entry: 956;1;2
BTB entry: 957;1;2
BTB entry: 958;1;3
BTB entry: 959;1;7
BTB entry: 960;1;1
BTB entry: 961;1;0
BTB entry: 962;1;0
BTB entry: 963;1;4
BTB entry: 964;1;2
BTB entry: 965;1;0
BTB entry: 966;1;1
BTB entry: 967;1;0
BTB entry: 968;1;3
BTB entry: 969;1;1
BTB entry: 970;1;4
BTB entry: 971;1;1
BTB entry: 972;1;2
BTB entry: 973;1;4
BTB entry: 974;1;0
BTB entry: 975;1;1
BTB entry: 976;1;2
BTB entry: 977;1;6
BTB entry: 978;1;1
BTB entry: 979;1;2
BTB entry: 980;1;1
BTB entry: 981;1;2
BTB entry: 982;1;0
BTB entry: 983;1;0
BTB entry: 984;1;4
BTB entry: 985;1;2
BTB entry: 986;1;0
BTB entry: 987;1;3
BTB entry: 988;1;2
BTB entry: 989;1;0
BTB entry: 990;1;3
BTB entry: 991;1;1
BTB entry: 992;1;6
BTB entry: 993;1;1
BTB entry: 994;1;2
BTB entry: 995;0;0
BTB entry: 996;1;2
BTB entry: 997;1;2
BTB entry: 998;1;0
BTB entry: 999;1;2
BTB entry: 1000;1;2
BTB entry: 1001;1;10
BTB entry: 1002;1;1
BTB entry: 1003;1;3
BTB entry: 1004;1;2
BTB entry: 1005;1;0
BTB entry: 1006;1;6
BTB entry: 1007;1;0
BTB entry: 1008;1;1
BTB entry: 1009;0;0
BTB entry: 1010;1;5
BTB entry: 1011;1;1
BTB entry: 1012;1;0
BTB entry: 1013;1;1
BTB entry: 1014;1;7
BTB entry: 1015;1;0
BTB entry: 1016;1;3
BTB entry: 1017;1;1
BTB entry: 1018;1;1
BTB entry: 1019;1;1
BTB entry: 1020;1;1
BTB entry: 1021;1;0
BTB entry: 1022;1;1
BTB entry: 1023;1;0
