Reason: limit reached
Count Seen: 2000000
Count Taken: 1158280
Count Correct: 1388650
Count Replaced: 38686
Count Missed: 39682
percentage correct: 69.4325
percentage missed: 1.9841
BTB size is : 1024
BTB entry: 0;1;44
BTB entry: 1;0;0
BTB entry: 2;1;2
BTB entry: 3;1;2
BTB entry: 4;1;1
BTB entry: 5;1;122
BTB entry: 6;1;4
BTB entry: 7;1;46
BTB entry: 8;1;9
BTB entry: 9;1;6
BTB entry: 10;1;125
BTB entry: 11;1;19
BTB entry: 12;1;4
BTB entry: 13;1;2
BTB entry: 14;1;2
BTB entry: 15;1;27
BTB entry: 16;1;264
BTB entry: 17;0;0
BTB entry: 18;1;3
BTB entry: 19;1;3
BTB entry: 20;1;7
BTB entry: 21;1;128
BTB entry: 22;1;164
BTB entry: 23;1;1
BTB entry: 24;1;1
BTB entry: 25;1;126
BTB entry: 26;1;2
BTB entry: 27;1;6
BTB entry: 28;1;6
BTB entry: 29;1;1
BTB entry: 30;1;2
BTB entry: 31;1;1
BTB entry: 32;1;7
BTB entry: 33;1;5
BTB entry: 34;1;2
BTB entry: 35;1;3
BTB entry: 36;1;2
BTB entry: 37;1;6
BTB entry: 38;1;1
BTB entry: 39;1;2
BTB entry: 40;1;3
BTB entry: 41;1;9
BTB entry: 42;1;0
BTB entry: 43;1;5
BTB entry: 44;1;2
BTB entry: 45;1;4
BTB entry: 46;1;0
BTB entry: 47;1;1
BTB entry: 48;1;4
BTB entry: 49;1;2
BTB entry: 50;1;1
BTB entry: 51;1;4
BTB entry: 52;1;8
BTB entry: 53;1;2
BTB entry: 54;1;1
BTB entry: 55;1;396
BTB entry: 56;1;4
BTB entry: 57;1;3
BTB entry: 58;1;76
BTB entry: 59;1;0
BTB entry: 60;0;0
BTB entry: 61;1;4
BTB entry: 62;1;2
BTB entry: 63;1;3
BTB entry: 64;1;3
BTB entry: 65;1;45
BTB entry: 66;1;2
BTB entry: 67;0;0
BTB entry: 68;1;1
BTB entry: 69;1;48
BTB entry: 70;1;1
BTB entry: 71;1;3
BTB entry: 72;1;2
BTB entry: 73;1;0
BTB entry: 74;1;4
BTB entry: 75;1;0
BTB entry: 76;1;3
BTB entry: 77;1;1
BTB entry: 78;1;5
BTB entry: 79;1;3
BTB entry: 80;1;4
BTB entry: 81;1;3
BTB entry: 82;1;1
BTB entry: 83;1;1
BTB entry: 84;1;0
BTB entry: 85;1;2
BTB entry: 86;1;54
BTB entry: 87;1;8
BTB entry: 88;1;4
BTB entry: 89;1;0
BTB entry: 90;1;3
BTB entry: 91;1;2
BTB entry: 92;1;5
BTB entry: 93;1;141
BTB entry: 94;1;0
BTB entry: 95;1;43
BTB entry: 96;1;11
BTB entry: 97;1;3
BTB entry: 98;1;1
BTB entry: 99;0;0
BTB entry: 100;1;26
BTB entry: 101;1;7
BTB entry: 102;1;3
BTB entry: 103;1;0
BTB entry: 104;1;4
BTB entry: 105;1;2
BTB entry: 106;1;2
BTB entry: 107;1;3
BTB entry: 108;1;117
BTB entry: 109;1;4
BTB entry: 110;1;2
BTB entry: 111;1;36
BTB entry: 112;1;6
BTB entry: 113;1;0
BTB entry: 114;1;3
BTB entry: 115;1;0
BTB entry: 116;1;4
BTB entry: 117;1;6
BTB entry: 118;1;1
BTB entry: 119;1;1
BTB entry: 120;1;4
BTB entry: 121;1;7
BTB entry: 122;1;2
BTB entry: 123;1;2
BTB entry: 124;1;2
BTB entry: 125;1;330
BTB entry: 126;1;4
BTB entry: 127;1;4
BTB entry: 128;1;5
BTB entry: 129;1;0
BTB entry: 130;1;2
BTB entry: 131;1;35
BTB entry: 132;1;3
BTB entry: 133;1;2
BTB entry: 134;1;0
BTB entry: 135;1;4
BTB entry: 136;1;123
BTB entry: 137;1;1
BTB entry: 138;1;8
BTB entry: 139;1;3
BTB entry: 140;1;1
BTB entry: 141;1;4
BTB entry: 142;1;2
BTB entry: 143;1;6
BTB entry: 144;1;2
BTB entry: 145;1;0
BTB entry: 146;1;1
BTB entry: 147;1;1
BTB entry: 148;1;2607
BTB entry: 149;1;0
BTB entry: 150;1;3
BTB entry: 151;1;1
BTB entry: 152;1;74
BTB entry: 153;1;29
BTB entry: 154;1;14
BTB entry: 155;1;4
BTB entry: 156;1;1
BTB entry: 157;1;0
BTB entry: 158;1;1
BTB entry: 159;1;15
BTB entry: 160;1;57
BTB entry: 161;1;0
BTB entry: 162;1;2
BTB entry: 163;1;5
BTB entry: 164;1;11
BTB entry: 165;1;0
BTB entry: 166;1;2
BTB entry: 167;1;5
BTB entry: 168;1;4
BTB entry: 169;1;1
BTB entry: 170;1;5
BTB entry: 171;1;3
BTB entry: 172;1;3
BTB entry: 173;1;1
BTB entry: 174;1;2
BTB entry: 175;1;2
BTB entry: 176;1;4
BTB entry: 177;1;42
BTB entry: 178;1;3
BTB entry: 179;1;6
BTB entry: 180;1;1
BTB entry: 181;1;3
BTB entry: 182;1;0
BTB entry: 183;1;3
BTB entry: 184;1;8
BTB entry: 185;1;11
BTB entry: 186;1;1
BTB entry: 187;1;2
BTB entry: 188;1;6
BTB entry: 189;1;2
BTB entry: 190;1;4
BTB entry: 191;1;1
BTB entry: 192;1;8
BTB entry: 193;1;6
BTB entry: 194;1;6
BTB entry: 195;1;2
BTB entry: 196;1;2
BTB entry: 197;1;1
BTB entry: 198;1;7
BTB entry: 199;1;4
BTB entry: 200;1;3
BTB entry: 201;1;5
BTB entry: 202;1;133
BTB entry: 203;1;5
BTB entry: 204;1;4
BTB entry: 205;1;2
BTB entry: 206;1;7
BTB entry: 207;1;9
BTB entry: 208;1;2
BTB entry: 209;1;7
BTB entry: 210;1;2
BTB entry: 211;1;6
BTB entry: 212;1;35
BTB entry: 213;1;13
BTB entry: 214;1;27
BTB entry: 215;1;2
BTB entry: 216;1;3
BTB entry: 217;1;3
BTB entry: 218;1;4
BTB entry: 219;1;27
BTB entry: 220;1;8
BTB entry: 221;1;5
BTB entry: 222;1;2
BTB entry: 223;1;29
BTB entry: 224;0;0
BTB entry: 225;1;19
BTB entry: 226;1;6
BTB entry: 227;1;15
BTB entry: 228;1;53
BTB entry: 229;1;1
BTB entry: 230;1;3
BTB entry: 231;1;0
BTB entry: 232;1;5
BTB entry: 233;1;1
BTB entry: 234;1;74
BTB entry: 235;1;3
BTB entry: 236;1;3
BTB entry: 237;1;31
BTB entry: 238;1;1
BTB entry: 239;1;2
BTB entry: 240;1;1
BTB entry: 241;1;88
BTB entry: 242;1;659
BTB entry: 243;1;2
BTB entry: 244;1;3
BTB entry: 245;1;1
BTB entry: 246;1;11
BTB entry: 247;1;2
BTB entry: 248;1;2
BTB entry: 249;1;0
BTB entry: 250;1;1
BTB entry: 251;1;3
BTB entry: 252;1;1
BTB entry: 253;1;2
BTB entry: 254;1;4
BTB entry: 255;1;7
BTB entry: 256;1;6
BTB entry: 257;1;29
BTB entry: 258;1;5
BTB entry: 259;1;5
BTB entry: 260;0;0
BTB entry: 261;1;4
BTB entry: 262;1;9
BTB entry: 263;1;3
BTB entry: 264;1;2
BTB entry: 265;1;54
BTB entry: 266;1;11
BTB entry: 267;1;3
BTB entry: 268;1;1
BTB entry: 269;1;2
BTB entry: 270;1;0
BTB entry: 271;1;0
BTB entry: 272;1;6
BTB entry: 273;1;2
BTB entry: 274;1;65
BTB entry: 275;1;2
BTB entry: 276;1;5
BTB entry: 277;1;2
BTB entry: 278;1;3
BTB entry: 279;1;1
BTB entry: 280;1;12
BTB entry: 281;1;3
BTB entry: 282;1;0
BTB entry: 283;1;12
BTB entry: 284;1;4
BTB entry: 285;1;1
BTB entry: 286;1;3
BTB entry: 287;1;2
BTB entry: 288;1;1
BTB entry: 289;1;17
BTB entry: 290;1;251
BTB entry: 291;1;1
BTB entry: 292;1;2
BTB entry: 293;1;2
BTB entry: 294;1;3
BTB entry: 295;1;2
BTB entry: 296;1;1
BTB entry: 297;1;0
BTB entry: 298;1;5
BTB entry: 299;1;9
BTB entry: 300;1;1
BTB entry: 301;1;1
BTB entry: 302;1;70
BTB entry: 303;1;3
BTB entry: 304;1;12
BTB entry: 305;1;62
BTB entry: 306;1;4
BTB entry: 307;1;87
BTB entry: 308;1;7
BTB entry: 309;1;5
BTB entry: 310;1;9
BTB entry: 311;1;1
BTB entry: 312;1;10
BTB entry: 313;1;1
BTB entry: 314;1;52
BTB entry: 315;1;37
BTB entry: 316;1;8
BTB entry: 317;1;4
BTB entry: 318;1;8
BTB entry: 319;1;1
BTB entry: 320;1;69
BTB entry: 321;1;51
BTB entry: 322;1;4
BTB entry: 323;1;2
BTB entry: 324;1;4
BTB entry: 325;1;178
BTB entry: 326;1;2
BTB entry: 327;1;3
BTB entry: 328;1;10
BTB entry: 329;1;2
BTB entry: 330;1;3
BTB entry: 331;1;15
BTB entry: 332;1;6
BTB entry: 333;1;1
BTB entry: 334;1;4
BTB entry: 335;1;4
BTB entry: 336;1;6
BTB entry: 337;1;6
BTB entry: 338;1;3
BTB entry: 339;1;1
BTB entry: 340;1;11
BTB entry: 341;1;0
BTB entry: 342;1;1
BTB entry: 343;1;0
BTB entry: 344;1;30
BTB entry: 345;1;5
BTB entry: 346;1;3
BTB entry: 347;1;6
BTB entry: 348;1;1
BTB entry: 349;1;27
BTB entry: 350;1;2
BTB entry: 351;1;2
BTB entry: 352;1;2
BTB entry: 353;1;0
BTB entry: 354;1;259
BTB entry: 355;1;3
BTB entry: 356;1;2
BTB entry: 357;1;2
BTB entry: 358;1;7
BTB entry: 359;1;3
BTB entry: 360;1;1
BTB entry: 361;1;3
BTB entry: 362;1;3
BTB entry: 363;1;9
BTB entry: 364;0;0
BTB entry: 365;1;1
BTB entry: 366;1;7
BTB entry: 367;1;12
BTB entry: 368;1;27
BTB entry: 369;1;1
BTB entry: 370;1;6
BTB entry: 371;1;36
BTB entry: 372;1;5
BTB entry: 373;1;2
BTB entry: 374;1;3
BTB entry: 375;1;1
BTB entry: 376;1;75
BTB entry: 377;1;1
BTB entry: 378;0;0
BTB entry: 379;1;2
BTB entry: 380;1;2
BTB entry: 381;1;5
BTB entry: 382;1;10
BTB entry: 383;1;3
BTB entry: 384;1;3
BTB entry: 385;1;0
BTB entry: 386;1;73
BTB entry: 387;1;2
BTB entry: 388;1;5
BTB entry: 389;1;0
BTB entry: 390;1;3
BTB entry: 391;1;1
BTB entry: 392;1;145
BTB entry: 393;1;3
BTB entry: 394;1;2
BTB entry: 395;1;0
BTB entry: 396;1;4
BTB entry: 397;1;5
BTB entry: 398;1;9
BTB entry: 399;1;43
BTB entry: 400;1;3
BTB entry: 401;1;8
BTB entry: 402;1;8
BTB entry: 403;1;74
BTB entry: 404;1;3
BTB entry: 405;1;5
BTB entry: 406;1;1
BTB entry: 407;0;0
BTB entry: 408;1;1
BTB entry: 409;1;5
BTB entry: 410;1;0
BTB entry: 411;1;0
BTB entry: 412;1;80
BTB entry: 413;1;3
BTB entry: 414;1;2
BTB entry: 415;1;3
BTB entry: 416;1;163
BTB entry: 417;1;4
BTB entry: 418;1;5
BTB entry: 419;1;3
BTB entry: 420;1;2
BTB entry: 421;1;4
BTB entry: 422;1;27
BTB entry: 423;1;0
BTB entry: 424;1;1
BTB entry: 425;1;0
BTB entry: 426;1;3
BTB entry: 427;1;4
BTB entry: 428;1;0
BTB entry: 429;1;6
BTB entry: 430;1;6
BTB entry: 431;1;3
BTB entry: 432;1;1
BTB entry: 433;0;0
BTB entry: 434;1;19
BTB entry: 435;1;3
BTB entry: 436;1;1
BTB entry: 437;1;2
BTB entry: 438;1;30
BTB entry: 439;1;2
BTB entry: 440;1;3
BTB entry: 441;1;6
BTB entry: 442;0;0
BTB entry: 443;1;1
BTB entry: 444;1;3
BTB entry: 445;0;0
BTB entry: 446;1;11
BTB entry: 447;1;3
BTB entry: 448;1;49
BTB entry: 449;1;2
BTB entry: 450;1;2
BTB entry: 451;1;2
BTB entry: 452;1;2
BTB entry: 453;1;3
BTB entry: 454;1;6
BTB entry: 455;1;2
BTB entry: 456;1;5
BTB entry: 457;1;2
BTB entry: 458;1;2
BTB entry: 459;1;1
BTB entry: 460;1;2
BTB entry: 461;1;2
BTB entry: 462;1;6
BTB entry: 463;1;2
BTB entry: 464;1;48
BTB entry: 465;1;46
BTB entry: 466;1;205
BTB entry: 467;1;5
BTB entry: 468;1;4
BTB entry: 469;1;1
BTB entry: 470;0;0
BTB entry: 471;1;4
BTB entry: 472;1;2
BTB entry: 473;1;1
BTB entry: 474;1;4
BTB entry: 475;1;2
BTB entry: 476;1;2
BTB entry: 477;1;3
BTB entry: 478;1;6
BTB entry: 479;1;3
BTB entry: 480;1;1
BTB entry: 481;1;2
BTB entry: 482;1;1
BTB entry: 483;1;3
BTB entry: 484;1;163
BTB entry: 485;0;0
BTB entry: 486;1;1
BTB entry: 487;0;0
BTB entry: 488;1;6
BTB entry: 489;1;12
BTB entry: 490;1;4
BTB entry: 491;1;1
BTB entry: 492;1;0
BTB entry: 493;1;6
BTB entry: 494;1;9
BTB entry: 495;1;5
BTB entry: 496;1;6
BTB entry: 497;1;2
BTB entry: 498;1;1401
BTB entry: 499;1;3
BTB entry: 500;1;0
BTB entry: 501;1;2
BTB entry: 502;1;2
BTB entry: 503;1;12
BTB entry: 504;1;2
BTB entry: 505;1;941
BTB entry: 506;1;0
BTB entry: 507;1;75
BTB entry: 508;1;19
BTB entry: 509;1;52
BTB entry: 510;1;3
BTB entry: 511;1;1
BTB entry: 512;1;132
BTB entry: 513;1;0
BTB entry: 514;1;3
BTB entry: 515;1;3
BTB entry: 516;1;2
BTB entry: 517;1;6
BTB entry: 518;1;4
BTB entry: 519;1;6
BTB entry: 520;1;1
BTB entry: 521;1;5
BTB entry: 522;1;26
BTB entry: 523;1;1
BTB entry: 524;1;26
BTB entry: 525;1;2
BTB entry: 526;1;2
BTB entry: 527;1;6
BTB entry: 528;1;1
BTB entry: 529;1;3
BTB entry: 530;1;3
BTB entry: 531;1;54
BTB entry: 532;0;0
BTB entry: 533;1;28
BTB entry: 534;1;2
BTB entry: 535;1;4
BTB entry: 536;1;4
BTB entry: 537;1;3
BTB entry: 538;1;0
BTB entry: 539;1;1
BTB entry: 540;1;2
BTB entry: 541;1;27
BTB entry: 542;1;6
BTB entry: 543;1;2
BTB entry: 544;1;73
BTB entry: 545;1;18
BTB entry: 546;1;5
BTB entry: 547;1;1
BTB entry: 548;1;0
BTB entry: 549;1;123
BTB entry: 550;1;1
BTB entry: 551;1;3
BTB entry: 552;1;3
BTB entry: 553;1;1
BTB entry: 554;1;6
BTB entry: 555;1;0
BTB entry: 556;1;2
BTB entry: 557;1;81
BTB entry: 558;1;2
BTB entry: 559;1;3
BTB entry: 560;1;4
BTB entry: 561;1;36
BTB entry: 562;1;1
BTB entry: 563;1;1
BTB entry: 564;1;1
BTB entry: 565;1;3
BTB entry: 566;1;3
BTB entry: 567;1;14
BTB entry: 568;1;25
BTB entry: 569;1;2
BTB entry: 570;0;0
BTB entry: 571;0;0
BTB entry: 572;1;4
BTB entry: 573;1;2
BTB entry: 574;1;2
BTB entry: 575;1;2
BTB entry: 576;1;6
BTB entry: 577;1;31
BTB entry: 578;1;1
BTB entry: 579;1;3201
BTB entry: 580;1;1
BTB entry: 581;1;4
BTB entry: 582;1;4
BTB entry: 583;1;236
BTB entry: 584;1;3
BTB entry: 585;1;42
BTB entry: 586;1;535
BTB entry: 587;1;84
BTB entry: 588;1;1
BTB entry: 589;1;3
BTB entry: 590;1;9
BTB entry: 591;1;0
BTB entry: 592;1;90
BTB entry: 593;1;2
BTB entry: 594;1;3
BTB entry: 595;0;0
BTB entry: 596;1;0
BTB entry: 597;1;38
BTB entry: 598;1;132
BTB entry: 599;1;2
BTB entry: 600;1;3
BTB entry: 601;1;4
BTB entry: 602;1;2
BTB entry: 603;1;25
BTB entry: 604;1;33
BTB entry: 605;1;10
BTB entry: 606;1;3
BTB entry: 607;1;1
BTB entry: 608;1;18
BTB entry: 609;1;0
BTB entry: 610;1;1
BTB entry: 611;1;64
BTB entry: 612;1;31
BTB entry: 613;1;75
BTB entry: 614;1;1
BTB entry: 615;1;2
BTB entry: 616;1;4
BTB entry: 617;1;3
BTB entry: 618;1;15
BTB entry: 619;1;325
BTB entry: 620;1;32
BTB entry: 621;1;3
BTB entry: 622;0;0
BTB entry: 623;1;4
BTB entry: 624;1;1595
BTB entry: 625;1;2
BTB entry: 626;1;7
BTB entry: 627;1;427
BTB entry: 628;1;2
BTB entry: 629;1;5
BTB entry: 630;1;3
BTB entry: 631;1;5
BTB entry: 632;1;2
BTB entry: 633;1;1
BTB entry: 634;1;2
BTB entry: 635;0;0
BTB entry: 636;1;1
BTB entry: 637;1;18
BTB entry: 638;1;6
BTB entry: 639;1;25
BTB entry: 640;1;28
BTB entry: 641;1;1
BTB entry: 642;1;2
BTB entry: 643;1;2
BTB entry: 644;1;3
BTB entry: 645;1;3
BTB entry: 646;1;6
BTB entry: 647;1;9
BTB entry: 648;1;93
BTB entry: 649;1;0
BTB entry: 650;1;7
BTB entry: 651;1;1
BTB entry: 652;1;2
BTB entry: 653;1;181
BTB entry: 654;1;35
BTB entry: 655;1;1
BTB entry: 656;1;67
BTB entry: 657;1;2
BTB entry: 658;1;1
BTB entry: 659;1;5
BTB entry: 660;1;4
BTB entry: 661;1;2
BTB entry: 662;1;3
BTB entry: 663;1;3
BTB entry: 664;1;1575
BTB entry: 665;1;4
BTB entry: 666;1;6
BTB entry: 667;1;125
BTB entry: 668;1;3
BTB entry: 669;1;21
BTB entry: 670;1;5
BTB entry: 671;1;4
BTB entry: 672;1;29
BTB entry: 673;1;2
BTB entry: 674;1;44
BTB entry: 675;1;3
BTB entry: 676;1;4
BTB entry: 677;1;3
BTB entry: 678;1;4
BTB entry: 679;1;2
BTB entry: 680;1;4
BTB entry: 681;1;6
BTB entry: 682;1;6
BTB entry: 683;1;88
BTB entry: 684;1;1
BTB entry: 685;1;4
BTB entry: 686;1;5
BTB entry: 687;1;1494
BTB entry: 688;1;17
BTB entry: 689;1;1
BTB entry: 690;1;6
BTB entry: 691;1;34
BTB entry: 692;1;0
BTB entry: 693;1;3
BTB entry: 694;1;5
BTB entry: 695;1;28
BTB entry: 696;1;54
BTB entry: 697;1;9
BTB entry: 698;1;2
BTB entry: 699;1;1
BTB entry: 700;1;1
BTB entry: 701;1;9
BTB entry: 702;1;2
BTB entry: 703;1;42
BTB entry: 704;1;89
BTB entry: 705;1;5
BTB entry: 706;1;2
BTB entry: 707;1;2
BTB entry: 708;1;1
BTB entry: 709;1;1
BTB entry: 710;1;2
BTB entry: 711;1;3
BTB entry: 712;1;1
BTB entry: 713;1;32
BTB entry: 714;1;4
BTB entry: 715;1;1
BTB entry: 716;1;3
BTB entry: 717;1;2
BTB entry: 718;1;1632
BTB entry: 719;1;20
BTB entry: 720;1;7
BTB entry: 721;1;22
BTB entry: 722;1;787
BTB entry: 723;1;3
BTB entry: 724;1;3
BTB entry: 725;0;0
BTB entry: 726;1;34
BTB entry: 727;1;156
BTB entry: 728;1;2
BTB entry: 729;1;1
BTB entry: 730;1;3
BTB entry: 731;1;0
BTB entry: 732;1;89
BTB entry: 733;1;3
BTB entry: 734;1;2
BTB entry: 735;1;5
BTB entry: 736;1;147
BTB entry: 737;1;12
BTB entry: 738;0;0
BTB entry: 739;1;6
BTB entry: 740;1;0
BTB entry: 741;1;9
BTB entry: 742;1;0
BTB entry: 743;1;1
BTB entry: 744;1;7
BTB entry: 745;1;75
BTB entry: 746;1;3
BTB entry: 747;1;3
BTB entry: 748;1;30
BTB entry: 749;1;33
BTB entry: 750;1;3
BTB entry: 751;1;7
BTB entry: 752;1;0
BTB entry: 753;1;1
BTB entry: 754;1;7
BTB entry: 755;1;1
BTB entry: 756;1;2
BTB entry: 757;1;3
BTB entry: 758;1;4
BTB entry: 759;1;1
BTB entry: 760;1;15
BTB entry: 761;1;4
BTB entry: 762;1;345
BTB entry: 763;1;3
BTB entry: 764;1;78
BTB entry: 765;1;1
BTB entry: 766;1;9
BTB entry: 767;1;4
BTB entry: 768;1;55
BTB entry: 769;1;4
BTB entry: 770;1;6
BTB entry: 771;1;4
BTB entry: 772;1;2
BTB entry: 773;1;5
BTB entry: 774;1;6
BTB entry: 775;1;4
BTB entry: 776;1;0
BTB entry: 777;1;4
BTB entry: 778;1;7
BTB entry: 779;1;2
BTB entry: 780;1;1
BTB entry: 781;1;2
BTB entry: 782;1;4
BTB entry: 783;1;5
BTB entry: 784;1;374
BTB entry: 785;1;3
BTB entry: 786;1;5
BTB entry: 787;1;0
BTB entry: 788;1;5
BTB entry: 789;1;1
BTB entry: 790;1;4
BTB entry: 791;1;27
BTB entry: 792;1;2
BTB entry: 793;1;1
BTB entry: 794;1;0
BTB entry: 795;1;2
BTB entry: 796;1;2
BTB entry: 797;1;2
BTB entry: 798;1;2
BTB entry: 799;1;4
BTB entry: 800;1;1
BTB entry: 801;1;1
BTB entry: 802;1;2
BTB entry: 803;1;13
BTB entry: 804;1;3
BTB entry: 805;1;18
BTB entry: 806;1;2
BTB entry: 807;1;59
BTB entry: 808;1;2
BTB entry: 809;1;32
BTB entry: 810;1;2
BTB entry: 811;1;89
BTB entry: 812;1;4
BTB entry: 813;1;1
BTB entry: 814;1;2
BTB entry: 815;1;0
BTB entry: 816;1;4
BTB entry: 817;1;150
BTB entry: 818;1;137
BTB entry: 819;1;5
BTB entry: 820;1;0
BTB entry: 821;1;116
BTB entry: 822;1;3
BTB entry: 823;1;1
BTB entry: 824;1;1
BTB entry: 825;1;2
BTB entry: 826;1;1
BTB entry: 827;1;1116
BTB entry: 828;1;38
BTB entry: 829;1;72
BTB entry: 830;1;5
BTB entry: 831;1;3
BTB entry: 832;1;2
BTB entry: 833;1;36
BTB entry: 834;1;4
BTB entry: 835;1;2
BTB entry: 836;1;7
BTB entry: 837;1;1
BTB entry: 838;1;25
BTB entry: 839;1;2
BTB entry: 840;1;5
BTB entry: 841;1;5
BTB entry: 842;1;2
BTB entry: 843;0;0
BTB entry: 844;1;4
BTB entry: 845;1;2
BTB entry: 846;1;1
BTB entry: 847;1;7
BTB entry: 848;1;1
BTB entry: 849;1;5
BTB entry: 850;1;3
BTB entry: 851;1;2
BTB entry: 852;1;5
BTB entry: 853;1;3
BTB entry: 854;1;3
BTB entry: 855;1;2
BTB entry: 856;1;0
BTB entry: 857;1;1
BTB entry: 858;1;91
BTB entry: 859;1;161
BTB entry: 860;1;1
BTB entry: 861;1;6
BTB entry: 862;1;7
BTB entry: 863;1;5
BTB entry: 864;1;1615
BTB entry: 865;1;4
BTB entry: 866;1;0
BTB entry: 867;1;3
BTB entry: 868;1;4
BTB entry: 869;1;129
BTB entry: 870;1;2
BTB entry: 871;1;5
BTB entry: 872;1;3
BTB entry: 873;1;7
BTB entry: 874;1;4
BTB entry: 875;1;3
BTB entry: 876;1;25
BTB entry: 877;1;2
BTB entry: 878;1;4
BTB entry: 879;1;0
BTB entry: 880;1;4
BTB entry: 881;1;2
BTB entry: 882;1;2
BTB entry: 883;1;0
BTB entry: 884;1;11
BTB entry: 885;1;2
BTB entry: 886;1;2
BTB entry: 887;1;40
BTB entry: 888;1;4
BTB entry: 889;1;2
BTB entry: 890;1;26
BTB entry: 891;1;3
BTB entry: 892;1;56
BTB entry: 893;1;4
BTB entry: 894;1;2
BTB entry: 895;1;3
BTB entry: 896;1;1
BTB entry: 897;1;98
BTB entry: 898;1;7
BTB entry: 899;1;39
BTB entry: 900;1;2
BTB entry: 901;1;3
BTB entry: 902;1;87
BTB entry: 903;1;0
BTB entry: 904;1;7
BTB entry: 905;1;25
BTB entry: 906;1;3
BTB entry: 907;1;0
BTB entry: 908;1;8
BTB entry: 909;1;2
BTB entry: 910;1;11
BTB entry: 911;1;4
BTB entry: 912;1;113
BTB entry: 913;1;3
BTB entry: 914;1;0
BTB entry: 915;1;3
BTB entry: 916;1;6
BTB entry: 917;1;0
BTB entry: 918;0;0
BTB entry: 919;1;7
BTB entry: 920;1;32
BTB entry: 921;1;3
BTB entry: 922;1;166
BTB entry: 923;1;2
BTB entry: 924;1;4
BTB entry: 925;1;562
BTB entry: 926;1;8
BTB entry: 927;1;5
BTB entry: 928;1;173
BTB entry: 929;1;14
BTB entry: 930;1;232
BTB entry: 931;1;6
BTB entry: 932;1;2
BTB entry: 933;1;1
BTB entry: 934;1;0
BTB entry: 935;1;0
BTB entry: 936;1;29
BTB entry: 937;1;3
BTB entry: 938;1;6
BTB entry: 939;1;1089
BTB entry: 940;1;3
BTB entry: 941;0;0
BTB entry: 942;1;3
BTB entry: 943;1;8
BTB entry: 944;1;15
BTB entry: 945;1;51
BTB entry: 946;1;454
BTB entry: 947;1;1
BTB entry: 948;1;2
BTB entry: 949;1;5
BTB entry: 950;1;4
BTB entry: 951;1;3
BTB entry: 952;1;3
BTB entry: 953;1;5
BTB entry: 954;1;2
BTB entry: 955;1;3
BTB entry: 956;1;25
BTB entry: 957;1;4
BTB entry: 958;1;3
BTB entry: 959;1;7
BTB entry: 960;1;2
BTB entry: 961;1;1
BTB entry: 962;1;26
BTB entry: 963;1;2
BTB entry: 964;1;4
BTB entry: 965;1;4
BTB entry: 966;1;27
BTB entry: 967;1;359
BTB entry: 968;1;7
BTB entry: 969;1;2
BTB entry: 970;1;4
BTB entry: 971;1;3
BTB entry: 972;1;4
BTB entry: 973;1;1
BTB entry: 974;1;6
BTB entry: 975;1;24
BTB entry: 976;1;3
BTB entry: 977;1;4
BTB entry: 978;1;2
BTB entry: 979;1;0
BTB entry: 980;1;8
BTB entry: 981;1;4
BTB entry: 982;1;4
BTB entry: 983;1;27
BTB entry: 984;1;1
BTB entry: 985;1;3
BTB entry: 986;1;1
BTB entry: 987;1;4
BTB entry: 988;1;1
BTB entry: 989;1;0
BTB entry: 990;1;3
BTB entry: 991;1;2
BTB entry: 992;1;26
BTB entry: 993;0;0
BTB entry: 994;1;4
BTB entry: 995;1;2
BTB entry: 996;1;3
BTB entry: 997;1;4
BTB entry: 998;1;3
BTB entry: 999;1;4
BTB entry: 1000;1;119
BTB entry: 1001;1;13
BTB entry: 1002;1;5
BTB entry: 1003;1;1
BTB entry: 1004;1;1
BTB entry: 1005;1;189
BTB entry: 1006;1;1
BTB entry: 1007;1;1
BTB entry: 1008;1;16
BTB entry: 1009;1;1
BTB entry: 1010;1;2
BTB entry: 1011;1;1
BTB entry: 1012;1;147
BTB entry: 1013;1;2
BTB entry: 1014;1;2
BTB entry: 1015;1;125
BTB entry: 1016;1;2
BTB entry: 1017;1;4
BTB entry: 1018;1;1
BTB entry: 1019;1;1
BTB entry: 1020;1;3
BTB entry: 1021;1;11
BTB entry: 1022;1;379
BTB entry: 1023;1;0
